<?xml version="1.0" encoding="UTF-8"?>
<!-- Generated by org.testng.reporters.JUnitReportReporter -->
<testsuite hostname="DESKTOP-83EVOGB" failures="0" tests="1" name="com.petstore.tests.Pet.AddNewPetTest" time="8.291" errors="0" timestamp="2024-02-08T13:43:51 IST" skipped="0">
  <testcase classname="com.petstore.tests.Pet.AddNewPetTest" name="addNewPetToStore" time="8.291"/>
</testsuite> <!-- com.petstore.tests.Pet.AddNewPetTest -->
