<?xml version="1.0" encoding="UTF-8"?>
<testsuite xmlns:xsi="http://www.w3.org/2001/XMLSchema-instance" xsi:noNamespaceSchemaLocation="https://maven.apache.org/surefire/maven-surefire-plugin/xsd/surefire-test-report-3.0.xsd" version="3.0" name="TestSuite" time="36.88" tests="19" errors="0" skipped="0" failures="2">
  <properties>
    <property name="java.specification.version" value="17"/>
    <property name="sun.cpu.isalist" value="amd64"/>
    <property name="sun.jnu.encoding" value="Cp1252"/>
    <property name="java.class.path" value="C:\Users\HOME\Desktop\pet\target\test-classes;C:\Users\HOME\Desktop\pet\target\classes;C:\Users\HOME\.m2\repository\io\rest-assured\rest-assured\5.4.0\rest-assured-5.4.0.jar;C:\Users\HOME\.m2\repository\org\apache\groovy\groovy\4.0.16\groovy-4.0.16.jar;C:\Users\HOME\.m2\repository\org\apache\groovy\groovy-xml\4.0.16\groovy-xml-4.0.16.jar;C:\Users\HOME\.m2\repository\org\apache\httpcomponents\httpclient\4.5.13\httpclient-4.5.13.jar;C:\Users\HOME\.m2\repository\org\apache\httpcomponents\httpcore\4.4.13\httpcore-4.4.13.jar;C:\Users\HOME\.m2\repository\commons-logging\commons-logging\1.2\commons-logging-1.2.jar;C:\Users\HOME\.m2\repository\commons-codec\commons-codec\1.11\commons-codec-1.11.jar;C:\Users\HOME\.m2\repository\org\apache\httpcomponents\httpmime\4.5.13\httpmime-4.5.13.jar;C:\Users\HOME\.m2\repository\org\hamcrest\hamcrest\2.2\hamcrest-2.2.jar;C:\Users\HOME\.m2\repository\org\ccil\cowan\tagsoup\tagsoup\1.2.1\tagsoup-1.2.1.jar;C:\Users\HOME\.m2\repository\com\aventstack\extentreports\5.1.1\extentreports-5.1.1.jar;C:\Users\HOME\.m2\repository\io\reactivex\rxjava3\rxjava\3.1.6\rxjava-3.1.6.jar;C:\Users\HOME\.m2\repository\org\reactivestreams\reactive-streams\1.0.4\reactive-streams-1.0.4.jar;C:\Users\HOME\.m2\repository\org\freemarker\freemarker\2.3.32\freemarker-2.3.32.jar;C:\Users\HOME\.m2\repository\org\projectlombok\lombok\1.18.26\lombok-1.18.26.jar;C:\Users\HOME\.m2\repository\com\google\code\gson\gson\2.10.1\gson-2.10.1.jar;C:\Users\HOME\.m2\repository\org\testng\testng\7.9.0\testng-7.9.0.jar;C:\Users\HOME\.m2\repository\org\slf4j\slf4j-api\1.7.36\slf4j-api-1.7.36.jar;C:\Users\HOME\.m2\repository\com\beust\jcommander\1.82\jcommander-1.82.jar;C:\Users\HOME\.m2\repository\org\webjars\jquery\3.7.1\jquery-3.7.1.jar;C:\Users\HOME\.m2\repository\junit\junit\4.13.2\junit-4.13.2.jar;C:\Users\HOME\.m2\repository\org\hamcrest\hamcrest-core\1.3\hamcrest-core-1.3.jar;C:\Users\HOME\.m2\repository\io\rest-assured\json-schema-validator\5.4.0\json-schema-validator-5.4.0.jar;C:\Users\HOME\.m2\repository\com\github\java-json-tools\json-schema-validator\2.2.14\json-schema-validator-2.2.14.jar;C:\Users\HOME\.m2\repository\com\github\java-json-tools\jackson-coreutils-equivalence\1.0\jackson-coreutils-equivalence-1.0.jar;C:\Users\HOME\.m2\repository\com\fasterxml\jackson\core\jackson-databind\2.11.0\jackson-databind-2.11.0.jar;C:\Users\HOME\.m2\repository\com\fasterxml\jackson\core\jackson-annotations\2.11.0\jackson-annotations-2.11.0.jar;C:\Users\HOME\.m2\repository\com\fasterxml\jackson\core\jackson-core\2.11.0\jackson-core-2.11.0.jar;C:\Users\HOME\.m2\repository\com\github\java-json-tools\jackson-coreutils\2.0\jackson-coreutils-2.0.jar;C:\Users\HOME\.m2\repository\com\github\java-json-tools\msg-simple\1.2\msg-simple-1.2.jar;C:\Users\HOME\.m2\repository\com\github\java-json-tools\btf\1.3\btf-1.3.jar;C:\Users\HOME\.m2\repository\com\github\java-json-tools\json-schema-core\1.2.14\json-schema-core-1.2.14.jar;C:\Users\HOME\.m2\repository\com\github\java-json-tools\uri-template\0.10\uri-template-0.10.jar;C:\Users\HOME\.m2\repository\org\mozilla\rhino\1.7.7.2\rhino-1.7.7.2.jar;C:\Users\HOME\.m2\repository\com\sun\mail\mailapi\1.6.2\mailapi-1.6.2.jar;C:\Users\HOME\.m2\repository\joda-time\joda-time\2.10.5\joda-time-2.10.5.jar;C:\Users\HOME\.m2\repository\com\googlecode\libphonenumber\libphonenumber\8.11.1\libphonenumber-8.11.1.jar;C:\Users\HOME\.m2\repository\com\google\code\findbugs\jsr305\3.0.2\jsr305-3.0.2.jar;C:\Users\HOME\.m2\repository\net\sf\jopt-simple\jopt-simple\5.0.4\jopt-simple-5.0.4.jar;C:\Users\HOME\.m2\repository\com\google\guava\guava\32.0.1-jre\guava-32.0.1-jre.jar;C:\Users\HOME\.m2\repository\com\google\guava\failureaccess\1.0.1\failureaccess-1.0.1.jar;C:\Users\HOME\.m2\repository\com\google\guava\listenablefuture\9999.0-empty-to-avoid-conflict-with-guava\listenablefuture-9999.0-empty-to-avoid-conflict-with-guava.jar;C:\Users\HOME\.m2\repository\org\checkerframework\checker-qual\3.33.0\checker-qual-3.33.0.jar;C:\Users\HOME\.m2\repository\com\google\errorprone\error_prone_annotations\2.18.0\error_prone_annotations-2.18.0.jar;C:\Users\HOME\.m2\repository\com\google\j2objc\j2objc-annotations\2.8\j2objc-annotations-2.8.jar;C:\Users\HOME\.m2\repository\io\rest-assured\xml-path\5.4.0\xml-path-5.4.0.jar;C:\Users\HOME\.m2\repository\io\rest-assured\rest-assured-common\5.4.0\rest-assured-common-5.4.0.jar;C:\Users\HOME\.m2\repository\org\apache\commons\commons-lang3\3.11\commons-lang3-3.11.jar;C:\Users\HOME\.m2\repository\io\rest-assured\json-path\5.4.0\json-path-5.4.0.jar;C:\Users\HOME\.m2\repository\org\apache\groovy\groovy-json\4.0.16\groovy-json-4.0.16.jar;C:\Users\HOME\.m2\repository\com\github\javafaker\javafaker\1.0.2\javafaker-1.0.2.jar;C:\Users\HOME\.m2\repository\org\yaml\snakeyaml\1.23\snakeyaml-1.23-android.jar;C:\Users\HOME\.m2\repository\com\github\mifmif\generex\1.0.2\generex-1.0.2.jar;C:\Users\HOME\.m2\repository\dk\brics\automaton\automaton\1.11-8\automaton-1.11-8.jar;"/>
    <property name="java.vm.vendor" value="Eclipse Adoptium"/>
    <property name="sun.arch.data.model" value="64"/>
    <property name="user.variant" value=""/>
    <property name="java.vendor.url" value="https://adoptium.net/"/>
    <property name="user.timezone" value="Asia/Calcutta"/>
    <property name="os.name" value="Windows 10"/>
    <property name="java.vm.specification.version" value="17"/>
    <property name="sun.java.launcher" value="SUN_STANDARD"/>
    <property name="user.country" value="IN"/>
    <property name="sun.boot.library.path" value="C:\Users\HOME\.p2\pool\plugins\org.eclipse.justj.openjdk.hotspot.jre.full.win32.x86_64_17.0.10.v20240120-1143\jre\bin"/>
    <property name="sun.java.command" value="C:\Users\HOME\AppData\Local\Temp\surefire13620249960845124817\surefirebooter-20240208134339928_3.jar C:\Users\HOME\AppData\Local\Temp\surefire13620249960845124817 2024-02-08T13-43-37_726-jvmRun1 surefire-20240208134339928_1tmp surefire_0-20240208134339928_2tmp"/>
    <property name="jdk.debug" value="release"/>
    <property name="surefire.test.class.path" value="C:\Users\HOME\Desktop\pet\target\test-classes;C:\Users\HOME\Desktop\pet\target\classes;C:\Users\HOME\.m2\repository\io\rest-assured\rest-assured\5.4.0\rest-assured-5.4.0.jar;C:\Users\HOME\.m2\repository\org\apache\groovy\groovy\4.0.16\groovy-4.0.16.jar;C:\Users\HOME\.m2\repository\org\apache\groovy\groovy-xml\4.0.16\groovy-xml-4.0.16.jar;C:\Users\HOME\.m2\repository\org\apache\httpcomponents\httpclient\4.5.13\httpclient-4.5.13.jar;C:\Users\HOME\.m2\repository\org\apache\httpcomponents\httpcore\4.4.13\httpcore-4.4.13.jar;C:\Users\HOME\.m2\repository\commons-logging\commons-logging\1.2\commons-logging-1.2.jar;C:\Users\HOME\.m2\repository\commons-codec\commons-codec\1.11\commons-codec-1.11.jar;C:\Users\HOME\.m2\repository\org\apache\httpcomponents\httpmime\4.5.13\httpmime-4.5.13.jar;C:\Users\HOME\.m2\repository\org\hamcrest\hamcrest\2.2\hamcrest-2.2.jar;C:\Users\HOME\.m2\repository\org\ccil\cowan\tagsoup\tagsoup\1.2.1\tagsoup-1.2.1.jar;C:\Users\HOME\.m2\repository\com\aventstack\extentreports\5.1.1\extentreports-5.1.1.jar;C:\Users\HOME\.m2\repository\io\reactivex\rxjava3\rxjava\3.1.6\rxjava-3.1.6.jar;C:\Users\HOME\.m2\repository\org\reactivestreams\reactive-streams\1.0.4\reactive-streams-1.0.4.jar;C:\Users\HOME\.m2\repository\org\freemarker\freemarker\2.3.32\freemarker-2.3.32.jar;C:\Users\HOME\.m2\repository\org\projectlombok\lombok\1.18.26\lombok-1.18.26.jar;C:\Users\HOME\.m2\repository\com\google\code\gson\gson\2.10.1\gson-2.10.1.jar;C:\Users\HOME\.m2\repository\org\testng\testng\7.9.0\testng-7.9.0.jar;C:\Users\HOME\.m2\repository\org\slf4j\slf4j-api\1.7.36\slf4j-api-1.7.36.jar;C:\Users\HOME\.m2\repository\com\beust\jcommander\1.82\jcommander-1.82.jar;C:\Users\HOME\.m2\repository\org\webjars\jquery\3.7.1\jquery-3.7.1.jar;C:\Users\HOME\.m2\repository\junit\junit\4.13.2\junit-4.13.2.jar;C:\Users\HOME\.m2\repository\org\hamcrest\hamcrest-core\1.3\hamcrest-core-1.3.jar;C:\Users\HOME\.m2\repository\io\rest-assured\json-schema-validator\5.4.0\json-schema-validator-5.4.0.jar;C:\Users\HOME\.m2\repository\com\github\java-json-tools\json-schema-validator\2.2.14\json-schema-validator-2.2.14.jar;C:\Users\HOME\.m2\repository\com\github\java-json-tools\jackson-coreutils-equivalence\1.0\jackson-coreutils-equivalence-1.0.jar;C:\Users\HOME\.m2\repository\com\fasterxml\jackson\core\jackson-databind\2.11.0\jackson-databind-2.11.0.jar;C:\Users\HOME\.m2\repository\com\fasterxml\jackson\core\jackson-annotations\2.11.0\jackson-annotations-2.11.0.jar;C:\Users\HOME\.m2\repository\com\fasterxml\jackson\core\jackson-core\2.11.0\jackson-core-2.11.0.jar;C:\Users\HOME\.m2\repository\com\github\java-json-tools\jackson-coreutils\2.0\jackson-coreutils-2.0.jar;C:\Users\HOME\.m2\repository\com\github\java-json-tools\msg-simple\1.2\msg-simple-1.2.jar;C:\Users\HOME\.m2\repository\com\github\java-json-tools\btf\1.3\btf-1.3.jar;C:\Users\HOME\.m2\repository\com\github\java-json-tools\json-schema-core\1.2.14\json-schema-core-1.2.14.jar;C:\Users\HOME\.m2\repository\com\github\java-json-tools\uri-template\0.10\uri-template-0.10.jar;C:\Users\HOME\.m2\repository\org\mozilla\rhino\1.7.7.2\rhino-1.7.7.2.jar;C:\Users\HOME\.m2\repository\com\sun\mail\mailapi\1.6.2\mailapi-1.6.2.jar;C:\Users\HOME\.m2\repository\joda-time\joda-time\2.10.5\joda-time-2.10.5.jar;C:\Users\HOME\.m2\repository\com\googlecode\libphonenumber\libphonenumber\8.11.1\libphonenumber-8.11.1.jar;C:\Users\HOME\.m2\repository\com\google\code\findbugs\jsr305\3.0.2\jsr305-3.0.2.jar;C:\Users\HOME\.m2\repository\net\sf\jopt-simple\jopt-simple\5.0.4\jopt-simple-5.0.4.jar;C:\Users\HOME\.m2\repository\com\google\guava\guava\32.0.1-jre\guava-32.0.1-jre.jar;C:\Users\HOME\.m2\repository\com\google\guava\failureaccess\1.0.1\failureaccess-1.0.1.jar;C:\Users\HOME\.m2\repository\com\google\guava\listenablefuture\9999.0-empty-to-avoid-conflict-with-guava\listenablefuture-9999.0-empty-to-avoid-conflict-with-guava.jar;C:\Users\HOME\.m2\repository\org\checkerframework\checker-qual\3.33.0\checker-qual-3.33.0.jar;C:\Users\HOME\.m2\repository\com\google\errorprone\error_prone_annotations\2.18.0\error_prone_annotations-2.18.0.jar;C:\Users\HOME\.m2\repository\com\google\j2objc\j2objc-annotations\2.8\j2objc-annotations-2.8.jar;C:\Users\HOME\.m2\repository\io\rest-assured\xml-path\5.4.0\xml-path-5.4.0.jar;C:\Users\HOME\.m2\repository\io\rest-assured\rest-assured-common\5.4.0\rest-assured-common-5.4.0.jar;C:\Users\HOME\.m2\repository\org\apache\commons\commons-lang3\3.11\commons-lang3-3.11.jar;C:\Users\HOME\.m2\repository\io\rest-assured\json-path\5.4.0\json-path-5.4.0.jar;C:\Users\HOME\.m2\repository\org\apache\groovy\groovy-json\4.0.16\groovy-json-4.0.16.jar;C:\Users\HOME\.m2\repository\com\github\javafaker\javafaker\1.0.2\javafaker-1.0.2.jar;C:\Users\HOME\.m2\repository\org\yaml\snakeyaml\1.23\snakeyaml-1.23-android.jar;C:\Users\HOME\.m2\repository\com\github\mifmif\generex\1.0.2\generex-1.0.2.jar;C:\Users\HOME\.m2\repository\dk\brics\automaton\automaton\1.11-8\automaton-1.11-8.jar;"/>
    <property name="sun.cpu.endian" value="little"/>
    <property name="user.home" value="C:\Users\HOME"/>
    <property name="user.language" value="en"/>
    <property name="java.specification.vendor" value="Oracle Corporation"/>
    <property name="java.version.date" value="2024-01-16"/>
    <property name="java.home" value="C:\Users\HOME\.p2\pool\plugins\org.eclipse.justj.openjdk.hotspot.jre.full.win32.x86_64_17.0.10.v20240120-1143\jre"/>
    <property name="file.separator" value="\"/>
    <property name="style.color" value="always"/>
    <property name="basedir" value="C:\Users\HOME\Desktop\pet"/>
    <property name="java.vm.compressedOopsMode" value="32-bit"/>
    <property name="line.separator" value="&#10;"/>
    <property name="java.vm.specification.vendor" value="Oracle Corporation"/>
    <property name="java.specification.name" value="Java Platform API Specification"/>
    <property name="surefire.real.class.path" value="C:\Users\HOME\AppData\Local\Temp\surefire13620249960845124817\surefirebooter-20240208134339928_3.jar"/>
    <property name="user.script" value=""/>
    <property name="sun.management.compiler" value="HotSpot 64-Bit Tiered Compilers"/>
    <property name="java.runtime.version" value="17.0.10+7"/>
    <property name="user.name" value="HOME"/>
    <property name="path.separator" value=";"/>
    <property name="os.version" value="10.0"/>
    <property name="java.runtime.name" value="OpenJDK Runtime Environment"/>
    <property name="file.encoding" value="Cp1252"/>
    <property name="java.vm.name" value="OpenJDK 64-Bit Server VM"/>
    <property name="java.vendor.version" value="Temurin-17.0.10+7"/>
    <property name="localRepository" value="C:\Users\HOME\.m2\repository"/>
    <property name="java.vendor.url.bug" value="https://github.com/adoptium/adoptium-support/issues"/>
    <property name="java.io.tmpdir" value="C:\Users\HOME\AppData\Local\Temp\"/>
    <property name="java.version" value="17.0.10"/>
    <property name="user.dir" value="C:\Users\HOME\Desktop\pet"/>
    <property name="os.arch" value="amd64"/>
    <property name="java.vm.specification.name" value="Java Virtual Machine Specification"/>
    <property name="sun.os.patch.level" value=""/>
    <property name="native.encoding" value="Cp1252"/>
    <property name="java.library.path" value="C:\Users\HOME\.p2\pool\plugins\org.eclipse.justj.openjdk.hotspot.jre.full.win32.x86_64_17.0.10.v20240120-1143\jre\bin;C:\WINDOWS\Sun\Java\bin;C:\WINDOWS\system32;C:\WINDOWS;C:/Users/HOME/.p2/pool/plugins/org.eclipse.justj.openjdk.hotspot.jre.full.win32.x86_64_17.0.10.v20240120-1143/jre/bin/server;C:/Users/HOME/.p2/pool/plugins/org.eclipse.justj.openjdk.hotspot.jre.full.win32.x86_64_17.0.10.v20240120-1143/jre/bin;C:\Program Files (x86)\Common Files\Oracle\Java\javapath;C:\WINDOWS\system32;C:\WINDOWS;C:\WINDOWS\System32\Wbem;C:\WINDOWS\System32\WindowsPowerShell\v1.0\;C:\WINDOWS\System32\OpenSSH\;C:\Program Files (x86)\Skype\Phone\;C:\Program Files\Git\cmd;C:\Users\HOME\AppData\Local\Microsoft\WindowsApps;;C:\Users\HOME\Documents\IntelliJ IDEA 2023.3.2\bin;;C:\WINDOWS\System32;;."/>
    <property name="java.vm.info" value="mixed mode"/>
    <property name="java.vendor" value="Eclipse Adoptium"/>
    <property name="java.vm.version" value="17.0.10+7"/>
    <property name="sun.io.unicode.encoding" value="UnicodeLittle"/>
    <property name="java.class.version" value="61.0"/>
  </properties>
  <testcase name="addNewPetToStore" classname="com.petstore.tests.Pet.AddNewPetTest" time="8.252">
    <system-out><![CDATA[Response Body: {"id":222,"category":{"id":7,"name":"Mohamed"},"name":"Poooooodle","photoUrls":["dummyPhotoURL"],"tags":[{"id":5123,"name":"dolorum"}],"status":"available"}
{
    "id": 222,
    "category": {
        "id": 7,
        "name": "Mohamed"
    },
    "name": "Poooooodle",
    "photoUrls": [
        "dummyPhotoURL"
    ],
    "tags": [
        {
            "id": 5123,
            "name": "dolorum"
        }
    ],
    "status": "available"
}
]]></system-out>
    <system-err><![CDATA[SLF4J: Failed to load class "org.slf4j.impl.StaticLoggerBinder".
SLF4J: Defaulting to no-operation (NOP) logger implementation
SLF4J: See http://www.slf4j.org/codes.html#StaticLoggerBinder for further details.
]]></system-err>
  </testcase>
  <testcase name="deletePet on deletePet(com.petstore.tests.Pet.DeletePetTest)" classname="com.petstore.tests.Pet.DeletePetTest" time="1.212">
    <failure message="expected:&lt;404&gt; but was:&lt;200&gt;" type="java.lang.AssertionError"><![CDATA[java.lang.AssertionError: expected:<404> but was:<200>
	at org.junit.Assert.fail(Assert.java:89)
	at org.junit.Assert.failNotEquals(Assert.java:835)
	at org.junit.Assert.assertEquals(Assert.java:647)
	at org.junit.Assert.assertEquals(Assert.java:633)
	at com.petstore.tests.Pet.DeletePetTest.deletePet(DeletePetTest.java:26)
	at java.base/jdk.internal.reflect.NativeMethodAccessorImpl.invoke0(Native Method)
	at java.base/jdk.internal.reflect.NativeMethodAccessorImpl.invoke(NativeMethodAccessorImpl.java:77)
	at java.base/jdk.internal.reflect.DelegatingMethodAccessorImpl.invoke(DelegatingMethodAccessorImpl.java:43)
	at java.base/java.lang.reflect.Method.invoke(Method.java:568)
	at org.junit.runners.model.FrameworkMethod$1.runReflectiveCall(FrameworkMethod.java:59)
	at org.junit.internal.runners.model.ReflectiveCallable.run(ReflectiveCallable.java:12)
	at org.junit.runners.model.FrameworkMethod.invokeExplosively(FrameworkMethod.java:56)
	at org.junit.internal.runners.statements.InvokeMethod.evaluate(InvokeMethod.java:17)
	at org.junit.runners.ParentRunner$3.evaluate(ParentRunner.java:306)
	at org.junit.runners.BlockJUnit4ClassRunner$1.evaluate(BlockJUnit4ClassRunner.java:100)
	at org.junit.runners.ParentRunner.runLeaf(ParentRunner.java:366)
	at org.junit.runners.BlockJUnit4ClassRunner.runChild(BlockJUnit4ClassRunner.java:103)
	at org.junit.runners.BlockJUnit4ClassRunner.runChild(BlockJUnit4ClassRunner.java:63)
	at org.junit.runners.ParentRunner$4.run(ParentRunner.java:331)
	at org.junit.runners.ParentRunner$1.schedule(ParentRunner.java:79)
	at org.junit.runners.ParentRunner.runChildren(ParentRunner.java:329)
	at org.junit.runners.ParentRunner.access$100(ParentRunner.java:66)
	at org.junit.runners.ParentRunner$2.evaluate(ParentRunner.java:293)
	at org.junit.internal.runners.statements.RunBefores.evaluate(RunBefores.java:26)
	at org.junit.runners.ParentRunner$3.evaluate(ParentRunner.java:306)
	at org.junit.runners.ParentRunner.run(ParentRunner.java:413)
	at org.junit.runner.JUnitCore.run(JUnitCore.java:137)
	at org.junit.runner.JUnitCore.run(JUnitCore.java:115)
	at org.testng.junit.JUnit4TestRunner.start(JUnit4TestRunner.java:78)
	at org.testng.junit.JUnit4TestRunner.run(JUnit4TestRunner.java:63)
	at org.testng.TestRunner$1.run(TestRunner.java:708)
	at java.base/java.util.ArrayList.forEach(ArrayList.java:1511)
	at org.testng.TestRunner.runJUnitWorkers(TestRunner.java:898)
	at org.testng.TestRunner.privateRunJUnit(TestRunner.java:737)
	at org.testng.TestRunner.run(TestRunner.java:617)
	at org.testng.SuiteRunner.runTest(SuiteRunner.java:443)
	at org.testng.SuiteRunner.runSequentially(SuiteRunner.java:437)
	at org.testng.SuiteRunner.privateRun(SuiteRunner.java:397)
	at org.testng.SuiteRunner.run(SuiteRunner.java:336)
	at org.testng.SuiteRunnerWorker.runSuite(SuiteRunnerWorker.java:52)
	at org.testng.SuiteRunnerWorker.run(SuiteRunnerWorker.java:95)
	at org.testng.TestNG.runSuitesSequentially(TestNG.java:1301)
	at org.testng.TestNG.runSuitesLocally(TestNG.java:1228)
	at org.testng.TestNG.runSuites(TestNG.java:1134)
	at org.testng.TestNG.run(TestNG.java:1101)
	at org.apache.maven.surefire.testng.TestNGExecutor.run(TestNGExecutor.java:155)
	at org.apache.maven.surefire.testng.TestNGDirectoryTestSuite.executeMulti(TestNGDirectoryTestSuite.java:180)
	at org.apache.maven.surefire.testng.TestNGDirectoryTestSuite.execute(TestNGDirectoryTestSuite.java:88)
	at org.apache.maven.surefire.testng.TestNGProvider.invoke(TestNGProvider.java:137)
	at org.apache.maven.surefire.booter.ForkedBooter.runSuitesInProcess(ForkedBooter.java:385)
	at org.apache.maven.surefire.booter.ForkedBooter.execute(ForkedBooter.java:162)
	at org.apache.maven.surefire.booter.ForkedBooter.run(ForkedBooter.java:507)
	at org.apache.maven.surefire.booter.ForkedBooter.main(ForkedBooter.java:495)
]]></failure>
  </testcase>
  <testcase name="testFindPetsByStatus on testFindPetsByStatus(com.petstore.tests.Pet.FindPetByIdTest)" classname="com.petstore.tests.Pet.FindPetByIdTest" time="1.179">
    <failure message="expected:&lt;404&gt; but was:&lt;200&gt;" type="java.lang.AssertionError"><![CDATA[java.lang.AssertionError: expected:<404> but was:<200>
	at org.junit.Assert.fail(Assert.java:89)
	at org.junit.Assert.failNotEquals(Assert.java:835)
	at org.junit.Assert.assertEquals(Assert.java:647)
	at org.junit.Assert.assertEquals(Assert.java:633)
	at com.petstore.tests.Pet.FindPetByIdTest.testFindPetsByStatus(FindPetByIdTest.java:26)
	at java.base/jdk.internal.reflect.NativeMethodAccessorImpl.invoke0(Native Method)
	at java.base/jdk.internal.reflect.NativeMethodAccessorImpl.invoke(NativeMethodAccessorImpl.java:77)
	at java.base/jdk.internal.reflect.DelegatingMethodAccessorImpl.invoke(DelegatingMethodAccessorImpl.java:43)
	at java.base/java.lang.reflect.Method.invoke(Method.java:568)
	at org.junit.runners.model.FrameworkMethod$1.runReflectiveCall(FrameworkMethod.java:59)
	at org.junit.internal.runners.model.ReflectiveCallable.run(ReflectiveCallable.java:12)
	at org.junit.runners.model.FrameworkMethod.invokeExplosively(FrameworkMethod.java:56)
	at org.junit.internal.runners.statements.InvokeMethod.evaluate(InvokeMethod.java:17)
	at org.junit.runners.ParentRunner$3.evaluate(ParentRunner.java:306)
	at org.junit.runners.BlockJUnit4ClassRunner$1.evaluate(BlockJUnit4ClassRunner.java:100)
	at org.junit.runners.ParentRunner.runLeaf(ParentRunner.java:366)
	at org.junit.runners.BlockJUnit4ClassRunner.runChild(BlockJUnit4ClassRunner.java:103)
	at org.junit.runners.BlockJUnit4ClassRunner.runChild(BlockJUnit4ClassRunner.java:63)
	at org.junit.runners.ParentRunner$4.run(ParentRunner.java:331)
	at org.junit.runners.ParentRunner$1.schedule(ParentRunner.java:79)
	at org.junit.runners.ParentRunner.runChildren(ParentRunner.java:329)
	at org.junit.runners.ParentRunner.access$100(ParentRunner.java:66)
	at org.junit.runners.ParentRunner$2.evaluate(ParentRunner.java:293)
	at org.junit.internal.runners.statements.RunBefores.evaluate(RunBefores.java:26)
	at org.junit.runners.ParentRunner$3.evaluate(ParentRunner.java:306)
	at org.junit.runners.ParentRunner.run(ParentRunner.java:413)
	at org.junit.runner.JUnitCore.run(JUnitCore.java:137)
	at org.junit.runner.JUnitCore.run(JUnitCore.java:115)
	at org.testng.junit.JUnit4TestRunner.start(JUnit4TestRunner.java:78)
	at org.testng.junit.JUnit4TestRunner.run(JUnit4TestRunner.java:63)
	at org.testng.TestRunner$1.run(TestRunner.java:708)
	at java.base/java.util.ArrayList.forEach(ArrayList.java:1511)
	at org.testng.TestRunner.runJUnitWorkers(TestRunner.java:898)
	at org.testng.TestRunner.privateRunJUnit(TestRunner.java:737)
	at org.testng.TestRunner.run(TestRunner.java:617)
	at org.testng.SuiteRunner.runTest(SuiteRunner.java:443)
	at org.testng.SuiteRunner.runSequentially(SuiteRunner.java:437)
	at org.testng.SuiteRunner.privateRun(SuiteRunner.java:397)
	at org.testng.SuiteRunner.run(SuiteRunner.java:336)
	at org.testng.SuiteRunnerWorker.runSuite(SuiteRunnerWorker.java:52)
	at org.testng.SuiteRunnerWorker.run(SuiteRunnerWorker.java:95)
	at org.testng.TestNG.runSuitesSequentially(TestNG.java:1301)
	at org.testng.TestNG.runSuitesLocally(TestNG.java:1228)
	at org.testng.TestNG.runSuites(TestNG.java:1134)
	at org.testng.TestNG.run(TestNG.java:1101)
	at org.apache.maven.surefire.testng.TestNGExecutor.run(TestNGExecutor.java:155)
	at org.apache.maven.surefire.testng.TestNGDirectoryTestSuite.executeMulti(TestNGDirectoryTestSuite.java:180)
	at org.apache.maven.surefire.testng.TestNGDirectoryTestSuite.execute(TestNGDirectoryTestSuite.java:88)
	at org.apache.maven.surefire.testng.TestNGProvider.invoke(TestNGProvider.java:137)
	at org.apache.maven.surefire.booter.ForkedBooter.runSuitesInProcess(ForkedBooter.java:385)
	at org.apache.maven.surefire.booter.ForkedBooter.execute(ForkedBooter.java:162)
	at org.apache.maven.surefire.booter.ForkedBooter.run(ForkedBooter.java:507)
	at org.apache.maven.surefire.booter.ForkedBooter.main(ForkedBooter.java:495)
]]></failure>
  </testcase>
  <testcase name="testFindPetsByStatus on testFindPetsByStatus(com.petstore.tests.Pet.FindPetsByStatusTest)" classname="com.petstore.tests.Pet.FindPetsByStatusTest" time="1.982">
    <system-out><![CDATA[[
    {
        "id": 53365508,
        "category": {
            "id": -61031901,
            "name": "fish"
        },
        "name": "Nemo",
        "photoUrls": [
            "exercitation laboris",
            "data:image/jpeg;base64,/9j/4AAQSkZJRgABAQAAAQABAAD/2wCEAAkGBxMSEhUTExIVFRUXFRcXFxgXGBgdFxgXFxkXFhgXFxcYHSggGB4nHRcXIjEhJSktLi4uFx8zODMtNyguLisBCgoKDg0OGxAQGy0lHyUtLS8tLS0tLy0tNS0yLS0tLy4tLS0tLSstLS8tLS8tLS0tNS0tLS0vLS0tLS0tLS0tLf/AABEIAMIBAwMBIgACEQEDEQH/xAAcAAEAAQUBAQAAAAAAAAAAAAAABAIDBQYHAQj/xABCEAACAQIDBQUDCgUCBgMAAAABAgADEQQhMQUGEkFREyJhcYEHkaEUMkJicrHB0eHwIzNSgpKiskNTY8LS8RUWRP/EABoBAQACAwEAAAAAAAAAAAAAAAAEBQIDBgH/xAA2EQACAQIDBQYFAwMFAAAAAAAAAQIDEQQhMQUSQVFxYYGRobHwEyLB0eEUMkIjUvEkorLC4v/aAAwDAQACEQMRAD8A7jERAEREAREQBERAEREAREQBES1WqqgLMQAMySbD3mAXYnM95vbBhcM5p0kOIYGzcJAVTmCOI5HPLKYfHe2rhF1wdRDa4FXINcaXvlzzsdJ7YcLnYalQKLky1h8WlS/A6tbWxBt5/H3TgG8ftUxWPUUKFHsi2XdbiY63Aytpz5Z9LzG7BO0NnWrUTfi7zILsQbcR41OoNirAHPLO4UjGUoRspPM2QoVKicoRbS1t78tT6ZiapuLvtQ2lSuncrIB2tEnvLy4lP00v9L32M2uemsREQBERAEREAREQBERAEREAREQBERAEREAREQBERAEREAREQBOde1vfJcHR7BLNWqqbLa4Uf1N4eHOdDc2BnzdvNhhjdtVuDi4Ayl2B0CKuYJJ58I875Q5KMXJ8DOnBzkorVl3dDYHZotaov8RrlQ2qqRazDQkjPPMX85sdSoD84fvylysWHj5/nIzMD+X6flKOc3UlvSOvoUlSgox0LXyamCGVFBGhCi48jylwVL+ctFrS3U6ieEhRIJwr0MSmLwpVKqm5ByV75E3t3CRrkQefO/a919urjKIe3BUFhUQ6q35Gx9xzOs5AWuPGZHd3bD4esrrnbJh1Tmv4jxAkmliJQavp79+RX4zZ0KsW4K0te/8APrnxkdriR8JiVqotRDdWAIPgZIlocq1Z2YiIgCIiAIiIAiIgCIiAIiIAiIgCIiAIiIAiIgCIiAIiIBit5WqjC1jRCmp2b8AY2HFwm2c+fPZ7VLPiKhu1Q8BJY6hixPrcZ+k+kMce4dfS1/jPmTZmOGCx1dKgspqOhyW4u90NzoLEX0yzmrERcqLS95pkvAzjCvFy95NG8vX6grIlWXsTUXwt7pjHrHlpKeKOuiiQ1TrLIq2lgxMt0zLgfpBbO8KJ6zKvzmVfMgffB72m+7h7xIimhWYKpJKscgCdVvyB1HjfqJ0Km4IuCCDoRpPnqptzD08jVUn6tz8RlJeyd6+E3ofKbf8ATp1CD5hcjpzk2hVqKO7uNo5/H4XDym5/FjFvVNq1/VeZ32Jom7++zuAK9DEKObNQqLb7Xdt93rN3pVAwDKQQRcEaEHmDJqd1o11KScVF2TT6O/vvsXIiJ6YiIiAIiIAiIgCIiAIiIAiIgCIiAIiIAiIgCInhNoAInLParutQrI1bupVGSsCMznYEatn001ytOlVcYoBsb21toOec43vNvB8sqcafyRfgGfeHKob9eXQW0zmFWr8KN+ZLwOF/U1d29ks30/Ppd8LGBwVDs0VOItwi1z+8h4S/aeoJS5lU3fNnYRioqy0RSxkHaO1Eo5W4nNrINTfLM8pdx2J4FLWudFHVzkBYeM2DdrdfsLV8R367AHPPs/AfW0z5aCScPh/iXb0K7H410Vuw/c/Je9OmZjdk7r4vFWbEVDhqf9CfzGHib931v5Cbhs/2f7PTM0BUbrUd2v5qTw/CMftujhU461QKOQ1ZrclAzMxf/wB0xNW/yXDKicqmIvn4rTWxt4mWX9OlHgkc7L4uInZ3m/H8JdTdsJsTDJYJh6KgaWpoPwmWRbZDIdBOaDbe0j/+mgv2aFz6cTyLUXFOP4uPxLZWPAVpg8tEE1SxtJcb933sZw2ZiG/2KPVr/rf0OpYvG0qC8dWqlJRzdgo95M82JvHg65K0MTQdr34UdSbnnwg3znJaWwqIbiZTUYaGoxcjy4tJJxGEQ2uqm2YyzHkeXpNE8fBuyi7EmGxqjV5TSfKza8fwdwialuPtztU7F2JqIMixuWXz5kfdNtm6E1Nb0Svq0Z0puE1mIiJmaxERAEREAREQBERAEREAREQBERAERMJvVtv5Jh6lUIWKU2fWw7oJ115cgYSuBvPvRhsBT7TEVAt8lUZux6KvMzku1/bTVLjscIBT1BrE8TDwC91fS8wmy6dXaddsbjCWVTw01+hlnwgNc8IuPM+Vpm8XgqTKENNSoFgOQA0AykarjI05bqV7alnhdmSrQ3m7csr+/b4kzG76LtDZuIK0uCoKVRXIAAB4CbKeeg56ETVdktehTtyQD/Hu/hNqwWyKdKg1BBYMHvqc3Bvnz6eQE0zd8MtNqbDOm5U+ep+N5sxsL04yN2yXuV5Q5p+X4uZpJZ6y6DlLGKqhEZjyBPu6StSvkdDJpK7Je6WzhicZxEXp4fvHoar/ADR42FzM/vxtz5Ml1HFUc8NNerHIegk/c3ZvyXB3qWFR71Kp+s3eI9BYek0OtivleJfEnNE7lEcrA5v5ky3k1h6XT1OZUZ4utZZb2fSK/GXW5Vgtk3ftsQ5q1T1+Yngqnp+F5m0aQ6TSQplLOpKbvJ3Z0VOhTox3KasvfiyWDLoMiK0uK0wPGi9eW6hgGekQeWKcHiWpVFqIbFTcH8D1E65sraCYimtRDkdR0bmD++k49UMyu6m2zhqwuf4TkK45L0f0+6834et8OWejIePwf6iG9H9y07ez7HWoiJbHLiIiAIiIAiIgCIiAIiIAiIgCIiAJyj27bb7PDjDq54qptwgDNRYte+ZFiBlzInV5x/2zYHgxWBrtlQNbhcnMdpcMoN9LqG9xhy3U32GUIb8lHmzH4HDOlGnTACBKarYa5AXufO89wtO9QAm9rt7v1IlzFVSRn3R0Gv6SNsZr1an1UQf5s1/9iyqwcN+rG/Xwz9Tq8VN0sNJrLRLvy9LszQM0jDj+PiTy7Zvfc3/CbsvKaVsrvdq/J61Rh5Ey2xr/AKPeip2bH/UrsT+i+pNRZRgqHyjF0qP0VIqv9lD3QfNuH3GSEXInpMhuHhv5uIP/ABH4V+xTJF/U390g4OG9Uvyz+3mWu0qm7S3F/LLu4/bvJntC2kUw60ENnrtweIU/OPuymvrhxTRVGgH7/fjKdp4jt8fUfVaIFNPPVj5/OE9xVTMCe42d57i4ephsqlaDqv8Ak8ui087vwKka0q7WWOOUEyDulrYmrXl9KsxgMvUqkxcTxxRlFeVEyNRaXWM8NTWZHxFXlKUnqUi1QKBckgAdSTYCb1T9nx4LmtZ7acIKg9NbnzmynRlUXyo018XSw9viO1+xvvy4Gxbn4/tsJTJN2T+G3mmQv4leE+szs0bcbjw9Wrhaw4X+eo+ibZMVPMEcPjkehtvMtKEm4K+uhzGNpqFeW7o81ys88vTyERE2kQREQBERAERLdWoFBJvYdASfcMzALkTle/Hta+S1DQw2HD1bZtUPdUnQcCZsfDiHKRsHvNjatJXrVijOoYoqrTCXF+Eavl4n3TVWqqkryJOGws8RK0cjrssVcQi/OdV82A++ckr4ln+fUd/tM7ffIxKjkPcP/KRP13KPn+CyjsdPWb8P/R1p9tYYa4iiPDtEv7rzH47fLBUVLPXFhrwpUf4IpM5jUqdF+H6SBUc3nn6yT4IkR2LSf8n5HU9l7/4LEqWoO9QA52UgjxIexAnuL3mVgR2IItn2hFreK2z984RjEqYHEriqV+zLd9RkLG3Ep8GzI8Z2CjSSvhmqIbq9FnUjWxU5ecs6LhUipFLWw8qM5QlqvNe/d7nPMPtZ8W1bEMFVWqcFJUVVUU1zBAUZkkm5NzkBewEmbu11Y1wCOJXUEcwAosT4X4vdNR3c2hVdkoUVXslBLEg3sSTxX5a2A/Y2nZ+EFJnqWHG7ZsL5qAAoPukBVFSrOb5aLk3b825F1GH6jCQpwejzb5pPj1yvpcyW2Mb2OHq1OYWw+0e6PiRMBsmhwU0XoM/M5mSt6qwdKNIH59Qsw8EFyPiJ7hRYEzdjaiajFdTzZVK05za0+X6v6Fna1fgovbW3xNlmx8QweB4udKnYDqxsM/Nm++ai7dpXo0zo9ZQfJbsfumf9oOI/g06K61agFvqqeIn7pswa3abk/djVtSTlW3Vqkkusn/gwOyqfDTBbNmPGx5ktnn6WlXFckyqu+XkJapAmwAuSbAdSchK1tybk+JeU4KnBRWiVvBF5BchQCSTYWzJPSwm2bH3HrVbNUZaY6HvP/iDYe8ydu7stMMnaPbjsSzHRQMyB4dTznPt69+8RVYkVqlCjeyU6ZKsQObsveJ6i9he3iZkcNCC/qZvkUlfaVWq2sPaMVrJ/m9lyyv2o6efZwlsq5v4otvcLH4zTtubCrYSoBUAsfmuvzXtqBf6X1T8ZjvZrvw6YkCvjanyezca1izi9u7Ytcp5g2y8Z2XaeFpY7CEKwZaiB6T9CRxU3Hw9CRPZ4eE4/KrP3qRqO069Coviy3oP3dZLT8dq5FQaTBpIFC/MWtqOhGRHvk2mcpVPU6aazI1fGNQ/jJYOg4lLC4BXMEjnaU7s+0nHtiEX5TTxAZ1VkqKiLZmAuHRQV11zHgZVjqAdWU6MpU+RFjObbu4CqcVTXgYEN37g2Ci/Fc+IuPWTcK/klnpmU+0Yp1Kacb72V+Wn3v3H1PtzDhwuIp/zKLcYI1Kr/ADKZ814hM5eaN7L6RTC1FPzTXbh6W4Kd7et/W83PCHuL9kD3ZGTIWfzriikrpwbpPPcbXc/pe772X4iJsI4iIgCIiAJqvtB3iGCwlWoAeK3CuoHE2S58/IGbVOMe37ajcFCgoIVmZiTlfgtYBSL2ub8QyytzmUQaTudsw4io+JrFmcPcXGTNqX5Xt0Gk3coBqT71X9ZE2PhQmHpKpAXgUg8NrlhckhQBc3k7sftnysB75RV6rnNvwOsw1JUaaj49S0eHoPUsfwlPbjl8B+plZCjkvqbn4CUPXH/oAfmZrJNrkfEVCRof36CQ01kvEMTyPr+sioZmjfDJFeLwa1abU20YW8jqD6Gx9JD3Q2rXo4LaGFFzUo02emNbcYYMVHO2bgeMyNNpD2fVOH2nRqfQrqaLZZBrXW/W9h7jJ2BqWnuPiVG1KF4KqtY+jy8r91yDuiijDKyjhLFuI2FiVYgXy6TI/Ks7EX8VzHrbSY+pR+QV2wzqBSdi9B7i1mPzSOVshe3TrMhxgDX/ANyPiIOFR7xLwE41KMd3gkn14+LuyLi0Vir6kXCnwNvynr17J5/lLdast9RI71LjXnEb2Jiik8j3ZQvjaH1VrP5GyLf/AFH3zI7ytx4ul9Sk7epNrzGbMNsWh/6NT76cmbRe+JqeFKmB6lyf34Sz0wj6P/kUVSO9tDP+5eUL/Qj4gzKbq0OKqWI+YCfut/u+ExFWZrdeuFcg/SFh5m1h+/CQqNlUjfn78yyx288NU3dbeXHyNvxlMvRqIDm1N1HmykfjOQb2bDqMEqU0J4QVdBqpve9ufMHnkJ2Cm8jYzY9KsSx4lY6shsT5ggg+dpYVqUpNShqufE5rC1qUYSpVU92Vs1qmvU4hsrZtRSWZGBI4VW3eYkjILr4W8Z9Nbp4dsPg8PRf51Oiit9oKLgeRuJrGxd28NQcVQrPUGj1Dcr4qAAoPja8z+L2mtJGqObBRfz6AeJOUzpwavKZpryhO1Okm126ts59t2mFxVYDTtnP+R4vxluiZFr4hqtRqjauxJ8L8h4AWHpJFKUVRpzbXN+p2dODjTjGWqST6pFVZcpldgbqUMQvaDEVV7x46Y4Mmveym2QIzGusxrSrZuPfD1OJOeTA6EeP4GZ0JwjL51dEfE06tSnalK0lp9n1587cDqGCppQprTpgKijIfEkk6km5JOt5G3W25TemwZ1UrUe3EwF1di6kX8yP7ZrGJ3nDUyoVgxFtRYX1z1+EwFKwHByI18eVpNxGLinH4eazKfC7MnKE/j3TbVuLyvd6u97naadVWF1II8Df7pdnE6CspurFW5EGx94mcwW92KoqbgYgAZK5sxPQVLEjzIMwhjIt2krGNXZE4q9OV+qt4apnUImsbp76YbH8SUy1OsgvUoVRw1VGl7aMuY7wJ1F7XmzyaVGmTEREATift8phxRqq9+EshAPd72fI63XpO2Tkft6wpOHRwMldSc/NBlyzYe+ZRC1MVsJ74aiVJC9kgBYgMQFAztrpJppi+bXPgL/feYTcrEXwdK5BI4xroAzcIIy5W9LTNrUJ0/wBI/Ezn6icZtdp19GTlTjLml6DsR/Sf7jYfjKGYDp6Z/E5T1lJOZHxY+7lKHpgZn/V/4iYmxdpHrPxZC5/fuEjDpJjNfJRfz/LSRaqW5zNG+PI8pmY7eRG7IVE+fRday+aa/C59JkRPXW9x1FvfM4ScJKS4GNWkqsHB6NWPd7eDEJhMRwhkJsQQCOCslxr9ZU98gYVFWlilCju0+Ncvmg0ytl6C9PQdfGW9ghq2zauH1qUGZV8TTbtKfpcW9Jc2fiFLI9+5VTgPlUtwk+PFZf7zLmpJKvCXCSt78jnKF54SpH+UWpfR9uVm7aXMPh2sB5CXLi5t1ljsivdb5y90/aXI/EGeK2cgWL2lNWTWhOwJtXpnwqj/ACCN/wBkuY9rYip9ml9zH8ZHVwr0n/pcH0YGn/339JXtq4rt4oh/3A/cPfJSd8K1y+9/qQq8d3HKXPP/AGuP0KO1zkui0w4aTsPUkKUcizhK5s+B226izrxDqD3vW+sy1PbtLnxj+38pp9OtLnbzOOLrRVtepCq7Lw9R3s10y8rNLuRtdTeNR8xWJ+tZR+J+Ew+P2g9Yg1GuBooyUenM+JmDq4zO156taY1a1WorSeXJG3D4GhRe9BZ83m/x3GRJEuUnmPSrJCVJFcbE0mhpS8tCpKKtbKeGNrEoNLZfMeYkai9xeXcMLuPDOLHnC5PWt+7flLocGUg+RnpQHUWMxNTsYza+LbB1KW0KNu0osA4vbtaTGzUydM762JGVtJ2vYO1aeLw9LEUjdKihh4HRlPiCCD4gzhu93GMJU4SLZBr68JIuBlmTpY21Oc6J7D0I2TSJv3qlYi/TtGXLwuD6ky0wbbp25M57asEqya4o3+IiSyrE5/7XdnPUwFZr34AXsF5LZxnmfo65DynQJiN4E4qTJYniU/RJy553AX1I9ZlHUHCvZ9iVOHKDh4kc30vZswb9L3GnKbK9UcyT4DIes0HdMjD4ypQdity1MZZFlbu36XF7fa8RN/Sw0W58f3lKXFw3ar7c/fedRgainQj2Ze+48QsclAUeH5x2IGt2PT8/1nrVjzPouQ9W/KU8JIyyHuH6+sjkzPoU1KnL4DT9fukapT5n3fnJDELn8eZ8uko7O+bach1mSyM07EE9Z6rS9UTiNhoPcJQlFmYIilmJsANSTyAmSzNya4mP9nrVGxWKpkEszA2tnfiYfdaXa2y1ptVprUWpSLsVtoOI95FPNQ3FZhrOqbn7mU8GXxDC+IqqA5uSqgD5qjTzPOcl2axV6+HexahVZbjQoxLIR6ZeglniXJ0I5aWv5/c53Z0ofrJ53vvW7c7vrkr919NaMbhmqKWObrYP9cDJagt1Fg3Q+BvMM02tAQcsvGa1sdXxQqFVB4GtcZCpe+g5GwBIv9ITVGUq12lnx+/48CfPcw1oOWTvu34aZX5Z5Puedr+KQylSbXBWS8eTVopWt3kuHHTQP7iAfLzkCpRZTYgiX8DjuzYki6t88dbZBgOZtkRzHkJtoyWcXozHFJzSmv3R81+PS/GxCLSRh6sq2hgezs6Z0mzUjRb8vLofTziU3tMJwadmZ0K6kt5GWR5UWykSjUkmm00NE/euikYAWDcRDnXmufK0tMKq/QDD6p/Ayaz3lN54pPiYfCsvldvfbchjHMNaVT3GXF2g50pP7jJtJ5KSrPHJcjzcqf3eSMcjYhtKYXxY/lJeHwZB4qjcVuX0f1l815aqVrzC7eVrHqp8ZO/vsLtWp0k7B0CovzPw8JYweGseJteQ6TIZfv8AeU1N2yPZM8v1la+H7/fjPI4OY935GYmBr2/uIKYbhGXE6qfKxa2o/p0zFr6ZEdk9m+FNLZmDQgg9gjEG9wXHHYg6fOnG6eB/+W2jRwaE9lT4nrkZWRSA4F9DomV83vyM+hqaAAAAAAWAGgA0AHKW+Fg401fjn77jmNo1FOu7cLL7lyIiSCCJS63EqiAcK9tO7fZ1hjkY8RKlx04T3XFtLd0el+UgbtbdGKThbhWouTC9gfrKPQ5cp3bH7Np1lZWUHi+dkM8rZnyynDd7/ZhXwb9vg3BQNdVJs6nM2Vjkwy5n3zXWoKsrcSZg8W8PLseq98eRmlUD6x8clEpep6n4eg5+c1DZe9xBNPFgob5HgItrkyai3W3n1mzYPadCobU6yM2f0gWy1suplROjOD+ZfY6KjXp1VeDv2cffS/YSOzsbnNun4mWmJY2B8z+XhKmzuBkOZPPzP4Smq4AsNPv8fKYElXv2nrHRUBNyAABcknIZcyeQnRd0d2hh17SoAazDPmEB+iPHqfTTWNubuz2Vq9YfxSO6p+gDzP1j8Bl1m4yyw2H3Vvy1KDaOP3r0aby4vn2dPXpqnMfaXuXVdvl2ByrgWqUwMqq62tzb9+M6dEmcLPQqIycXvRdmfLmN2rjKgNAYOqlQizAJV47c7Lwgr63nUt2dy6lLCUVKhH4FLLzDGxdmPv8AgPCdQInnDFJRp/tVjZWr1KzTqO/vsOM76bHqUkVuxepaoobs14n4DxC9tbXA8fiRA2fuJiKy1Kjr8lpqoZWxB4bixJLAX7Maa59QNJ1neXb9HA0w72L1G4KaXAao9shfkANTyHUkA8z23t7EYn+ZU7uoRRZQetufmSZHxVSmnvNZ293LPZkK9SO7FpRT1au+i9eFuw1bB0KtM2QcYY27M3IYnLIWuCfAZ30Mr2psFkYLwNRqEX7Gr3SQb50zowyOQv6aTet0sCuGpVNo4gd1ARSU5cTkhVIv1YhF8WJ5Ay7uRVbFY6o+I/iXoPxcQBW3EihQpyAzOXn4zXTqO0Yzzvp0JmIhFTqTou24s+2XK2mXHtehyivRembOpTz09DofSVU8QRPoPG7nYSpeyGlf/lmwt0CMCg9BMDi/ZhRY3Vk9aQ4v81I+6bnQT0ZDp7UtqjkC4uXVrzoeN9lDEHsnRW5Xd7X8Qytl5SLh/ZLibDjxFAHnwhyPS4E1SoNdpMp7VpvV26mmLWlQrToeF9kov38Vl0SnY/5Mx+6YbfTdZdnFKwR6uFNlqOSC1FybcTqoANM3GfIixvcTW6M7XsbVtOg3be8nbxt+ObNaooz6D15D1mXwmDCZ6t16eUp2ftOhWH8N1PLh0P8AjJgyykObejViZGSkrp3PR0nt7T20sYrG0qY/i1FTzIB5C4H9w98w1Dds2SB++n6TDbw7ZSkppLdqzjhREsWu+QyIN73yyNyLayHR2xiMbWGF2fTFRyOIucgEsLsQ1uAAsASeeQBJE6buH7NKWBb5RXbt8USTxf8ADplr8RprqWN82PoFubzKOEbd5+BU4vaUYLdpZvnwXTn105XJfst3OGzsKONR8oqgNWPNf6aQPRfiSTN2iJZFAIiIAiIgCW2pg5kAnMaddfulyIBgdt7p4TFIVqUUN+fCLi2eR5Tmu0/YiDdqGI4DqEI4gM8rObMfOdoie3YOAYjdbbeGZaaqMUMrAWyF7d5ja2mpY6zpu6m6nZcNbEBTWyIQHiSmeRvYcTDraw5XyM3KJqdGnvb26Slja6g4b7s/euvURETYRRERAEREA477Y9jYt8Vh8VRpVK1OmpBRASVPFc2UdRz8BJ+6m6VauRUxNF6FIZ8LlRUqeBCk8C9b2PQZ3HU4mupShNpyWhKoY2tRg4U3a/j3cjlXtrxRo08EoBXDrWu/CLKOFbUwQNALmw0y8pmPZVhQaD4kZioQENjmi6kX6sSP7JvFagrizqrDowBHuM9poFAAAAAsAMgANABynrpxc1PijGOJnGhKitG7vn7yTLkREzI4iIgCUOgIIIuDkQdCOkriAadvB7ONn4pcqC0KgzWrhwtNweRPCLNoNR5WmgYn2T7Upkph8dSelYgdo1RGAta1gr2y5g8p3CJ40nqZQnKDvFtdDi2F9ke0HUivtNUtcKEWpUBXqzMyG+Z66DPpK2f7DKIYHEYypUAtkiCncDkSzObWtpbnOvxCSWglOUv3NvqY7Y2x6GEpijh6S0qY5LzPVmObHxJJmRiJ6YiIiAIiIAiIgCIiAIiIAiIgCIiAIiIAiIgCIiAIiIAiIgCIiAIiIAiIgCIiAIiIAiIgCIiAf//Z"
        ],
        "tags": [
            {
                "id": -37380613,
                "name": "et aliquip incididunt"
            },
            {
                "id": -5341349,
                "name": "aliqua sed in dolore culpa"
            }
        ],
        "status": "pending"
    },
    {
        "id": 53365508111111,
        "category": {
            "id": -61031901,
            "name": "fishes"
        },
        "name": "Nemo`s father",
        "photoUrls": [
            "exercitation laboris",
            "data:image/jpeg;base64,/9j/4AAQSkZJRgABAQAAAQABAAD/2wCEAAkGBxMSEhUTExIVFRUXFRcXFxgXGBgdFxgXFxkXFhgXFxcYHSggGB4nHRcXIjEhJSktLi4uFx8zODMtNyguLisBCgoKDg0OGxAQGy0lHyUtLS8tLS0tLy0tNS0yLS0tLy4tLS0tLSstLS8tLS8tLS0tNS0tLS0vLS0tLS0tLS0tLf/AABEIAMIBAwMBIgACEQEDEQH/xAAcAAEAAQUBAQAAAAAAAAAAAAAABAIDBQYHAQj/xABCEAACAQIDBQUDCgUCBgMAAAABAgADEQQhMQUGEkFREyJhcYEHkaEUMkJicrHB0eHwIzNSgpKiskNTY8LS8RUWRP/EABoBAQACAwEAAAAAAAAAAAAAAAAEBQIDBgH/xAA2EQACAQIDBQYFAwMFAAAAAAAAAQIDEQQhMQUSQVFxYYGRobHwEyLB0eEUMkIjUvEkorLC4v/aAAwDAQACEQMRAD8A7jERAEREAREQBERAEREAREQBES1WqqgLMQAMySbD3mAXYnM95vbBhcM5p0kOIYGzcJAVTmCOI5HPLKYfHe2rhF1wdRDa4FXINcaXvlzzsdJ7YcLnYalQKLky1h8WlS/A6tbWxBt5/H3TgG8ftUxWPUUKFHsi2XdbiY63Aytpz5Z9LzG7BO0NnWrUTfi7zILsQbcR41OoNirAHPLO4UjGUoRspPM2QoVKicoRbS1t78tT6ZiapuLvtQ2lSuncrIB2tEnvLy4lP00v9L32M2uemsREQBERAEREAREQBERAEREAREQBERAEREAREQBERAEREAREQBOde1vfJcHR7BLNWqqbLa4Uf1N4eHOdDc2BnzdvNhhjdtVuDi4Ayl2B0CKuYJJ58I875Q5KMXJ8DOnBzkorVl3dDYHZotaov8RrlQ2qqRazDQkjPPMX85sdSoD84fvylysWHj5/nIzMD+X6flKOc3UlvSOvoUlSgox0LXyamCGVFBGhCi48jylwVL+ctFrS3U6ieEhRIJwr0MSmLwpVKqm5ByV75E3t3CRrkQefO/a919urjKIe3BUFhUQ6q35Gx9xzOs5AWuPGZHd3bD4esrrnbJh1Tmv4jxAkmliJQavp79+RX4zZ0KsW4K0te/8APrnxkdriR8JiVqotRDdWAIPgZIlocq1Z2YiIgCIiAIiIAiIgCIiAIiIAiIgCIiAIiIAiIgCIiAIiIBit5WqjC1jRCmp2b8AY2HFwm2c+fPZ7VLPiKhu1Q8BJY6hixPrcZ+k+kMce4dfS1/jPmTZmOGCx1dKgspqOhyW4u90NzoLEX0yzmrERcqLS95pkvAzjCvFy95NG8vX6grIlWXsTUXwt7pjHrHlpKeKOuiiQ1TrLIq2lgxMt0zLgfpBbO8KJ6zKvzmVfMgffB72m+7h7xIimhWYKpJKscgCdVvyB1HjfqJ0Km4IuCCDoRpPnqptzD08jVUn6tz8RlJeyd6+E3ofKbf8ATp1CD5hcjpzk2hVqKO7uNo5/H4XDym5/FjFvVNq1/VeZ32Jom7++zuAK9DEKObNQqLb7Xdt93rN3pVAwDKQQRcEaEHmDJqd1o11KScVF2TT6O/vvsXIiJ6YiIiAIiIAiIgCIiAIiIAiIgCIiAIiIAiIgCInhNoAInLParutQrI1bupVGSsCMznYEatn001ytOlVcYoBsb21toOec43vNvB8sqcafyRfgGfeHKob9eXQW0zmFWr8KN+ZLwOF/U1d29ks30/Ppd8LGBwVDs0VOItwi1z+8h4S/aeoJS5lU3fNnYRioqy0RSxkHaO1Eo5W4nNrINTfLM8pdx2J4FLWudFHVzkBYeM2DdrdfsLV8R367AHPPs/AfW0z5aCScPh/iXb0K7H410Vuw/c/Je9OmZjdk7r4vFWbEVDhqf9CfzGHib931v5Cbhs/2f7PTM0BUbrUd2v5qTw/CMftujhU461QKOQ1ZrclAzMxf/wB0xNW/yXDKicqmIvn4rTWxt4mWX9OlHgkc7L4uInZ3m/H8JdTdsJsTDJYJh6KgaWpoPwmWRbZDIdBOaDbe0j/+mgv2aFz6cTyLUXFOP4uPxLZWPAVpg8tEE1SxtJcb933sZw2ZiG/2KPVr/rf0OpYvG0qC8dWqlJRzdgo95M82JvHg65K0MTQdr34UdSbnnwg3znJaWwqIbiZTUYaGoxcjy4tJJxGEQ2uqm2YyzHkeXpNE8fBuyi7EmGxqjV5TSfKza8fwdwialuPtztU7F2JqIMixuWXz5kfdNtm6E1Nb0Svq0Z0puE1mIiJmaxERAEREAREQBERAEREAREQBERAERMJvVtv5Jh6lUIWKU2fWw7oJ115cgYSuBvPvRhsBT7TEVAt8lUZux6KvMzku1/bTVLjscIBT1BrE8TDwC91fS8wmy6dXaddsbjCWVTw01+hlnwgNc8IuPM+Vpm8XgqTKENNSoFgOQA0AykarjI05bqV7alnhdmSrQ3m7csr+/b4kzG76LtDZuIK0uCoKVRXIAAB4CbKeeg56ETVdktehTtyQD/Hu/hNqwWyKdKg1BBYMHvqc3Bvnz6eQE0zd8MtNqbDOm5U+ep+N5sxsL04yN2yXuV5Q5p+X4uZpJZ6y6DlLGKqhEZjyBPu6StSvkdDJpK7Je6WzhicZxEXp4fvHoar/ADR42FzM/vxtz5Ml1HFUc8NNerHIegk/c3ZvyXB3qWFR71Kp+s3eI9BYek0OtivleJfEnNE7lEcrA5v5ky3k1h6XT1OZUZ4utZZb2fSK/GXW5Vgtk3ftsQ5q1T1+Yngqnp+F5m0aQ6TSQplLOpKbvJ3Z0VOhTox3KasvfiyWDLoMiK0uK0wPGi9eW6hgGekQeWKcHiWpVFqIbFTcH8D1E65sraCYimtRDkdR0bmD++k49UMyu6m2zhqwuf4TkK45L0f0+6834et8OWejIePwf6iG9H9y07ez7HWoiJbHLiIiAIiIAiIgCIiAIiIAiIgCIiAJyj27bb7PDjDq54qptwgDNRYte+ZFiBlzInV5x/2zYHgxWBrtlQNbhcnMdpcMoN9LqG9xhy3U32GUIb8lHmzH4HDOlGnTACBKarYa5AXufO89wtO9QAm9rt7v1IlzFVSRn3R0Gv6SNsZr1an1UQf5s1/9iyqwcN+rG/Xwz9Tq8VN0sNJrLRLvy9LszQM0jDj+PiTy7Zvfc3/CbsvKaVsrvdq/J61Rh5Ey2xr/AKPeip2bH/UrsT+i+pNRZRgqHyjF0qP0VIqv9lD3QfNuH3GSEXInpMhuHhv5uIP/ABH4V+xTJF/U390g4OG9Uvyz+3mWu0qm7S3F/LLu4/bvJntC2kUw60ENnrtweIU/OPuymvrhxTRVGgH7/fjKdp4jt8fUfVaIFNPPVj5/OE9xVTMCe42d57i4ephsqlaDqv8Ak8ui087vwKka0q7WWOOUEyDulrYmrXl9KsxgMvUqkxcTxxRlFeVEyNRaXWM8NTWZHxFXlKUnqUi1QKBckgAdSTYCb1T9nx4LmtZ7acIKg9NbnzmynRlUXyo018XSw9viO1+xvvy4Gxbn4/tsJTJN2T+G3mmQv4leE+szs0bcbjw9Wrhaw4X+eo+ibZMVPMEcPjkehtvMtKEm4K+uhzGNpqFeW7o81ys88vTyERE2kQREQBERAERLdWoFBJvYdASfcMzALkTle/Hta+S1DQw2HD1bZtUPdUnQcCZsfDiHKRsHvNjatJXrVijOoYoqrTCXF+Eavl4n3TVWqqkryJOGws8RK0cjrssVcQi/OdV82A++ckr4ln+fUd/tM7ffIxKjkPcP/KRP13KPn+CyjsdPWb8P/R1p9tYYa4iiPDtEv7rzH47fLBUVLPXFhrwpUf4IpM5jUqdF+H6SBUc3nn6yT4IkR2LSf8n5HU9l7/4LEqWoO9QA52UgjxIexAnuL3mVgR2IItn2hFreK2z984RjEqYHEriqV+zLd9RkLG3Ep8GzI8Z2CjSSvhmqIbq9FnUjWxU5ecs6LhUipFLWw8qM5QlqvNe/d7nPMPtZ8W1bEMFVWqcFJUVVUU1zBAUZkkm5NzkBewEmbu11Y1wCOJXUEcwAosT4X4vdNR3c2hVdkoUVXslBLEg3sSTxX5a2A/Y2nZ+EFJnqWHG7ZsL5qAAoPukBVFSrOb5aLk3b825F1GH6jCQpwejzb5pPj1yvpcyW2Mb2OHq1OYWw+0e6PiRMBsmhwU0XoM/M5mSt6qwdKNIH59Qsw8EFyPiJ7hRYEzdjaiajFdTzZVK05za0+X6v6Fna1fgovbW3xNlmx8QweB4udKnYDqxsM/Nm++ai7dpXo0zo9ZQfJbsfumf9oOI/g06K61agFvqqeIn7pswa3abk/djVtSTlW3Vqkkusn/gwOyqfDTBbNmPGx5ktnn6WlXFckyqu+XkJapAmwAuSbAdSchK1tybk+JeU4KnBRWiVvBF5BchQCSTYWzJPSwm2bH3HrVbNUZaY6HvP/iDYe8ydu7stMMnaPbjsSzHRQMyB4dTznPt69+8RVYkVqlCjeyU6ZKsQObsveJ6i9he3iZkcNCC/qZvkUlfaVWq2sPaMVrJ/m9lyyv2o6efZwlsq5v4otvcLH4zTtubCrYSoBUAsfmuvzXtqBf6X1T8ZjvZrvw6YkCvjanyezca1izi9u7Ytcp5g2y8Z2XaeFpY7CEKwZaiB6T9CRxU3Hw9CRPZ4eE4/KrP3qRqO069Coviy3oP3dZLT8dq5FQaTBpIFC/MWtqOhGRHvk2mcpVPU6aazI1fGNQ/jJYOg4lLC4BXMEjnaU7s+0nHtiEX5TTxAZ1VkqKiLZmAuHRQV11zHgZVjqAdWU6MpU+RFjObbu4CqcVTXgYEN37g2Ci/Fc+IuPWTcK/klnpmU+0Yp1Kacb72V+Wn3v3H1PtzDhwuIp/zKLcYI1Kr/ADKZ814hM5eaN7L6RTC1FPzTXbh6W4Kd7et/W83PCHuL9kD3ZGTIWfzriikrpwbpPPcbXc/pe772X4iJsI4iIgCIiAJqvtB3iGCwlWoAeK3CuoHE2S58/IGbVOMe37ajcFCgoIVmZiTlfgtYBSL2ub8QyytzmUQaTudsw4io+JrFmcPcXGTNqX5Xt0Gk3coBqT71X9ZE2PhQmHpKpAXgUg8NrlhckhQBc3k7sftnysB75RV6rnNvwOsw1JUaaj49S0eHoPUsfwlPbjl8B+plZCjkvqbn4CUPXH/oAfmZrJNrkfEVCRof36CQ01kvEMTyPr+sioZmjfDJFeLwa1abU20YW8jqD6Gx9JD3Q2rXo4LaGFFzUo02emNbcYYMVHO2bgeMyNNpD2fVOH2nRqfQrqaLZZBrXW/W9h7jJ2BqWnuPiVG1KF4KqtY+jy8r91yDuiijDKyjhLFuI2FiVYgXy6TI/Ks7EX8VzHrbSY+pR+QV2wzqBSdi9B7i1mPzSOVshe3TrMhxgDX/ANyPiIOFR7xLwE41KMd3gkn14+LuyLi0Vir6kXCnwNvynr17J5/lLdast9RI71LjXnEb2Jiik8j3ZQvjaH1VrP5GyLf/AFH3zI7ytx4ul9Sk7epNrzGbMNsWh/6NT76cmbRe+JqeFKmB6lyf34Sz0wj6P/kUVSO9tDP+5eUL/Qj4gzKbq0OKqWI+YCfut/u+ExFWZrdeuFcg/SFh5m1h+/CQqNlUjfn78yyx288NU3dbeXHyNvxlMvRqIDm1N1HmykfjOQb2bDqMEqU0J4QVdBqpve9ufMHnkJ2Cm8jYzY9KsSx4lY6shsT5ggg+dpYVqUpNShqufE5rC1qUYSpVU92Vs1qmvU4hsrZtRSWZGBI4VW3eYkjILr4W8Z9Nbp4dsPg8PRf51Oiit9oKLgeRuJrGxd28NQcVQrPUGj1Dcr4qAAoPja8z+L2mtJGqObBRfz6AeJOUzpwavKZpryhO1Okm126ts59t2mFxVYDTtnP+R4vxluiZFr4hqtRqjauxJ8L8h4AWHpJFKUVRpzbXN+p2dODjTjGWqST6pFVZcpldgbqUMQvaDEVV7x46Y4Mmveym2QIzGusxrSrZuPfD1OJOeTA6EeP4GZ0JwjL51dEfE06tSnalK0lp9n1587cDqGCppQprTpgKijIfEkk6km5JOt5G3W25TemwZ1UrUe3EwF1di6kX8yP7ZrGJ3nDUyoVgxFtRYX1z1+EwFKwHByI18eVpNxGLinH4eazKfC7MnKE/j3TbVuLyvd6u97naadVWF1II8Df7pdnE6CspurFW5EGx94mcwW92KoqbgYgAZK5sxPQVLEjzIMwhjIt2krGNXZE4q9OV+qt4apnUImsbp76YbH8SUy1OsgvUoVRw1VGl7aMuY7wJ1F7XmzyaVGmTEREATift8phxRqq9+EshAPd72fI63XpO2Tkft6wpOHRwMldSc/NBlyzYe+ZRC1MVsJ74aiVJC9kgBYgMQFAztrpJppi+bXPgL/feYTcrEXwdK5BI4xroAzcIIy5W9LTNrUJ0/wBI/Ezn6icZtdp19GTlTjLml6DsR/Sf7jYfjKGYDp6Z/E5T1lJOZHxY+7lKHpgZn/V/4iYmxdpHrPxZC5/fuEjDpJjNfJRfz/LSRaqW5zNG+PI8pmY7eRG7IVE+fRday+aa/C59JkRPXW9x1FvfM4ScJKS4GNWkqsHB6NWPd7eDEJhMRwhkJsQQCOCslxr9ZU98gYVFWlilCju0+Ncvmg0ytl6C9PQdfGW9ghq2zauH1qUGZV8TTbtKfpcW9Jc2fiFLI9+5VTgPlUtwk+PFZf7zLmpJKvCXCSt78jnKF54SpH+UWpfR9uVm7aXMPh2sB5CXLi5t1ljsivdb5y90/aXI/EGeK2cgWL2lNWTWhOwJtXpnwqj/ACCN/wBkuY9rYip9ml9zH8ZHVwr0n/pcH0YGn/339JXtq4rt4oh/3A/cPfJSd8K1y+9/qQq8d3HKXPP/AGuP0KO1zkui0w4aTsPUkKUcizhK5s+B226izrxDqD3vW+sy1PbtLnxj+38pp9OtLnbzOOLrRVtepCq7Lw9R3s10y8rNLuRtdTeNR8xWJ+tZR+J+Ew+P2g9Yg1GuBooyUenM+JmDq4zO156taY1a1WorSeXJG3D4GhRe9BZ83m/x3GRJEuUnmPSrJCVJFcbE0mhpS8tCpKKtbKeGNrEoNLZfMeYkai9xeXcMLuPDOLHnC5PWt+7flLocGUg+RnpQHUWMxNTsYza+LbB1KW0KNu0osA4vbtaTGzUydM762JGVtJ2vYO1aeLw9LEUjdKihh4HRlPiCCD4gzhu93GMJU4SLZBr68JIuBlmTpY21Oc6J7D0I2TSJv3qlYi/TtGXLwuD6ky0wbbp25M57asEqya4o3+IiSyrE5/7XdnPUwFZr34AXsF5LZxnmfo65DynQJiN4E4qTJYniU/RJy553AX1I9ZlHUHCvZ9iVOHKDh4kc30vZswb9L3GnKbK9UcyT4DIes0HdMjD4ypQdity1MZZFlbu36XF7fa8RN/Sw0W58f3lKXFw3ar7c/fedRgainQj2Ze+48QsclAUeH5x2IGt2PT8/1nrVjzPouQ9W/KU8JIyyHuH6+sjkzPoU1KnL4DT9fukapT5n3fnJDELn8eZ8uko7O+bach1mSyM07EE9Z6rS9UTiNhoPcJQlFmYIilmJsANSTyAmSzNya4mP9nrVGxWKpkEszA2tnfiYfdaXa2y1ptVprUWpSLsVtoOI95FPNQ3FZhrOqbn7mU8GXxDC+IqqA5uSqgD5qjTzPOcl2axV6+HexahVZbjQoxLIR6ZeglniXJ0I5aWv5/c53Z0ofrJ53vvW7c7vrkr919NaMbhmqKWObrYP9cDJagt1Fg3Q+BvMM02tAQcsvGa1sdXxQqFVB4GtcZCpe+g5GwBIv9ITVGUq12lnx+/48CfPcw1oOWTvu34aZX5Z5Puedr+KQylSbXBWS8eTVopWt3kuHHTQP7iAfLzkCpRZTYgiX8DjuzYki6t88dbZBgOZtkRzHkJtoyWcXozHFJzSmv3R81+PS/GxCLSRh6sq2hgezs6Z0mzUjRb8vLofTziU3tMJwadmZ0K6kt5GWR5UWykSjUkmm00NE/euikYAWDcRDnXmufK0tMKq/QDD6p/Ayaz3lN54pPiYfCsvldvfbchjHMNaVT3GXF2g50pP7jJtJ5KSrPHJcjzcqf3eSMcjYhtKYXxY/lJeHwZB4qjcVuX0f1l815aqVrzC7eVrHqp8ZO/vsLtWp0k7B0CovzPw8JYweGseJteQ6TIZfv8AeU1N2yPZM8v1la+H7/fjPI4OY935GYmBr2/uIKYbhGXE6qfKxa2o/p0zFr6ZEdk9m+FNLZmDQgg9gjEG9wXHHYg6fOnG6eB/+W2jRwaE9lT4nrkZWRSA4F9DomV83vyM+hqaAAAAAAWAGgA0AHKW+Fg401fjn77jmNo1FOu7cLL7lyIiSCCJS63EqiAcK9tO7fZ1hjkY8RKlx04T3XFtLd0el+UgbtbdGKThbhWouTC9gfrKPQ5cp3bH7Np1lZWUHi+dkM8rZnyynDd7/ZhXwb9vg3BQNdVJs6nM2Vjkwy5n3zXWoKsrcSZg8W8PLseq98eRmlUD6x8clEpep6n4eg5+c1DZe9xBNPFgob5HgItrkyai3W3n1mzYPadCobU6yM2f0gWy1suplROjOD+ZfY6KjXp1VeDv2cffS/YSOzsbnNun4mWmJY2B8z+XhKmzuBkOZPPzP4Smq4AsNPv8fKYElXv2nrHRUBNyAABcknIZcyeQnRd0d2hh17SoAazDPmEB+iPHqfTTWNubuz2Vq9YfxSO6p+gDzP1j8Bl1m4yyw2H3Vvy1KDaOP3r0aby4vn2dPXpqnMfaXuXVdvl2ByrgWqUwMqq62tzb9+M6dEmcLPQqIycXvRdmfLmN2rjKgNAYOqlQizAJV47c7Lwgr63nUt2dy6lLCUVKhH4FLLzDGxdmPv8AgPCdQInnDFJRp/tVjZWr1KzTqO/vsOM76bHqUkVuxepaoobs14n4DxC9tbXA8fiRA2fuJiKy1Kjr8lpqoZWxB4bixJLAX7Maa59QNJ1neXb9HA0w72L1G4KaXAao9shfkANTyHUkA8z23t7EYn+ZU7uoRRZQetufmSZHxVSmnvNZ293LPZkK9SO7FpRT1au+i9eFuw1bB0KtM2QcYY27M3IYnLIWuCfAZ30Mr2psFkYLwNRqEX7Gr3SQb50zowyOQv6aTet0sCuGpVNo4gd1ARSU5cTkhVIv1YhF8WJ5Ay7uRVbFY6o+I/iXoPxcQBW3EihQpyAzOXn4zXTqO0Yzzvp0JmIhFTqTou24s+2XK2mXHtehyivRembOpTz09DofSVU8QRPoPG7nYSpeyGlf/lmwt0CMCg9BMDi/ZhRY3Vk9aQ4v81I+6bnQT0ZDp7UtqjkC4uXVrzoeN9lDEHsnRW5Xd7X8Qytl5SLh/ZLibDjxFAHnwhyPS4E1SoNdpMp7VpvV26mmLWlQrToeF9kov38Vl0SnY/5Mx+6YbfTdZdnFKwR6uFNlqOSC1FybcTqoANM3GfIixvcTW6M7XsbVtOg3be8nbxt+ObNaooz6D15D1mXwmDCZ6t16eUp2ftOhWH8N1PLh0P8AjJgyykObejViZGSkrp3PR0nt7T20sYrG0qY/i1FTzIB5C4H9w98w1Dds2SB++n6TDbw7ZSkppLdqzjhREsWu+QyIN73yyNyLayHR2xiMbWGF2fTFRyOIucgEsLsQ1uAAsASeeQBJE6buH7NKWBb5RXbt8USTxf8ADplr8RprqWN82PoFubzKOEbd5+BU4vaUYLdpZvnwXTn105XJfst3OGzsKONR8oqgNWPNf6aQPRfiSTN2iJZFAIiIAiIgCW2pg5kAnMaddfulyIBgdt7p4TFIVqUUN+fCLi2eR5Tmu0/YiDdqGI4DqEI4gM8rObMfOdoie3YOAYjdbbeGZaaqMUMrAWyF7d5ja2mpY6zpu6m6nZcNbEBTWyIQHiSmeRvYcTDraw5XyM3KJqdGnvb26Slja6g4b7s/euvURETYRRERAEREA477Y9jYt8Vh8VRpVK1OmpBRASVPFc2UdRz8BJ+6m6VauRUxNF6FIZ8LlRUqeBCk8C9b2PQZ3HU4mupShNpyWhKoY2tRg4U3a/j3cjlXtrxRo08EoBXDrWu/CLKOFbUwQNALmw0y8pmPZVhQaD4kZioQENjmi6kX6sSP7JvFagrizqrDowBHuM9poFAAAAAsAMgANABynrpxc1PijGOJnGhKitG7vn7yTLkREzI4iIgCUOgIIIuDkQdCOkriAadvB7ONn4pcqC0KgzWrhwtNweRPCLNoNR5WmgYn2T7Upkph8dSelYgdo1RGAta1gr2y5g8p3CJ40nqZQnKDvFtdDi2F9ke0HUivtNUtcKEWpUBXqzMyG+Z66DPpK2f7DKIYHEYypUAtkiCncDkSzObWtpbnOvxCSWglOUv3NvqY7Y2x6GEpijh6S0qY5LzPVmObHxJJmRiJ6YiIiAIiIAiIgCIiAIiIAiIgCIiAIiIAiIgCIiAIiIAiIgCIiAIiIAiIgCIiAIiIAiIgCIiAf//Z"
        ],
        "tags": [
            {
                "id": -37380613,
                "name": "et aliquip incididunt"
            },
            {
                "id": -5341349,
                "name": "aliqua sed in dolore culpa"
            }
        ],
        "status": "pending"
    },
    {
        "id": 9223372036854324895,
        "category": {
            "id": 0,
            "name": "string"
        },
        "name": "Jobs",
        "photoUrls": [
            "string"
        ],
        "tags": [
            {
                "id": 0,
                "name": "string"
            }
        ],
        "status": "available"
    },
    {
        "id": 9223372036854324903,
        "category": {
            "id": 0,
            "name": "Dog"
        },
        "name": "doggie",
        "photoUrls": [
            
        ],
        "tags": [
            {
                "id": 0,
                "name": "Dog"
            }
        ],
        "status": "available"
    },
    {
        "id": 9223372036854324906,
        "category": {
            "id": 0,
            "name": "string"
        },
        "name": "fish",
        "photoUrls": [
            "string"
        ],
        "tags": [
            {
                "id": 0,
                "name": "string"
            }
        ],
        "status": "available"
    },
    {
        "id": 9223372036854324909,
        "category": {
            "id": 0,
            "name": "string"
        },
        "name": "fish",
        "photoUrls": [
            "string"
        ],
        "tags": [
            {
                "id": 0,
                "name": "string"
            }
        ],
        "status": "available"
    },
    {
        "id": 9223372036854324910,
        "category": {
            "id": 0,
            "name": "string"
        },
        "name": "doggie",
        "photoUrls": [
            "string"
        ],
        "tags": [
            {
                "id": 0,
                "name": "string"
            }
        ],
        "status": "available"
    },
    {
        "id": 9223372036854324911,
        "category": {
            "id": 0,
            "name": "string"
        },
        "name": "doggie",
        "photoUrls": [
            "string"
        ],
        "tags": [
            {
                "id": 0,
                "name": "string"
            }
        ],
        "status": "available"
    },
    {
        "id": 9223372036854324914,
        "category": {
            "id": 0,
            "name": "string"
        },
        "name": "Puff",
        "photoUrls": [
            "string"
        ],
        "tags": [
            {
                "id": 0,
                "name": "string"
            }
        ],
        "status": "available"
    },
    {
        "id": 9223372036854324917,
        "category": {
            "id": 0,
            "name": "string"
        },
        "name": "doggie",
        "photoUrls": [
            "string"
        ],
        "tags": [
            {
                "id": 0,
                "name": "string"
            }
        ],
        "status": "available"
    },
    {
        "id": 9223372036854324918,
        "category": {
            "id": 0,
            "name": "string"
        },
        "name": "doggie",
        "photoUrls": [
            "string"
        ],
        "tags": [
            {
                "id": 0,
                "name": "string"
            }
        ],
        "status": "available"
    },
    {
        "id": 9223372036854324923,
        "category": {
            "id": 0,
            "name": "alexqa"
        },
        "name": "cat",
        "photoUrls": [
            "string"
        ],
        "tags": [
            {
                "id": 0,
                "name": "string"
            }
        ],
        "status": "available"
    },
    {
        "id": 9223372036854324924,
        "category": {
            "id": 0,
            "name": "russian"
        },
        "name": "pig",
        "photoUrls": [
            "string"
        ],
        "tags": [
            {
                "id": 0,
                "name": "string"
            }
        ],
        "status": "available"
    },
    {
        "id": 9223372036854324928,
        "category": {
            "id": 0,
            "name": "string"
        },
        "name": "fish",
        "photoUrls": [
            "string"
        ],
        "tags": [
            {
                "id": 0,
                "name": "string"
            }
        ],
        "status": "available"
    },
    {
        "id": 9223372036854324931,
        "category": {
            "id": 0,
            "name": "string"
        },
        "name": "fish",
        "photoUrls": [
            "string"
        ],
        "tags": [
            {
                "id": 0,
                "name": "string"
            }
        ],
        "status": "available"
    },
    {
        "id": 9223372036854324932,
        "category": {
            "id": 0,
            "name": "string"
        },
        "name": "fish",
        "photoUrls": [
            "string"
        ],
        "tags": [
            {
                "id": 0,
                "name": "string"
            }
        ],
        "status": "available"
    },
    {
        "id": 9223372036854026843,
        "category": {
            "id": 0,
            "name": "string"
        },
        "name": "orange3",
        "photoUrls": [
            "string"
        ],
        "tags": [
            {
                "id": 0,
                "name": "string"
            }
        ],
        "status": "available"
    },
    {
        "id": 9223372036854324939,
        "category": {
            "id": 0,
            "name": "string"
        },
        "name": "doggie",
        "photoUrls": [
            "string"
        ],
        "tags": [
            {
                "id": 0,
                "name": "string"
            }
        ],
        "status": "available"
    },
    {
        "id": 9223372036854324943,
        "category": {
            "id": 0,
            "name": "string"
        },
        "name": "doggie",
        "photoUrls": [
            "string"
        ],
        "tags": [
            {
                "id": 0,
                "name": "string"
            }
        ],
        "status": "available"
    },
    {
        "id": 9223372036854324945,
        "category": {
            "id": 0,
            "name": "string"
        },
        "name": "doggie",
        "photoUrls": [
            "string"
        ],
        "tags": [
            {
                "id": 0,
                "name": "string"
            }
        ],
        "status": "available"
    },
    {
        "id": 9223372036854324946,
        "category": {
            "id": 0,
            "name": "string"
        },
        "name": "doggie",
        "photoUrls": [
            "string"
        ],
        "tags": [
            {
                "id": 0,
                "name": "string"
            }
        ],
        "status": "available"
    },
    {
        "id": 9223372036854324956,
        "category": {
            "id": 0,
            "name": "string"
        },
        "name": "doggie",
        "photoUrls": [
            "string"
        ],
        "tags": [
            {
                "id": 0,
                "name": "string"
            }
        ],
        "status": "available"
    },
    {
        "id": 1245,
        "category": {
            "id": 1245,
            "name": "xyz"
        },
        "name": "xyz",
        "photoUrls": [
            "test"
        ],
        "tags": [
            
        ],
        "status": "available"
    },
    {
        "id": 9223372036854324967,
        "category": {
            "id": 0,
            "name": "string"
        },
        "name": "fish",
        "photoUrls": [
            "string"
        ],
        "tags": [
            {
                "id": 0,
                "name": "string"
            }
        ],
        "status": "available"
    },
    {
        "id": 9223372036854324970,
        "category": {
            "id": 0,
            "name": "string"
        },
        "name": "doggie",
        "photoUrls": [
            "string"
        ],
        "tags": [
            {
                "id": 0,
                "name": "string"
            }
        ],
        "status": "available"
    },
    {
        "id": 9223372036854324971,
        "category": {
            "id": 0,
            "name": "string"
        },
        "name": "doggie",
        "photoUrls": [
            "string"
        ],
        "tags": [
            {
                "id": 0,
                "name": "string"
            }
        ],
        "status": "available"
    },
    {
        "id": 9223372036854324972,
        "category": {
            "id": 0,
            "name": "string"
        },
        "name": "fish",
        "photoUrls": [
            "string"
        ],
        "tags": [
            {
                "id": 0,
                "name": "string"
            }
        ],
        "status": "available"
    },
    {
        "id": 9223372036854324975,
        "category": {
            "id": 0,
            "name": "string"
        },
        "name": "Puff",
        "photoUrls": [
            "string"
        ],
        "tags": [
            {
                "id": 0,
                "name": "string"
            }
        ],
        "status": "available"
    },
    {
        "id": 9223372036854324976,
        "name": "doggie",
        "photoUrls": [
            
        ],
        "tags": [
            
        ],
        "status": "available"
    },
    {
        "id": 9223372036854324980,
        "category": {
            "id": 0,
            "name": "string"
        },
        "name": "doggie",
        "photoUrls": [
            "string"
        ],
        "tags": [
            {
                "id": 0,
                "name": "string"
            }
        ],
        "status": "available"
    },
    {
        "id": 9223372036854324981,
        "category": {
            "id": 0,
            "name": "string"
        },
        "name": "doggie",
        "photoUrls": [
            "string"
        ],
        "tags": [
            {
                "id": 0,
                "name": "string"
            }
        ],
        "status": "available"
    },
    {
        "id": 9223372036854324984,
        "category": {
            "id": 0,
            "name": "string"
        },
        "name": "fish",
        "photoUrls": [
            "string"
        ],
        "tags": [
            {
                "id": 0,
                "name": "string"
            }
        ],
        "status": "available"
    },
    {
        "id": 9223372036854324988,
        "name": "cats",
        "photoUrls": [
            
        ],
        "tags": [
            
        ],
        "status": "available"
    },
    {
        "id": 9223372036854324989,
        "category": {
            "id": 0,
            "name": "string"
        },
        "name": "fish",
        "photoUrls": [
            "string"
        ],
        "tags": [
            {
                "id": 0,
                "name": "string"
            }
        ],
        "status": "available"
    },
    {
        "id": 9223372036854324999,
        "category": {
            "id": 0,
            "name": "string"
        },
        "name": "doggie",
        "photoUrls": [
            "string"
        ],
        "tags": [
            {
                "id": 0,
                "name": "string"
            }
        ],
        "status": "available"
    },
    {
        "id": 9223372036854325007,
        "category": {
            "id": 0,
            "name": "string"
        },
        "name": "doggie",
        "photoUrls": [
            "string"
        ],
        "tags": [
            {
                "id": 0,
                "name": "string"
            }
        ],
        "status": "available"
    },
    {
        "id": 9223372036854325009,
        "name": "doggie",
        "photoUrls": [
            "string"
        ],
        "tags": [
            {
                "id": 0,
                "name": "string"
            }
        ],
        "status": "available"
    },
    {
        "id": 9223372036854325012,
        "category": {
            "id": 0,
            "name": "string"
        },
        "name": "fish",
        "photoUrls": [
            "string"
        ],
        "tags": [
            {
                "id": 0,
                "name": "string"
            }
        ],
        "status": "available"
    },
    {
        "id": 9223372036854325013,
        "category": {
            "id": 0
        },
        "name": "doggie",
        "photoUrls": [
            "string"
        ],
        "tags": [
            {
                "id": 0,
                "name": "string"
            }
        ],
        "status": "available"
    },
    {
        "id": 9223372036854325014,
        "category": {
            "id": 0,
            "name": "Dog"
        },
        "name": "doggie",
        "photoUrls": [
            
        ],
        "tags": [
            {
                "id": 0,
                "name": "Dog"
            }
        ],
        "status": "available"
    },
    {
        "id": 9223372036854325015,
        "category": {
            "id": 0,
            "name": "Dog"
        },
        "name": "Piku",
        "photoUrls": [
            "https://www.google.com/url?sa=i&url=https%3A%2F%2Fwww.goodhousekeeping.com%2Flife%2Fpets%2Fg4531%2Fcutest-dog-breeds%2F&psig=AOvVaw1MJLCyU8FoYVqEYiOuiv70&ust=1707462672148000&source=images&cd=vfe&opi=89978449&ved=0CBMQjRxqFwoTCJDLmqKYm4QDFQAAAAAdAAAAABAE"
        ],
        "tags": [
            {
                "id": 0,
                "name": "string"
            }
        ],
        "status": "available"
    },
    {
        "id": 9223372036854325024,
        "category": {
            "id": 0,
            "name": "string"
        },
        "name": "fish",
        "photoUrls": [
            "string"
        ],
        "tags": [
            {
                "id": 0,
                "name": "string"
            }
        ],
        "status": "available"
    },
    {
        "id": 9223372036854325025,
        "category": {
            "id": 0,
            "name": "string"
        },
        "name": "fish",
        "photoUrls": [
            "string"
        ],
        "tags": [
            {
                "id": 0,
                "name": "string"
            }
        ],
        "status": "available"
    },
    {
        "id": 9223372036854325034,
        "category": {
            "id": 0,
            "name": "string"
        },
        "name": "doggie",
        "photoUrls": [
            "string"
        ],
        "tags": [
            {
                "id": 0,
                "name": "string"
            }
        ],
        "status": "available"
    },
    {
        "id": 9223372036854325036,
        "category": {
            "id": 0,
            "name": "string"
        },
        "name": "doggie",
        "photoUrls": [
            "string"
        ],
        "tags": [
            {
                "id": 0,
                "name": "string"
            }
        ],
        "status": "available"
    },
    {
        "id": 9223372036854325040,
        "category": {
            "id": 0,
            "name": "string"
        },
        "name": "Puff",
        "photoUrls": [
            "string"
        ],
        "tags": [
            {
                "id": 0,
                "name": "string"
            }
        ],
        "status": "available"
    },
    {
        "id": 9223372036854325041,
        "category": {
            "id": 0,
            "name": "Dog"
        },
        "name": "Lola",
        "photoUrls": [
            
        ],
        "tags": [
            {
                "id": 0,
                "name": "Dog"
            }
        ],
        "status": "available"
    },
    {
        "id": 14881488,
        "category": {
            "id": 0,
            "name": "string"
        },
        "name": "doggie",
        "photoUrls": [
            "string"
        ],
        "tags": [
            {
                "id": 0,
                "name": "string"
            }
        ],
        "status": "available"
    },
    {
        "id": 9223372036854325044,
        "category": {
            "id": 0,
            "name": "puppy"
        },
        "name": "doggie",
        "photoUrls": [
            "string"
        ],
        "tags": [
            {
                "id": 0,
                "name": "Charlie"
            }
        ],
        "status": "available"
    },
    {
        "id": 9223372036854325045,
        "name": "siyaan",
        "photoUrls": [
            
        ],
        "tags": [
            
        ],
        "status": "available"
    },
    {
        "id": 9223372036854325046,
        "name": "rats",
        "photoUrls": [
            
        ],
        "tags": [
            
        ],
        "status": "available"
    },
    {
        "id": 9223372036854325053,
        "category": {
            "id": 0,
            "name": "string"
        },
        "name": "goutham pet",
        "photoUrls": [
            "string"
        ],
        "tags": [
            {
                "id": 0,
                "name": "string"
            }
        ],
        "status": "available"
    },
    {
        "id": 9223372036854325055,
        "category": {
            "id": 0,
            "name": "string"
        },
        "name": "fish",
        "photoUrls": [
            "string"
        ],
        "tags": [
            {
                "id": 0,
                "name": "string"
            }
        ],
        "status": "available"
    },
    {
        "id": 9223372036854325056,
        "category": {
            "id": 0,
            "name": "string"
        },
        "name": "fish",
        "photoUrls": [
            "string"
        ],
        "tags": [
            {
                "id": 0,
                "name": "string"
            }
        ],
        "status": "available"
    },
    {
        "id": 9223372036854325057,
        "category": {
            "id": 0,
            "name": "string"
        },
        "name": "fish",
        "photoUrls": [
            "string"
        ],
        "tags": [
            {
                "id": 0,
                "name": "string"
            }
        ],
        "status": "available"
    },
    {
        "id": 9223372036854325058,
        "category": {
            "id": 0,
            "name": "string"
        },
        "name": "goutham pet",
        "photoUrls": [
            "string"
        ],
        "tags": [
            {
                "id": 0,
                "name": "string"
            }
        ],
        "status": "available"
    },
    {
        "id": 92502,
        "category": {
            "id": 555,
            "name": "Cats"
        },
        "name": "Milka",
        "photoUrls": [
            "string"
        ],
        "tags": [
            {
                "id": 0,
                "name": "string"
            }
        ],
        "status": "pending"
    },
    {
        "id": 933696592,
        "category": {
            "id": 1538885974,
            "name": "jHXvQ"
        },
        "name": "dmmSe",
        "photoUrls": [
            "ZJKho"
        ],
        "tags": [
            {
                "id": 1423125047,
                "name": "kmqZe"
            }
        ],
        "status": "available"
    },
    {
        "id": 9223372036854325077,
        "category": {
            "id": 0,
            "name": "string"
        },
        "name": "doggie",
        "photoUrls": [
            "string"
        ],
        "tags": [
            {
                "id": 0,
                "name": "string"
            }
        ],
        "status": "available"
    },
    {
        "id": 9223372036854325078,
        "category": {
            "id": 0,
            "name": "string"
        },
        "name": "doggie",
        "photoUrls": [
            "string"
        ],
        "tags": [
            {
                "id": 0,
                "name": "string"
            }
        ],
        "status": "available"
    },
    {
        "id": 9223372036854325079,
        "category": {
            "id": 0,
            "name": "string"
        },
        "name": "doggie",
        "photoUrls": [
            "string"
        ],
        "tags": [
            {
                "id": 0,
                "name": "string"
            }
        ],
        "status": "available"
    },
    {
        "id": 9223372036854325080,
        "category": {
            "id": 0,
            "name": "string"
        },
        "name": "fish",
        "photoUrls": [
            "string"
        ],
        "tags": [
            {
                "id": 0,
                "name": "string"
            }
        ],
        "status": "available"
    },
    {
        "id": 9223372036854325081,
        "category": {
            "id": 0,
            "name": "string"
        },
        "name": "fish",
        "photoUrls": [
            "string"
        ],
        "tags": [
            {
                "id": 0,
                "name": "string"
            }
        ],
        "status": "available"
    },
    {
        "id": 36,
        "name": "pet36",
        "photoUrls": [
            "string"
        ],
        "tags": [
            
        ],
        "status": "available"
    },
    {
        "id": 9223372036854325085,
        "category": {
            "id": 0,
            "name": "string"
        },
        "name": "Puff",
        "photoUrls": [
            "string"
        ],
        "tags": [
            {
                "id": 0,
                "name": "string"
            }
        ],
        "status": "available"
    },
    {
        "id": 9223372036854325088,
        "category": {
            "id": 0,
            "name": "string"
        },
        "name": "doggie",
        "photoUrls": [
            "string"
        ],
        "tags": [
            {
                "id": 0,
                "name": "string"
            }
        ],
        "status": "available"
    },
    {
        "id": 9223372036854325089,
        "category": {
            "id": 0,
            "name": "string"
        },
        "name": "doggie",
        "photoUrls": [
            "string"
        ],
        "tags": [
            {
                "id": 0,
                "name": "string"
            }
        ],
        "status": "available"
    },
    {
        "id": 9223372036854325095,
        "category": {
            "id": 0,
            "name": "string"
        },
        "name": "fish",
        "photoUrls": [
            "string"
        ],
        "tags": [
            {
                "id": 0,
                "name": "string"
            }
        ],
        "status": "available"
    },
    {
        "id": 9223372036854325103,
        "category": {
            "id": 0,
            "name": "Dog"
        },
        "name": "Piku",
        "photoUrls": [
            "https://www.google.com/url?sa=i&url=https%3A%2F%2Fwww.goodhousekeeping.com%2Flife%2Fpets%2Fg4531%2Fcutest-dog-breeds%2F&psig=AOvVaw1MJLCyU8FoYVqEYiOuiv70&ust=1707462672148000&source=images&cd=vfe&opi=89978449&ved=0CBMQjRxqFwoTCJDLmqKYm4QDFQAAAAAdAAAAABAE"
        ],
        "tags": [
            {
                "id": 0,
                "name": "Race"
            }
        ],
        "status": "available"
    },
    {
        "id": 9223372036854325107,
        "category": {
            "id": 0,
            "name": "string"
        },
        "name": "fish",
        "photoUrls": [
            "string"
        ],
        "tags": [
            {
                "id": 0,
                "name": "string"
            }
        ],
        "status": "available"
    },
    {
        "id": 77,
        "name": "pet77",
        "photoUrls": [
            "string"
        ],
        "tags": [
            
        ],
        "status": "available"
    },
    {
        "id": 43,
        "name": "pet43",
        "photoUrls": [
            "string"
        ],
        "tags": [
            
        ],
        "status": "available"
    },
    {
        "id": 222,
        "category": {
            "id": 7,
            "name": "Mohamed"
        },
        "name": "Poooooodle",
        "photoUrls": [
            "dummyPhotoURL"
        ],
        "tags": [
            {
                "id": 5123,
                "name": "dolorum"
            }
        ],
        "status": "available"
    },
    {
        "id": 9223372036854325113,
        "category": {
            "id": 0,
            "name": "string"
        },
        "name": "doggie",
        "photoUrls": [
            "string"
        ],
        "tags": [
            {
                "id": 0,
                "name": "string"
            }
        ],
        "status": "available"
    },
    {
        "id": 9223372036854325135,
        "category": {
            "id": 0,
            "name": "string"
        },
        "name": "fish",
        "photoUrls": [
            "string"
        ],
        "tags": [
            {
                "id": 0,
                "name": "string"
            }
        ],
        "status": "available"
    },
    {
        "id": 9223372036854325136,
        "category": {
            "id": 0,
            "name": "string"
        },
        "name": "Miel",
        "photoUrls": [
            "string"
        ],
        "tags": [
            {
                "id": 0,
                "name": "string"
            }
        ],
        "status": "available"
    },
    {
        "id": 9223372036854325137,
        "category": {
            "id": 0,
            "name": "string"
        },
        "name": "doggie",
        "photoUrls": [
            "string"
        ],
        "tags": [
            {
                "id": 0,
                "name": "string"
            }
        ],
        "status": "available"
    },
    {
        "id": 9223372036854325138,
        "category": {
            "id": 0,
            "name": "string"
        },
        "name": "doggie",
        "photoUrls": [
            "string"
        ],
        "tags": [
            {
                "id": 0,
                "name": "string"
            }
        ],
        "status": "available"
    },
    {
        "id": 9223372036854325141,
        "category": {
            "id": 0,
            "name": "string"
        },
        "name": "fish",
        "photoUrls": [
            "string"
        ],
        "tags": [
            {
                "id": 0,
                "name": "string"
            }
        ],
        "status": "available"
    },
    {
        "id": 9223372036854325142,
        "category": {
            "id": 0,
            "name": "string"
        },
        "name": "doggie",
        "photoUrls": [
            "string"
        ],
        "tags": [
            {
                "id": 0,
                "name": "string"
            }
        ],
        "status": "available"
    },
    {
        "id": 9223372036854325143,
        "category": {
            "id": 0,
            "name": "string"
        },
        "name": "doggie",
        "photoUrls": [
            "string"
        ],
        "tags": [
            {
                "id": 0,
                "name": "string"
            }
        ],
        "status": "available"
    },
    {
        "id": 9223372036854325144,
        "category": {
            "id": 0,
            "name": "string"
        },
        "name": "fish",
        "photoUrls": [
            "string"
        ],
        "tags": [
            {
                "id": 0,
                "name": "string"
            }
        ],
        "status": "available"
    },
    {
        "id": 9223372036854325145,
        "category": {
            "id": 0,
            "name": "string"
        },
        "name": "Puff",
        "photoUrls": [
            "string"
        ],
        "tags": [
            {
                "id": 0,
                "name": "string"
            }
        ],
        "status": "available"
    },
    {
        "id": 9223372036854325146,
        "category": {
            "id": 0,
            "name": "string"
        },
        "name": "Miel",
        "photoUrls": [
            "string"
        ],
        "tags": [
            {
                "id": 0,
                "name": "string"
            }
        ],
        "status": "available"
    },
    {
        "id": 9223372036854325159,
        "category": {
            "id": 0,
            "name": "Dog"
        },
        "name": "Piku",
        "photoUrls": [
            "https://www.google.com/url?sa=i&url=https%3A%2F%2Fwww.goodhousekeeping.com%2Flife%2Fpets%2Fg4531%2Fcutest-dog-breeds%2F&psig=AOvVaw1MJLCyU8FoYVqEYiOuiv70&ust=1707462672148000&source=images&cd=vfe&opi=89978449&ved=0CBMQjRxqFwoTCJDLmqKYm4QDFQAAAAAdAAAAABAE"
        ],
        "tags": [
            {
                "id": 0,
                "name": "Race"
            }
        ],
        "status": "available"
    },
    {
        "id": 9223372036854325162,
        "category": {
            "id": 0,
            "name": "string"
        },
        "name": "doggie",
        "photoUrls": [
            "string"
        ],
        "tags": [
            {
                "id": 0,
                "name": "string"
            }
        ],
        "status": "available"
    },
    {
        "id": 9223372036854325163,
        "category": {
            "id": 0,
            "name": "string"
        },
        "name": "doggie",
        "photoUrls": [
            "string"
        ],
        "tags": [
            {
                "id": 0,
                "name": "string"
            }
        ],
        "status": "available"
    },
    {
        "id": 9223372036854325164,
        "category": {
            "id": 0,
            "name": "string"
        },
        "name": "fish",
        "photoUrls": [
            "string"
        ],
        "tags": [
            {
                "id": 0,
                "name": "string"
            }
        ],
        "status": "available"
    },
    {
        "id": 9223372036854325165,
        "category": {
            "id": 0,
            "name": "string"
        },
        "name": "fish",
        "photoUrls": [
            "string"
        ],
        "tags": [
            {
                "id": 0,
                "name": "string"
            }
        ],
        "status": "available"
    },
    {
        "id": 9223372036854325166,
        "category": {
            "id": 0,
            "name": "string"
        },
        "name": "fish",
        "photoUrls": [
            "string"
        ],
        "tags": [
            {
                "id": 0,
                "name": "string"
            }
        ],
        "status": "available"
    },
    {
        "id": 9223372036854325167,
        "category": {
            "id": 0,
            "name": "string"
        },
        "name": "Miel",
        "photoUrls": [
            "string"
        ],
        "tags": [
            {
                "id": 0,
                "name": "string"
            }
        ],
        "status": "available"
    },
    {
        "id": 9223372036854325168,
        "category": {
            "id": 0,
            "name": "string"
        },
        "name": "fish",
        "photoUrls": [
            "string"
        ],
        "tags": [
            {
                "id": 0,
                "name": "string"
            }
        ],
        "status": "available"
    },
    {
        "id": 9223372036854325175,
        "category": {
            "id": 0,
            "name": "puppy"
        },
        "name": "doggie",
        "photoUrls": [
            "string"
        ],
        "tags": [
            {
                "id": 0,
                "name": "Charlie"
            }
        ],
        "status": "available"
    },
    {
        "id": 9223372036854325176,
        "name": "siyaan",
        "photoUrls": [
            
        ],
        "tags": [
            
        ],
        "status": "available"
    },
    {
        "id": 9223372036854325178,
        "category": {
            "id": 0,
            "name": "string"
        },
        "name": "Miel",
        "photoUrls": [
            "string"
        ],
        "tags": [
            {
                "id": 0,
                "name": "string"
            }
        ],
        "status": "available"
    },
    {
        "id": 9223372036854325179,
        "category": {
            "id": 0,
            "name": "Dog"
        },
        "name": "Piku",
        "photoUrls": [
            "https://www.google.com/url?sa=i&url=https%3A%2F%2Fwww.goodhousekeeping.com%2Flife%2Fpets%2Fg4531%2Fcutest-dog-breeds%2F&psig=AOvVaw1MJLCyU8FoYVqEYiOuiv70&ust=1707462672148000&source=images&cd=vfe&opi=89978449&ved=0CBMQjRxqFwoTCJDLmqKYm4QDFQAAAAAdAAAAABAE"
        ],
        "tags": [
            {
                "id": 0,
                "name": "Race"
            }
        ],
        "status": "available"
    },
    {
        "id": 9223372036854325181,
        "category": {
            "id": 0,
            "name": "string"
        },
        "photoUrls": [
            "string"
        ],
        "tags": [
            {
                "id": 0,
                "name": "string"
            }
        ],
        "status": "available"
    },
    {
        "id": 9223372036854325186,
        "category": {
            "id": 0,
            "name": "string"
        },
        "name": "Miel",
        "photoUrls": [
            "string"
        ],
        "tags": [
            {
                "id": 0,
                "name": "string"
            }
        ],
        "status": "available"
    },
    {
        "id": 9223372036854325187,
        "category": {
            "id": 0,
            "name": "string"
        },
        "photoUrls": [
            "string"
        ],
        "tags": [
            {
                "id": 0,
                "name": "string"
            }
        ],
        "status": "available"
    },
    {
        "id": 9223372036854325194,
        "category": {
            "id": 0
        },
        "photoUrls": [
            "string"
        ],
        "tags": [
            {
                "id": 0,
                "name": "string"
            }
        ],
        "status": "available"
    },
    {
        "id": 9223372036854325198,
        "name": "doggie",
        "photoUrls": [
            "string"
        ],
        "tags": [
            {
                "id": 0,
                "name": "string"
            }
        ],
        "status": "available"
    },
    {
        "id": 9223372036854325199,
        "category": {
            "id": 0,
            "name": "Dog"
        },
        "name": "Piku",
        "photoUrls": [
            "https://www.google.com/url?sa=i&url=https%3A%2F%2Fwww.goodhousekeeping.com%2Flife%2Fpets%2Fg4531%2Fcutest-dog-breeds%2F&psig=AOvVaw1MJLCyU8FoYVqEYiOuiv70&ust=1707462672148000&source=images&cd=vfe&opi=89978449&ved=0CBMQjRxqFwoTCJDLmqKYm4QDFQAAAAAdAAAAABAE"
        ],
        "tags": [
            {
                "id": 0,
                "name": "Race"
            }
        ],
        "status": "available"
    },
    {
        "id": 9223372036854325200,
        "category": {
            "id": 0,
            "name": "Cat"
        },
        "name": "Dog",
        "photoUrls": [
            "string"
        ],
        "tags": [
            {
                "id": 0,
                "name": "string"
            }
        ],
        "status": "available"
    },
    {
        "id": 9223372036854325201,
        "category": {
            "id": 0,
            "name": "string"
        },
        "name": "fish",
        "photoUrls": [
            "string"
        ],
        "tags": [
            {
                "id": 0,
                "name": "string"
            }
        ],
        "status": "available"
    },
    {
        "id": 9223372036854325202,
        "category": {
            "id": 0,
            "name": "Dog"
        },
        "name": "Cat",
        "photoUrls": [
            "string"
        ],
        "tags": [
            {
                "id": 0,
                "name": "string"
            }
        ],
        "status": "available"
    },
    {
        "id": 9223372036854325203,
        "category": {
            "id": 0,
            "name": "Cat"
        },
        "name": "Dog",
        "photoUrls": [
            "string"
        ],
        "tags": [
            {
                "id": 0,
                "name": "string"
            }
        ],
        "status": "available"
    },
    {
        "id": 9223372036854325204,
        "category": {
            "id": 0,
            "name": "string"
        },
        "name": "fish",
        "photoUrls": [
            "string"
        ],
        "tags": [
            {
                "id": 0,
                "name": "string"
            }
        ],
        "status": "available"
    },
    {
        "id": 9223372036854325205,
        "category": {
            "id": 0,
            "name": "Dog"
        },
        "name": "Cat",
        "photoUrls": [
            "string"
        ],
        "tags": [
            {
                "id": 0,
                "name": "string"
            }
        ],
        "status": "available"
    },
    {
        "id": 131,
        "category": {
            "id": 0,
            "name": "dickey"
        },
        "name": "doggie",
        "photoUrls": [
            "string"
        ],
        "tags": [
            {
                "id": 100,
                "name": "bowman"
            }
        ],
        "status": "available"
    },
    {
        "id": 9223372036854325206,
        "category": {
            "id": 0,
            "name": "string"
        },
        "name": "doggie",
        "photoUrls": [
            "string"
        ],
        "tags": [
            {
                "id": 0,
                "name": "string"
            }
        ],
        "status": "available"
    },
    {
        "id": 9223372036854325207,
        "category": {
            "id": 0,
            "name": "string"
        },
        "name": "doggie",
        "photoUrls": [
            "string"
        ],
        "tags": [
            {
                "id": 0,
                "name": "string"
            }
        ],
        "status": "available"
    },
    {
        "id": 9223372036854325208,
        "category": {
            "id": 0,
            "name": "Dog"
        },
        "name": "Piku",
        "photoUrls": [
            "https://www.google.com/url?sa=i&url=https%3A%2F%2Fwww.goodhousekeeping.com%2Flife%2Fpets%2Fg4531%2Fcutest-dog-breeds%2F&psig=AOvVaw1MJLCyU8FoYVqEYiOuiv70&ust=1707462672148000&source=images&cd=vfe&opi=89978449&ved=0CBMQjRxqFwoTCJDLmqKYm4QDFQAAAAAdAAAAABAE"
        ],
        "tags": [
            {
                "id": 0,
                "name": "Race"
            }
        ],
        "status": "available"
    },
    {
        "id": 132,
        "category": {
            "id": 0,
            "name": "dickey"
        },
        "name": "doggie",
        "photoUrls": [
            "string"
        ],
        "tags": [
            {
                "id": 100,
                "name": "bowman"
            }
        ],
        "status": "available"
    },
    {
        "id": 9223372036854325209,
        "category": {
            "id": 0,
            "name": "string"
        },
        "name": "Puff",
        "photoUrls": [
            "string"
        ],
        "tags": [
            {
                "id": 0,
                "name": "string"
            }
        ],
        "status": "available"
    },
    {
        "id": 134,
        "category": {
            "id": 0,
            "name": "dickey"
        },
        "name": "doggie",
        "photoUrls": [
            "string"
        ],
        "tags": [
            {
                "id": 100,
                "name": "bowman"
            }
        ],
        "status": "available"
    },
    {
        "id": 9223372036854325210,
        "category": {
            "id": 0,
            "name": "string"
        },
        "name": "doggie",
        "photoUrls": [
            "string"
        ],
        "tags": [
            {
                "id": 0,
                "name": "string"
            }
        ],
        "status": "available"
    },
    {
        "id": 9223372036854325214,
        "category": {
            "id": 0,
            "name": "Dog"
        },
        "name": "Piku",
        "photoUrls": [
            "https://www.google.com/url?sa=i&url=https%3A%2F%2Fwww.goodhousekeeping.com%2Flife%2Fpets%2Fg4531%2Fcutest-dog-breeds%2F&psig=AOvVaw1MJLCyU8FoYVqEYiOuiv70&ust=1707462672148000&source=images&cd=vfe&opi=89978449&ved=0CBMQjRxqFwoTCJDLmqKYm4QDFQAAAAAdAAAAABAE"
        ],
        "tags": [
            {
                "id": 0,
                "name": "Race"
            }
        ],
        "status": "available"
    },
    {
        "id": 9223372036854325217,
        "category": {
            "id": 0,
            "name": "string"
        },
        "name": "doggie",
        "photoUrls": [
            "string"
        ],
        "tags": [
            {
                "id": 0,
                "name": "string"
            }
        ],
        "status": "available"
    },
    {
        "id": 9223372036854325220,
        "category": {
            "id": 0,
            "name": "string"
        },
        "name": "fish",
        "photoUrls": [
            "string"
        ],
        "tags": [
            {
                "id": 0,
                "name": "string"
            }
        ],
        "status": "available"
    },
    {
        "id": 9223372036854325243,
        "category": {
            "id": 0,
            "name": "string"
        },
        "photoUrls": [
            
        ],
        "tags": [
            {
                "id": 0,
                "name": "string"
            }
        ],
        "status": "available"
    },
    {
        "id": 9223372036854325247,
        "category": {
            "id": 0,
            "name": "Dog"
        },
        "name": "Piku",
        "photoUrls": [
            "https://www.google.com/url?sa=i&url=https%3A%2F%2Fwww.goodhousekeeping.com%2Flife%2Fpets%2Fg4531%2Fcutest-dog-breeds%2F&psig=AOvVaw1MJLCyU8FoYVqEYiOuiv70&ust=1707462672148000&source=images&cd=vfe&opi=89978449&ved=0CBMQjRxqFwoTCJDLmqKYm4QDFQAAAAAdAAAAABAE"
        ],
        "tags": [
            {
                "id": 0,
                "name": "Race"
            }
        ],
        "status": "available"
    },
    {
        "id": 9223372036854325248,
        "category": {
            "id": 1,
            "name": "string"
        },
        "name": "doggie",
        "photoUrls": [
            "string"
        ],
        "tags": [
            {
                "id": 0,
                "name": "string"
            }
        ],
        "status": "available"
    },
    {
        "id": 9223372036854325249,
        "category": {
            "id": 0,
            "name": "string"
        },
        "name": "doggie",
        "photoUrls": [
            "string"
        ],
        "tags": [
            {
                "id": 0,
                "name": "string"
            }
        ],
        "status": "available"
    },
    {
        "id": 9223372036854325250,
        "category": {
            "id": 0,
            "name": "string"
        },
        "name": "doggie",
        "photoUrls": [
            "string"
        ],
        "tags": [
            {
                "id": 0,
                "name": "string"
            }
        ],
        "status": "available"
    },
    {
        "id": 9223372036854325252,
        "category": {
            "id": 0,
            "name": "string"
        },
        "name": "fish",
        "photoUrls": [
            "string"
        ],
        "tags": [
            {
                "id": 0,
                "name": "string"
            }
        ],
        "status": "available"
    },
    {
        "id": 123,
        "category": {
            "id": 1,
            "name": "cat"
        },
        "name": "cat",
        "photoUrls": [
            "string"
        ],
        "tags": [
            {
                "id": 0,
                "name": "string"
            }
        ],
        "status": "available"
    },
    {
        "id": 9223372036854325265,
        "category": {
            "id": 1,
            "name": "string"
        },
        "name": "doggie",
        "photoUrls": [
            "string"
        ],
        "tags": [
            {
                "id": 0,
                "name": "string"
            }
        ],
        "status": "available"
    },
    {
        "id": 9223372036854325267,
        "category": {
            "id": 0,
            "name": "string"
        },
        "name": "doggie",
        "photoUrls": [
            "string"
        ],
        "tags": [
            {
                "id": 0,
                "name": "string"
            }
        ],
        "status": "available"
    },
    {
        "id": 9223372036854325268,
        "category": {
            "id": 1,
            "name": "string"
        },
        "name": "doggie",
        "photoUrls": [
            "string"
        ],
        "tags": [
            {
                "id": 0,
                "name": "string"
            }
        ],
        "status": "available"
    },
    {
        "id": 9223372036854325269,
        "category": {
            "id": 0,
            "name": "string"
        },
        "name": "doggie",
        "photoUrls": [
            "string"
        ],
        "tags": [
            {
                "id": 0,
                "name": "string"
            }
        ],
        "status": "available"
    },
    {
        "id": 9223372036854325270,
        "category": {
            "id": 1,
            "name": "string"
        },
        "name": "doggie",
        "photoUrls": [
            "string"
        ],
        "tags": [
            {
                "id": 0,
                "name": "string"
            }
        ],
        "status": "available"
    },
    {
        "id": 9223372036854325271,
        "category": {
            "id": 1,
            "name": "string"
        },
        "name": "doggie",
        "photoUrls": [
            "string"
        ],
        "tags": [
            {
                "id": 0,
                "name": "string"
            }
        ],
        "status": "available"
    },
    {
        "id": 9223372036854325280,
        "category": {
            "id": 0,
            "name": "string"
        },
        "name": "fish",
        "photoUrls": [
            "string"
        ],
        "tags": [
            {
                "id": 0,
                "name": "string"
            }
        ],
        "status": "available"
    },
    {
        "id": 9223372036854325287,
        "category": {
            "id": 0,
            "name": "string"
        },
        "name": "fish",
        "photoUrls": [
            "string"
        ],
        "tags": [
            {
                "id": 0,
                "name": "string"
            }
        ],
        "status": "available"
    },
    {
        "id": 9223372036854325292,
        "category": {
            "id": 0,
            "name": "string"
        },
        "name": "fish",
        "photoUrls": [
            "string"
        ],
        "tags": [
            {
                "id": 0,
                "name": "string"
            }
        ],
        "status": "available"
    },
    {
        "id": 9223372036854325293,
        "category": {
            "id": 0,
            "name": "string"
        },
        "name": "doggie",
        "photoUrls": [
            "string"
        ],
        "tags": [
            {
                "id": 0,
                "name": "string"
            }
        ],
        "status": "available"
    },
    {
        "id": 9223372036854325294,
        "category": {
            "id": 0,
            "name": "string"
        },
        "name": "doggie",
        "photoUrls": [
            "string"
        ],
        "tags": [
            {
                "id": 0,
                "name": "string"
            }
        ],
        "status": "available"
    },
    {
        "id": 9223372036854325295,
        "category": {
            "id": 1,
            "name": "string"
        },
        "name": "doggie",
        "photoUrls": [
            "string"
        ],
        "tags": [
            {
                "id": 0,
                "name": "string"
            }
        ],
        "status": "available"
    },
    {
        "id": 9223372036854325297,
        "category": {
            "id": 0,
            "name": "string"
        },
        "name": "Puff",
        "photoUrls": [
            "string"
        ],
        "tags": [
            {
                "id": 0,
                "name": "string"
            }
        ],
        "status": "available"
    },
    {
        "id": 9223372036854325308,
        "category": {
            "id": 0,
            "name": "string"
        },
        "name": "doggie",
        "photoUrls": [
            "string"
        ],
        "tags": [
            {
                "id": 0,
                "name": "string"
            }
        ],
        "status": "available"
    },
    {
        "id": 9223372036854325310,
        "category": {
            "id": 0,
            "name": "string"
        },
        "name": "doggie",
        "photoUrls": [
            "string"
        ],
        "tags": [
            {
                "id": 0,
                "name": "string"
            }
        ],
        "status": "available"
    },
    {
        "id": 9223372036854325311,
        "category": {
            "id": 1,
            "name": "string"
        },
        "name": "doggie",
        "photoUrls": [
            "string"
        ],
        "tags": [
            {
                "id": 0,
                "name": "string"
            }
        ],
        "status": "available"
    },
    {
        "id": 1234,
        "category": {
            "id": 1,
            "name": "dog"
        },
        "photoUrls": [
            "url1",
            "url2"
        ],
        "tags": [
            {
                "id": 0,
                "name": "snoopie"
            }
        ],
        "status": "pending"
    },
    {
        "id": 9223372036854325326,
        "category": {
            "id": 1,
            "name": "string"
        },
        "name": "doggie",
        "photoUrls": [
            "string"
        ],
        "tags": [
            {
                "id": 0,
                "name": "string"
            }
        ],
        "status": "available"
    },
    {
        "id": 9223372036854325327,
        "category": {
            "id": 1,
            "name": "string"
        },
        "name": "doggie",
        "photoUrls": [
            "string"
        ],
        "tags": [
            {
                "id": 0,
                "name": "string"
            }
        ],
        "status": "available"
    },
    {
        "id": 83,
        "name": "pet83",
        "photoUrls": [
            "string"
        ],
        "tags": [
            
        ],
        "status": "available"
    },
    {
        "id": 9223372036854325333,
        "category": {
            "id": 1,
            "name": "string"
        },
        "name": "doggie",
        "photoUrls": [
            "string"
        ],
        "tags": [
            {
                "id": 0,
                "name": "string"
            }
        ],
        "status": "available"
    },
    {
        "id": 9223372036854325334,
        "category": {
            "id": 0,
            "name": "string"
        },
        "name": "fish",
        "photoUrls": [
            "string"
        ],
        "tags": [
            {
                "id": 0,
                "name": "string"
            }
        ],
        "status": "available"
    },
    {
        "id": 9223372036854325335,
        "category": {
            "id": 0,
            "name": "string"
        },
        "name": "fish",
        "photoUrls": [
            "string"
        ],
        "tags": [
            {
                "id": 0,
                "name": "string"
            }
        ],
        "status": "available"
    },
    {
        "id": 9223372036854325336,
        "category": {
            "id": 0,
            "name": "string"
        },
        "name": "fish",
        "photoUrls": [
            "string"
        ],
        "tags": [
            {
                "id": 0,
                "name": "string"
            }
        ],
        "status": "available"
    },
    {
        "id": 92,
        "name": "pet92",
        "photoUrls": [
            "string"
        ],
        "tags": [
            
        ],
        "status": "available"
    },
    {
        "id": 9223372036854325360,
        "category": {
            "id": 0,
            "name": "string"
        },
        "name": "fish",
        "photoUrls": [
            "string"
        ],
        "tags": [
            {
                "id": 0,
                "name": "string"
            }
        ],
        "status": "available"
    },
    {
        "id": 9223372036854325361,
        "category": {
            "id": 0,
            "name": "string"
        },
        "name": "doggie",
        "photoUrls": [
            "string"
        ],
        "tags": [
            {
                "id": 0,
                "name": "string"
            }
        ],
        "status": "available"
    },
    {
        "id": 9223372036854325362,
        "category": {
            "id": 0,
            "name": "string"
        },
        "name": "doggie",
        "photoUrls": [
            "string"
        ],
        "tags": [
            {
                "id": 0,
                "name": "string"
            }
        ],
        "status": "available"
    },
    {
        "id": 9223372036854325363,
        "category": {
            "id": 0,
            "name": "string"
        },
        "name": "fish",
        "photoUrls": [
            "string"
        ],
        "tags": [
            {
                "id": 0,
                "name": "string"
            }
        ],
        "status": "available"
    },
    {
        "id": 9223372036854325364,
        "category": {
            "id": 0,
            "name": "string"
        },
        "name": "Puff",
        "photoUrls": [
            "string"
        ],
        "tags": [
            {
                "id": 0,
                "name": "string"
            }
        ],
        "status": "available"
    },
    {
        "id": 2335598724,
        "category": {
            "id": 384781,
            "name": "zpqzkk"
        },
        "name": "unwlwdak",
        "photoUrls": [
            "https://lbrCu3BeFdRa/WfUL"
        ],
        "tags": [
            {
                "id": 8722,
                "name": "ebmj"
            }
        ],
        "status": "available"
    },
    {
        "id": 9223372036854325368,
        "category": {
            "id": 0,
            "name": "string"
        },
        "name": "doggie",
        "photoUrls": [
            "string"
        ],
        "tags": [
            {
                "id": 0,
                "name": "string"
            }
        ],
        "status": "available"
    },
    {
        "id": 9223372036854325369,
        "category": {
            "id": 0,
            "name": "string"
        },
        "name": "doggie",
        "photoUrls": [
            "string"
        ],
        "tags": [
            {
                "id": 0,
                "name": "string"
            }
        ],
        "status": "available"
    },
    {
        "id": 9223372036854325370,
        "category": {
            "id": 0,
            "name": "string"
        },
        "name": "fish",
        "photoUrls": [
            "string"
        ],
        "tags": [
            {
                "id": 0,
                "name": "string"
            }
        ],
        "status": "available"
    },
    {
        "id": 9223372036854325381,
        "category": {
            "id": 0,
            "name": "string"
        },
        "name": "fish",
        "photoUrls": [
            "string"
        ],
        "tags": [
            {
                "id": 0,
                "name": "string"
            }
        ],
        "status": "available"
    },
    {
        "id": 9223372036854325382,
        "category": {
            "id": 0,
            "name": "string"
        },
        "name": "mahesh pet",
        "photoUrls": [
            "string"
        ],
        "tags": [
            {
                "id": 0,
                "name": "string"
            }
        ],
        "status": "available"
    },
    {
        "id": 9223372036854325386,
        "category": {
            "id": 0,
            "name": "TestJordi"
        },
        "name": "TestJordi",
        "photoUrls": [
            "string"
        ],
        "tags": [
            {
                "id": 0,
                "name": "TestJordi"
            }
        ],
        "status": "sold"
    },
    {
        "id": 9223372036854325387,
        "category": {
            "id": 0,
            "name": "TestJordi"
        },
        "name": "TestJordi",
        "photoUrls": [
            "string"
        ],
        "tags": [
            {
                "id": 0,
                "name": "TestJordi"
            }
        ],
        "status": "sold"
    },
    {
        "id": 9223372036854325388,
        "category": {
            "id": 0,
            "name": "string"
        },
        "name": "doggie",
        "photoUrls": [
            "string"
        ],
        "tags": [
            {
                "id": 0,
                "name": "string"
            }
        ],
        "status": "available"
    },
    {
        "id": 9223372036854325390,
        "category": {
            "id": 0,
            "name": "string"
        },
        "name": "doggie",
        "photoUrls": [
            "string"
        ],
        "tags": [
            {
                "id": 0,
                "name": "string"
            }
        ],
        "status": "available"
    },
    {
        "id": 9223372036854325398,
        "category": {
            "id": 0,
            "name": "string"
        },
        "name": "fish",
        "photoUrls": [
            "string"
        ],
        "tags": [
            {
                "id": 0,
                "name": "string"
            }
        ],
        "status": "available"
    },
    {
        "id": 9223372036854325399,
        "category": {
            "id": 0,
            "name": "dog"
        },
        "name": "fhghgl",
        "photoUrls": [
            "string"
        ],
        "tags": [
            {
                "id": 0,
                "name": "string"
            }
        ],
        "status": "available"
    },
    {
        "id": 9223372036854325402,
        "category": {
            "id": 0,
            "name": "string"
        },
        "name": "fish",
        "photoUrls": [
            "string"
        ],
        "tags": [
            {
                "id": 0,
                "name": "string"
            }
        ],
        "status": "available"
    },
    {
        "id": 9223372036854325405,
        "category": {
            "id": 0,
            "name": "string"
        },
        "name": "fish",
        "photoUrls": [
            "string"
        ],
        "tags": [
            {
                "id": 0,
                "name": "string"
            }
        ],
        "status": "available"
    },
    {
        "id": 9223372036854325406,
        "category": {
            "id": 0,
            "name": "string"
        },
        "name": "doggie",
        "photoUrls": [
            "string"
        ],
        "tags": [
            {
                "id": 0,
                "name": "string"
            }
        ],
        "status": "available"
    },
    {
        "id": 9223372036854325407,
        "category": {
            "id": 0,
            "name": "string"
        },
        "name": "doggie",
        "photoUrls": [
            "string"
        ],
        "tags": [
            {
                "id": 0,
                "name": "string"
            }
        ],
        "status": "available"
    },
    {
        "id": 9223372036854325413,
        "category": {
            "id": 0,
            "name": "string"
        },
        "name": "Puff",
        "photoUrls": [
            "string"
        ],
        "tags": [
            {
                "id": 0,
                "name": "string"
            }
        ],
        "status": "available"
    },
    {
        "id": 48,
        "category": {
            "id": 0,
            "name": "String"
        },
        "name": "doggie",
        "photoUrls": [
            "string"
        ],
        "tags": [
            {
                "id": 0,
                "name": "string"
            }
        ],
        "status": "available"
    },
    {
        "id": 9223372036854325414,
        "category": {
            "id": 0,
            "name": "puppy"
        },
        "name": "doggie",
        "photoUrls": [
            "string"
        ],
        "tags": [
            {
                "id": 0,
                "name": "Charlie"
            }
        ],
        "status": "available"
    },
    {
        "id": 9223372036854325415,
        "category": {
            "id": 0,
            "name": "TestJordi"
        },
        "name": "TestJordi",
        "photoUrls": [
            "string"
        ],
        "tags": [
            {
                "id": 0,
                "name": "TestJordi"
            }
        ],
        "status": "sold"
    },
    {
        "id": 9223372036854325416,
        "category": {
            "id": 0,
            "name": "TestJordi"
        },
        "name": "TestJordi",
        "photoUrls": [
            "string"
        ],
        "tags": [
            {
                "id": 0,
                "name": "TestJordi"
            }
        ],
        "status": "sold"
    },
    {
        "id": 9223372036854325417,
        "category": {
            "id": 0,
            "name": "TestJordi"
        },
        "name": "TestJordi",
        "photoUrls": [
            "string"
        ],
        "tags": [
            {
                "id": 0,
                "name": "TestJordi"
            }
        ],
        "status": "sold"
    },
    {
        "id": 9223372036854325418,
        "name": "siyaan",
        "photoUrls": [
            
        ],
        "tags": [
            
        ],
        "status": "available"
    },
    {
        "id": 9223372036854325419,
        "category": {
            "id": 0,
            "name": "TestJordi"
        },
        "name": "TestJordi",
        "photoUrls": [
            "string"
        ],
        "tags": [
            {
                "id": 0,
                "name": "TestJordi"
            }
        ],
        "status": "sold"
    },
    {
        "id": 9223372036854325420,
        "category": {
            "id": 10,
            "name": "ZAP"
        },
        "name": "ZAP",
        "photoUrls": [
            "John Doe"
        ],
        "tags": [
            {
                "id": 10,
                "name": "ZAP"
            }
        ],
        "status": "available"
    },
    {
        "id": 9223372036854325421,
        "category": {
            "id": 10,
            "name": "ZAP"
        },
        "name": "ZAP",
        "photoUrls": [
            "John Doe"
        ],
        "tags": [
            {
                "id": 10,
                "name": "ZAP"
            }
        ],
        "status": "available"
    },
    {
        "id": 9223372036854325422,
        "category": {
            "id": 10,
            "name": "ZAP"
        },
        "name": "ZAP",
        "photoUrls": [
            "John Doe"
        ],
        "tags": [
            {
                "id": 10,
                "name": "ZAP"
            }
        ],
        "status": "available"
    },
    {
        "id": 9223372036854325423,
        "category": {
            "id": 10,
            "name": "ZAP"
        },
        "name": "ZAP",
        "photoUrls": [
            "John Doe"
        ],
        "tags": [
            {
                "id": 10,
                "name": "ZAP"
            }
        ],
        "status": "available"
    },
    {
        "id": 9223372036854325424,
        "category": {
            "id": 10,
            "name": "ZAP"
        },
        "name": "ZAP",
        "photoUrls": [
            "John Doe"
        ],
        "tags": [
            {
                "id": 10,
                "name": "ZAP"
            }
        ],
        "status": "available"
    },
    {
        "id": 9223372036854325425,
        "category": {
            "id": 10,
            "name": "ZAP"
        },
        "name": "ZAP",
        "photoUrls": [
            "John Doe"
        ],
        "tags": [
            {
                "id": 10,
                "name": "ZAP"
            }
        ],
        "status": "available"
    },
    {
        "id": 9223372036854325446,
        "category": {
            "id": 0,
            "name": "string"
        },
        "name": "fish",
        "photoUrls": [
            "string"
        ],
        "tags": [
            {
                "id": 0,
                "name": "string"
            }
        ],
        "status": "available"
    },
    {
        "id": 9223372036854325447,
        "category": {
            "id": 0,
            "name": "string"
        },
        "name": "fish",
        "photoUrls": [
            "string"
        ],
        "tags": [
            {
                "id": 0,
                "name": "string"
            }
        ],
        "status": "available"
    },
    {
        "id": 9223372036854325450,
        "category": {
            "id": 0,
            "name": "string"
        },
        "name": "fish",
        "photoUrls": [
            "string"
        ],
        "tags": [
            {
                "id": 0,
                "name": "string"
            }
        ],
        "status": "available"
    },
    {
        "id": 9223372036854325453,
        "category": {
            "id": 0,
            "name": "TestJordi"
        },
        "name": "TestJordi",
        "photoUrls": [
            "string"
        ],
        "tags": [
            {
                "id": 0,
                "name": "TestJordi"
            }
        ],
        "status": "sold"
    },
    {
        "id": 9223372036854325454,
        "category": {
            "id": 0,
            "name": "TestJordi"
        },
        "name": "TestJordi",
        "photoUrls": [
            "string"
        ],
        "tags": [
            {
                "id": 0,
                "name": "TestJordi"
            }
        ],
        "status": "sold"
    },
    {
        "id": 9223372036854325455,
        "category": {
            "id": 0,
            "name": "TestJordi"
        },
        "name": "TestJordi",
        "photoUrls": [
            "string"
        ],
        "tags": [
            {
                "id": 0,
                "name": "TestJordi"
            }
        ],
        "status": "sold"
    },
    {
        "id": 9223372036854325456,
        "category": {
            "id": 0,
            "name": "TestJordi"
        },
        "name": "TestJordi",
        "photoUrls": [
            "string"
        ],
        "tags": [
            {
                "id": 0,
                "name": "TestJordi"
            }
        ],
        "status": "sold"
    },
    {
        "id": 9223372036854325460,
        "category": {
            "id": 0,
            "name": "string"
        },
        "name": "Miel",
        "photoUrls": [
            "string"
        ],
        "tags": [
            {
                "id": 0,
                "name": "string"
            }
        ],
        "status": "available"
    },
    {
        "id": 9223372036854325461,
        "category": {
            "id": 0,
            "name": "string"
        },
        "name": "Miel",
        "photoUrls": [
            "string"
        ],
        "tags": [
            {
                "id": 0,
                "name": "string"
            }
        ],
        "status": "available"
    },
    {
        "id": 9223372036854325463,
        "category": {
            "id": 0,
            "name": "puppy"
        },
        "name": "doggie",
        "photoUrls": [
            "string"
        ],
        "tags": [
            {
                "id": 0,
                "name": "Charlie"
            }
        ],
        "status": "available"
    },
    {
        "id": 9223372036854325464,
        "name": "siyaan",
        "photoUrls": [
            
        ],
        "tags": [
            
        ],
        "status": "available"
    },
    {
        "id": 9223372036854325466,
        "category": {
            "id": 0,
            "name": "string"
        },
        "name": "doggie",
        "photoUrls": [
            "string"
        ],
        "tags": [
            {
                "id": 0,
                "name": "string"
            }
        ],
        "status": "available"
    },
    {
        "id": 9223372036854325468,
        "category": {
            "id": 0,
            "name": "string"
        },
        "name": "Roxi",
        "photoUrls": [
            "string"
        ],
        "tags": [
            {
                "id": 0,
                "name": "string"
            }
        ],
        "status": "available"
    },
    {
        "id": 9223372036854319074,
        "category": {
            "id": 0,
            "name": "string"
        },
        "name": "Roxi",
        "photoUrls": [
            "string"
        ],
        "tags": [
            {
                "id": 0,
                "name": "string"
            }
        ],
        "status": "available"
    },
    {
        "id": 9223372036854325476,
        "category": {
            "id": 0,
            "name": "TestJordi"
        },
        "name": "TestJordi",
        "photoUrls": [
            "string"
        ],
        "tags": [
            {
                "id": 0,
                "name": "TestJordi"
            }
        ],
        "status": "sold"
    },
    {
        "id": 9223372036854325477,
        "category": {
            "id": 0,
            "name": "TestJordi"
        },
        "name": "TestJordi",
        "photoUrls": [
            "string"
        ],
        "tags": [
            {
                "id": 0,
                "name": "TestJordi"
            }
        ],
        "status": "sold"
    },
    {
        "id": 9223372036854325478,
        "category": {
            "id": 0,
            "name": "TestJordi"
        },
        "name": "TestJordi",
        "photoUrls": [
            "string"
        ],
        "tags": [
            {
                "id": 0,
                "name": "TestJordi"
            }
        ],
        "status": "sold"
    },
    {
        "id": 9223372036854325479,
        "category": {
            "id": 0,
            "name": "TestJordi"
        },
        "name": "TestJordi",
        "photoUrls": [
            "string"
        ],
        "tags": [
            {
                "id": 0,
                "name": "TestJordi"
            }
        ],
        "status": "sold"
    },
    {
        "id": 2082024,
        "category": {
            "id": 208,
            "name": "string"
        },
        "name": "doggie",
        "photoUrls": [
            "photo",
            "photo1"
        ],
        "tags": [
            {
                "id": 2024,
                "name": "tagname1"
            },
            {
                "id": 2025,
                "name": "tagname2"
            }
        ],
        "status": "available"
    },
    {
        "id": 9223372036854325483,
        "category": {
            "id": 0,
            "name": "string"
        },
        "name": "fish",
        "photoUrls": [
            "string"
        ],
        "tags": [
            {
                "id": 0,
                "name": "string"
            }
        ],
        "status": "available"
    },
    {
        "id": 9223372036854325484,
        "category": {
            "id": 0,
            "name": "string"
        },
        "name": "doggie",
        "photoUrls": [
            "string"
        ],
        "tags": [
            {
                "id": 0,
                "name": "string"
            }
        ],
        "status": "available"
    },
    {
        "id": 9223372036854325485,
        "category": {
            "id": 0,
            "name": "string"
        },
        "name": "doggie",
        "photoUrls": [
            "string"
        ],
        "tags": [
            {
                "id": 0,
                "name": "string"
            }
        ],
        "status": "available"
    },
    {
        "id": 9223372036854325486,
        "category": {
            "id": 0,
            "name": "string"
        },
        "name": "doggie",
        "photoUrls": [
            "string"
        ],
        "tags": [
            {
                "id": 0,
                "name": "string"
            }
        ],
        "status": "available"
    },
    {
        "id": 9223372036854325487,
        "category": {
            "id": 0,
            "name": "string"
        },
        "name": "fish",
        "photoUrls": [
            "string"
        ],
        "tags": [
            {
                "id": 0,
                "name": "string"
            }
        ],
        "status": "available"
    },
    {
        "id": 9223372036854325488,
        "category": {
            "id": 0,
            "name": "string"
        },
        "name": "Puff",
        "photoUrls": [
            "string"
        ],
        "tags": [
            {
                "id": 0,
                "name": "string"
            }
        ],
        "status": "available"
    },
    {
        "id": 9223372036854325489,
        "category": {
            "id": 0,
            "name": "string"
        },
        "name": "doggie",
        "photoUrls": [
            "string"
        ],
        "tags": [
            {
                "id": 0,
                "name": "string"
            }
        ],
        "status": "available"
    },
    {
        "id": 9223372036854325490,
        "category": {
            "id": 0,
            "name": "string"
        },
        "name": "doggie",
        "photoUrls": [
            "string"
        ],
        "tags": [
            {
                "id": 0,
                "name": "string"
            }
        ],
        "status": "available"
    },
    {
        "id": 9223372036854325495,
        "category": {
            "id": 0,
            "name": "string"
        },
        "name": "doggie",
        "photoUrls": [
            "string"
        ],
        "tags": [
            {
                "id": 0,
                "name": "string"
            }
        ],
        "status": "available"
    },
    {
        "id": 9223372036854325496,
        "category": {
            "id": 0,
            "name": "string"
        },
        "name": "doggie",
        "photoUrls": [
            "string"
        ],
        "tags": [
            {
                "id": 0,
                "name": "string"
            }
        ],
        "status": "available"
    },
    {
        "id": 9223372036854325497,
        "category": {
            "id": 0,
            "name": "string"
        },
        "name": "fish",
        "photoUrls": [
            "string"
        ],
        "tags": [
            {
                "id": 0,
                "name": "string"
            }
        ],
        "status": "available"
    },
    {
        "id": 9223372036854325498,
        "category": {
            "id": 0,
            "name": "string"
        },
        "name": "doggie",
        "photoUrls": [
            "string"
        ],
        "tags": [
            {
                "id": 0,
                "name": "string"
            }
        ],
        "status": "available"
    },
    {
        "id": 9223372036854325499,
        "category": {
            "id": 0,
            "name": "string"
        },
        "name": "doggie",
        "photoUrls": [
            "string"
        ],
        "tags": [
            {
                "id": 0,
                "name": "string"
            }
        ],
        "status": "available"
    },
    {
        "id": 9223372036854325508,
        "category": {
            "id": 0,
            "name": "string"
        },
        "name": "doggie",
        "photoUrls": [
            "string"
        ],
        "tags": [
            {
                "id": 0,
                "name": "string"
            }
        ],
        "status": "available"
    },
    {
        "id": 9223372036854325509,
        "category": {
            "id": 0,
            "name": "string"
        },
        "name": "test",
        "photoUrls": [
            "string"
        ],
        "tags": [
            {
                "id": 0,
                "name": "string"
            }
        ],
        "status": "available"
    },
    {
        "id": 9223372036854325511,
        "category": {
            "id": 0,
            "name": "string"
        },
        "name": "test",
        "photoUrls": [
            "string"
        ],
        "tags": [
            {
                "id": 0,
                "name": "string"
            }
        ],
        "status": "available"
    },
    {
        "id": 9223372036854325513,
        "category": {
            "id": 0,
            "name": "string"
        },
        "name": "test",
        "photoUrls": [
            "string"
        ],
        "tags": [
            {
                "id": 0,
                "name": "string"
            }
        ],
        "status": "available"
    },
    {
        "id": 9223372036854325514,
        "category": {
            "id": 0,
            "name": "string"
        },
        "name": "test",
        "photoUrls": [
            "string"
        ],
        "tags": [
            {
                "id": 0,
                "name": "string"
            }
        ],
        "status": "available"
    },
    {
        "id": 9223372036854325515,
        "category": {
            "id": 0,
            "name": "string"
        },
        "name": "doggie",
        "photoUrls": [
            "string"
        ],
        "tags": [
            {
                "id": 0,
                "name": "string"
            }
        ],
        "status": "available"
    },
    {
        "id": 9223372036854325516,
        "category": {
            "id": 0,
            "name": "string"
        },
        "name": "doggie",
        "photoUrls": [
            "string"
        ],
        "tags": [
            {
                "id": 0,
                "name": "string"
            }
        ],
        "status": "available"
    },
    {
        "id": 9223372036854325517,
        "category": {
            "id": 0,
            "name": "TestJordi"
        },
        "name": "TestJordi",
        "photoUrls": [
            "string"
        ],
        "tags": [
            {
                "id": 0,
                "name": "TestJordi"
            }
        ],
        "status": "sold"
    },
    {
        "id": 9223372036854325518,
        "category": {
            "id": 0,
            "name": "TestJordi"
        },
        "name": "TestJordi",
        "photoUrls": [
            "string"
        ],
        "tags": [
            {
                "id": 0,
                "name": "TestJordi"
            }
        ],
        "status": "sold"
    },
    {
        "id": 9223372036854325520,
        "category": {
            "id": 0,
            "name": "string"
        },
        "name": "fish",
        "photoUrls": [
            "string"
        ],
        "tags": [
            {
                "id": 0,
                "name": "string"
            }
        ],
        "status": "available"
    },
    {
        "id": 9223372036854325522,
        "category": {
            "id": 0,
            "name": "TestJordi"
        },
        "name": "TestJordi",
        "photoUrls": [
            "string"
        ],
        "tags": [
            {
                "id": 0,
                "name": "TestJordi"
            }
        ],
        "status": "sold"
    },
    {
        "id": 9223372036854325523,
        "category": {
            "id": 0,
            "name": "TestJordi"
        },
        "name": "TestJordi",
        "photoUrls": [
            "string"
        ],
        "tags": [
            {
                "id": 0,
                "name": "TestJordi"
            }
        ],
        "status": "sold"
    },
    {
        "id": 9223372036854325524,
        "category": {
            "id": 0,
            "name": "string"
        },
        "name": "doggie",
        "photoUrls": [
            "string"
        ],
        "tags": [
            {
                "id": 0,
                "name": "string"
            }
        ],
        "status": "available"
    },
    {
        "id": 22,
        "category": {
            "id": 0,
            "name": "string"
        },
        "name": "doggie",
        "photoUrls": [
            "string"
        ],
        "tags": [
            {
                "id": 0,
                "name": "string"
            }
        ],
        "status": "available"
    },
    {
        "id": 9223372036854325527,
        "category": {
            "id": 0,
            "name": "string"
        },
        "name": "doggie",
        "photoUrls": [
            "string"
        ],
        "tags": [
            {
                "id": 0,
                "name": "string"
            }
        ],
        "status": "available"
    },
    {
        "id": 9223372036854325528,
        "category": {
            "id": 0,
            "name": "string"
        },
        "name": "doggie",
        "photoUrls": [
            "string"
        ],
        "tags": [
            {
                "id": 0,
                "name": "string"
            }
        ],
        "status": "available"
    },
    {
        "id": 9223372036854325529,
        "category": {
            "id": 0,
            "name": "string"
        },
        "name": "doggie",
        "photoUrls": [
            "string"
        ],
        "tags": [
            {
                "id": 0,
                "name": "string"
            }
        ],
        "status": "available"
    },
    {
        "id": 9223372036854325538,
        "category": {
            "id": 0,
            "name": "string"
        },
        "name": "fish",
        "photoUrls": [
            "string"
        ],
        "tags": [
            {
                "id": 0,
                "name": "string"
            }
        ],
        "status": "available"
    },
    {
        "id": 9223372036854325539,
        "category": {
            "id": 0,
            "name": "string"
        },
        "name": "doggie",
        "photoUrls": [
            "string"
        ],
        "tags": [
            {
                "id": 0,
                "name": "string"
            }
        ],
        "status": "available"
    },
    {
        "id": 9223372036854325542,
        "category": {
            "id": 0,
            "name": "Belka"
        },
        "name": "doggie",
        "photoUrls": [
            "string"
        ],
        "tags": [
            {
                "id": 0,
                "name": "string"
            }
        ],
        "status": "available"
    },
    {
        "id": 9223372036854325543,
        "category": {
            "id": 0,
            "name": "string"
        },
        "name": "doggie",
        "photoUrls": [
            "string"
        ],
        "tags": [
            {
                "id": 0,
                "name": "string"
            }
        ],
        "status": "available"
    },
    {
        "id": 9223372036854325544,
        "category": {
            "id": 0,
            "name": "string"
        },
        "name": "fish",
        "photoUrls": [
            "string"
        ],
        "tags": [
            {
                "id": 0,
                "name": "string"
            }
        ],
        "status": "available"
    },
    {
        "id": 9223372036854325545,
        "category": {
            "id": 0,
            "name": "string"
        },
        "name": "fish",
        "photoUrls": [
            "string"
        ],
        "tags": [
            {
                "id": 0,
                "name": "string"
            }
        ],
        "status": "available"
    },
    {
        "id": 9223372036854325548,
        "category": {
            "id": 0,
            "name": "string"
        },
        "name": "doggie",
        "photoUrls": [
            "string"
        ],
        "tags": [
            {
                "id": 0,
                "name": "string"
            }
        ],
        "status": "available"
    },
    {
        "id": 9223372036854325549,
        "category": {
            "id": 0,
            "name": "string"
        },
        "name": "doggie",
        "photoUrls": [
            "string"
        ],
        "tags": [
            {
                "id": 0,
                "name": "string"
            }
        ],
        "status": "available"
    },
    {
        "id": 9223372036854325554,
        "category": {
            "id": 0,
            "name": "string"
        },
        "name": "Puff",
        "photoUrls": [
            "string"
        ],
        "tags": [
            {
                "id": 0,
                "name": "string"
            }
        ],
        "status": "available"
    },
    {
        "id": 9223372036854325566,
        "category": {
            "id": 0,
            "name": "string"
        },
        "name": "doggie",
        "photoUrls": [
            "string"
        ],
        "tags": [
            {
                "id": 0,
                "name": "string"
            }
        ],
        "status": "available"
    },
    {
        "id": 9223372036854325567,
        "category": {
            "id": 0,
            "name": "string"
        },
        "name": "Roxi",
        "photoUrls": [
            "string"
        ],
        "tags": [
            {
                "id": 0,
                "name": "string"
            }
        ],
        "status": "available"
    },
    {
        "id": 9223372036854325568,
        "category": {
            "id": 0,
            "name": "string"
        },
        "name": "doggie",
        "photoUrls": [
            "string"
        ],
        "tags": [
            {
                "id": 0,
                "name": "string"
            }
        ],
        "status": "available"
    },
    {
        "id": 9223372036854325569,
        "category": {
            "id": 0,
            "name": "string"
        },
        "name": "doggie",
        "photoUrls": [
            "string"
        ],
        "tags": [
            {
                "id": 0,
                "name": "string"
            }
        ],
        "status": "available"
    },
    {
        "id": 9223372036854325573,
        "category": {
            "id": 0,
            "name": "string"
        },
        "name": "doggie",
        "photoUrls": [
            "string"
        ],
        "tags": [
            {
                "id": 0,
                "name": "string"
            }
        ],
        "status": "available"
    },
    {
        "id": 9223372036854325578,
        "category": {
            "id": 0,
            "name": "string"
        },
        "name": "fish",
        "photoUrls": [
            "string"
        ],
        "tags": [
            {
                "id": 0,
                "name": "string"
            }
        ],
        "status": "available"
    },
    {
        "id": 9223372036854325583,
        "category": {
            "id": 0,
            "name": "string"
        },
        "name": "fish",
        "photoUrls": [
            "string"
        ],
        "tags": [
            {
                "id": 0,
                "name": "string"
            }
        ],
        "status": "available"
    },
    {
        "id": 9223372036854325584,
        "category": {
            "id": 0,
            "name": "string"
        },
        "name": "fish",
        "photoUrls": [
            "string"
        ],
        "tags": [
            {
                "id": 0,
                "name": "string"
            }
        ],
        "status": "available"
    },
    {
        "id": 9223372036854325587,
        "category": {
            "id": 0,
            "name": "string"
        },
        "name": "fish",
        "photoUrls": [
            "string"
        ],
        "tags": [
            {
                "id": 0,
                "name": "string"
            }
        ],
        "status": "available"
    },
    {
        "id": 9223372036854325589,
        "category": {
            "id": 0,
            "name": "string"
        },
        "name": "doggie",
        "photoUrls": [
            "string"
        ],
        "tags": [
            {
                "id": 0,
                "name": "string"
            }
        ],
        "status": "available"
    },
    {
        "id": 9223372036854325590,
        "category": {
            "id": 100,
            "name": "Dinosaur"
        },
        "name": "Tyrannosaurus",
        "photoUrls": [
            "http://en.wikipedia.org/wiki/Tyrannosaurus#/media/File:Tyrannosaurus_rex_mmartyniuk.png"
        ],
        "tags": [
            {
                "id": 100,
                "name": "reptile"
            },
            {
                "id": 101,
                "name": "dinosaur"
            }
        ],
        "status": "available"
    },
    {
        "id": 9223372036854325593,
        "category": {
            "id": 0,
            "name": "illya"
        },
        "name": "QA",
        "photoUrls": [
            "string"
        ],
        "tags": [
            {
                "id": 0,
                "name": "string"
            }
        ],
        "status": "available"
    },
    {
        "id": 9223372036854325594,
        "category": {
            "id": 0,
            "name": "string"
        },
        "name": "tuzik",
        "photoUrls": [
            "string"
        ],
        "tags": [
            {
                "id": 0,
                "name": "string"
            }
        ],
        "status": "available"
    },
    {
        "id": 9223372036854325595,
        "category": {
            "id": 100,
            "name": "Dinosaur"
        },
        "name": "Tyrannosaurus",
        "photoUrls": [
            "http://en.wikipedia.org/wiki/Tyrannosaurus#/media/File:Tyrannosaurus_rex_mmartyniuk.png"
        ],
        "tags": [
            {
                "id": 100,
                "name": "reptile"
            },
            {
                "id": 101,
                "name": "dinosaur"
            }
        ],
        "status": "available"
    },
    {
        "id": 9223372036854325598,
        "category": {
            "id": 100,
            "name": "Dinosaur"
        },
        "name": "Tyrannosaurus",
        "photoUrls": [
            "http://en.wikipedia.org/wiki/Tyrannosaurus#/media/File:Tyrannosaurus_rex_mmartyniuk.png"
        ],
        "tags": [
            {
                "id": 100,
                "name": "reptile"
            },
            {
                "id": 101,
                "name": "dinosaur"
            }
        ],
        "status": "available"
    },
    {
        "id": 9223372036854325604,
        "category": {
            "id": 100,
            "name": "Dinosaur"
        },
        "name": "Tyrannosaurus",
        "photoUrls": [
            "http://en.wikipedia.org/wiki/Tyrannosaurus#/media/File:Tyrannosaurus_rex_mmartyniuk.png"
        ],
        "tags": [
            {
                "id": 100,
                "name": "reptile"
            },
            {
                "id": 101,
                "name": "dinosaur"
            }
        ],
        "status": "available"
    },
    {
        "id": 9223372036854325607,
        "category": {
            "id": 100,
            "name": "Dinosaur"
        },
        "name": "Tyrannosaurus",
        "photoUrls": [
            "http://en.wikipedia.org/wiki/Tyrannosaurus#/media/File:Tyrannosaurus_rex_mmartyniuk.png"
        ],
        "tags": [
            {
                "id": 100,
                "name": "reptile"
            },
            {
                "id": 101,
                "name": "dinosaur"
            }
        ],
        "status": "available"
    },
    {
        "id": 9223372036854325610,
        "category": {
            "id": 0,
            "name": "string"
        },
        "name": "Вася_меняем",
        "photoUrls": [
            "https://images.app.goo.gl/iYNub8fsUdJ4xVwo6"
        ],
        "tags": [
            {
                "id": 0,
                "name": "string"
            }
        ],
        "status": "available"
    },
    {
        "id": 9223372036854325611,
        "category": {
            "id": 0,
            "name": "string"
        },
        "name": "fish",
        "photoUrls": [
            "string"
        ],
        "tags": [
            {
                "id": 0,
                "name": "string"
            }
        ],
        "status": "available"
    },
    {
        "id": 9223372036854325612,
        "category": {
            "id": 0,
            "name": "string"
        },
        "name": "doggie",
        "photoUrls": [
            "string"
        ],
        "tags": [
            {
                "id": 0,
                "name": "string"
            }
        ],
        "status": "available"
    },
    {
        "id": 9223372036854325613,
        "category": {
            "id": 0,
            "name": "string"
        },
        "name": "doggie",
        "photoUrls": [
            "string"
        ],
        "tags": [
            {
                "id": 0,
                "name": "string"
            }
        ],
        "status": "available"
    },
    {
        "id": 9223372036854325614,
        "category": {
            "id": 0,
            "name": "string"
        },
        "name": "fish",
        "photoUrls": [
            "string"
        ],
        "tags": [
            {
                "id": 0,
                "name": "string"
            }
        ],
        "status": "available"
    },
    {
        "id": 9223372036854325615,
        "category": {
            "id": 100,
            "name": "Dinosaur"
        },
        "name": "Tyrannosaurus",
        "photoUrls": [
            "http://en.wikipedia.org/wiki/Tyrannosaurus#/media/File:Tyrannosaurus_rex_mmartyniuk.png"
        ],
        "tags": [
            {
                "id": 100,
                "name": "reptile"
            },
            {
                "id": 101,
                "name": "dinosaur"
            }
        ],
        "status": "available"
    },
    {
        "id": 9223372036854325616,
        "category": {
            "id": 0,
            "name": "string"
        },
        "name": "Puff",
        "photoUrls": [
            "string"
        ],
        "tags": [
            {
                "id": 0,
                "name": "string"
            }
        ],
        "status": "available"
    },
    {
        "id": 9223372036854325621,
        "category": {
            "id": 0,
            "name": "string"
        },
        "name": "doggie",
        "photoUrls": [
            "string"
        ],
        "tags": [
            {
                "id": 0,
                "name": "string"
            }
        ],
        "status": "available"
    },
    {
        "id": 7689,
        "category": {
            "id": 0,
            "name": "Cotton"
        },
        "name": "Cat",
        "photoUrls": [
            "string"
        ],
        "tags": [
            {
                "id": 0,
                "name": "Pretty cat"
            }
        ],
        "status": "available"
    },
    {
        "id": 9223372036854325623,
        "category": {
            "id": 0,
            "name": "string"
        },
        "name": "doggie",
        "photoUrls": [
            "string"
        ],
        "tags": [
            {
                "id": 0,
                "name": "string"
            }
        ],
        "status": "available"
    },
    {
        "id": 9223372036854325625,
        "category": {
            "id": 0,
            "name": "Pomeranian"
        },
        "name": "Yeontn",
        "photoUrls": [
            "https://www.google.com/url?sa=i&url=https%3A%2F%2Fwikibio.in%2Fyeontan%2F&psig=AOvVaw0UdJeOGlk-jKSOtT-nplW1&ust=1682581409377000&source=images&cd=vfe&ved=0CA4QjRxqFwoTCMCQvJiuyP4CFQAAAAAdAAAAABAI"
        ],
        "tags": [
            {
                "id": 0,
                "name": "Dog"
            }
        ],
        "status": "available"
    },
    {
        "id": 9223372036854325626,
        "category": {
            "id": 100,
            "name": "Dinosaur"
        },
        "name": "Tyrannosaurus",
        "photoUrls": [
            "http://en.wikipedia.org/wiki/Tyrannosaurus#/media/File:Tyrannosaurus_rex_mmartyniuk.png"
        ],
        "tags": [
            {
                "id": 100,
                "name": "reptile"
            },
            {
                "id": 101,
                "name": "dinosaur"
            }
        ],
        "status": "available"
    },
    {
        "id": 9223372036854325627,
        "category": {
            "id": 1,
            "name": "Cat"
        },
        "name": "Milo",
        "photoUrls": [
            "string"
        ],
        "tags": [
            {
                "id": 0,
                "name": "string"
            }
        ],
        "status": "available"
    },
    {
        "id": 9223372036854325628,
        "category": {
            "id": 2,
            "name": "Dog"
        },
        "name": "Buddy",
        "photoUrls": [
            "string"
        ],
        "tags": [
            {
                "id": 0,
                "name": "string"
            }
        ],
        "status": "available"
    },
    {
        "id": 9223372036854325629,
        "category": {
            "id": 100,
            "name": "Dinosaur"
        },
        "name": "Tyrannosaurus",
        "photoUrls": [
            "http://en.wikipedia.org/wiki/Tyrannosaurus#/media/File:Tyrannosaurus_rex_mmartyniuk.png"
        ],
        "tags": [
            {
                "id": 100,
                "name": "reptile"
            },
            {
                "id": 101,
                "name": "dinosaur"
            }
        ],
        "status": "available"
    },
    {
        "id": 9223372036854325630,
        "category": {
            "id": 0,
            "name": "Bird"
        },
        "name": "Polly",
        "photoUrls": [
            "string"
        ],
        "tags": [
            {
                "id": 0,
                "name": "string"
            }
        ],
        "status": "available"
    },
    {
        "id": 9223372036854325631,
        "category": {
            "id": 0,
            "name": "string"
        },
        "name": "Max",
        "photoUrls": [
            "string"
        ],
        "tags": [
            {
                "id": 0,
                "name": "string"
            }
        ],
        "status": "available"
    },
    {
        "id": 9223372036854325633,
        "category": {
            "id": 0,
            "name": "string"
        },
        "name": "fish",
        "photoUrls": [
            "string"
        ],
        "tags": [
            {
                "id": 0,
                "name": "string"
            }
        ],
        "status": "available"
    },
    {
        "id": 9223372036854325642,
        "category": {
            "id": 100,
            "name": "Dinosaur"
        },
        "name": "Tyrannosaurus",
        "photoUrls": [
            "http://en.wikipedia.org/wiki/Tyrannosaurus#/media/File:Tyrannosaurus_rex_mmartyniuk.png"
        ],
        "tags": [
            {
                "id": 100,
                "name": "reptile"
            },
            {
                "id": 101,
                "name": "dinosaur"
            }
        ],
        "status": "available"
    },
    {
        "id": 9223372036854325643,
        "category": {
            "id": 0,
            "name": "string"
        },
        "name": "doggie",
        "photoUrls": [
            "string"
        ],
        "tags": [
            {
                "id": 0,
                "name": "string"
            }
        ],
        "status": "available"
    },
    {
        "id": 9223372036854325644,
        "category": {
            "id": -5214169,
            "name": "dolor consequat Lorem"
        },
        "name": "doggie",
        "photoUrls": [
            "non exercitation elit",
            "aliquip irure cillum eu"
        ],
        "tags": [
            {
                "id": 97975597,
                "name": "dolore qui"
            },
            {
                "id": 73824823,
                "name": "commodo"
            }
        ],
        "status": "sold"
    },
    {
        "id": 9223372036854325645,
        "category": {
            "id": 100,
            "name": "Dinosaur"
        },
        "name": "Tyrannosaurus",
        "photoUrls": [
            "http://en.wikipedia.org/wiki/Tyrannosaurus#/media/File:Tyrannosaurus_rex_mmartyniuk.png"
        ],
        "tags": [
            {
                "id": 100,
                "name": "reptile"
            },
            {
                "id": 101,
                "name": "dinosaur"
            }
        ],
        "status": "available"
    },
    {
        "id": 312323232311111,
        "category": {
            "id": 31232323232,
            "name": "fishs"
        },
        "name": "Barsik cat",
        "photoUrls": [
            "data:image/jpeg;base64,/9j/4AAQSkZJRgABAQAAAQABAAD/2wCEAAoHCBUWFRgVFRUZGRgaGRoaGhwYGhgaGBwYGBoaGRgZGRocIS4lHCErHxgYJjgnKy8xNTU1GiQ7QDs0Py40NTEBDAwMEA8QHxISHzQrISs0NDQ0NDQ0NDQ0NDQ0NDQ0NDQ0NDQ0NDQ0NDQ0NDQ0NDQ0NDQ0NDQ0NDQ0NDQ0NDQ0NP/AABEIAKgBLAMBIgACEQEDEQH/xAAcAAABBQEBAQAAAAAAAAAAAAAEAAECAwUGBwj/xAA7EAABAwIDBQYEBQQBBQEAAAABAAIRAyEEEjEFQVFhcSKBkaGx8BMywdEGFEJS4WJykvEjBxWCstKi/8QAGQEAAwEBAQAAAAAAAAAAAAAAAAECAwQF/8QAIhEAAgIDAQACAwEBAAAAAAAAAAECEQMhMRJBUQQTInFh/9oADAMBAAIRAxEAPwD2ZJRBToAdJRToARTBIlMECJIfG1clN7v2tJ8AiFk/iV5bhapH7D52SfBrp5KyXvdca6lGtZH8z4hBbNYS6xGu9b/5R0ajx+q5Umeg6WgRrxyPEaTzE6FG4HGFhEXbw3jkR9kLUoHfl8QfKEjRAuDB/wAR52S2LTOqpVgRmBlvp18lY9u9cxgcc5jr/KbHeI6rbdjAxucdphP+JO7otI5Pswljaeix7VU8KyjimPuCmqCBK0tPhm00UEJoTF40lOXwJSAUJQqqtWB1UDViL7yPBABCeEL8bXkU7K9h3+SACYTtGp93VXxArC+G9f8AQ+qAGhIhM1wT6oAjCcNUoVr3NpjM/wCY6NUykkhqLZFlMAZnWHmegQtfGO0b2R71Q1fHOed8eSqaZN3dw/jRZX6N1HyEtZIk+J1VeCePiZdZB3yk+pIgHqJjxO5DYAn4w6qvVNJB5uLD30lQ+itFzFAsW5ymYaKm2ijvhJ200ADspK0UkQxisyIEdkCpquUxK1JLJSlVlyQKKAmSpNVUqxqQE1j/AIsbOErcmz4ELYQu0aHxKVRn7mOb4ggJMadM8IpVgwzvW5gtpWh0R3krmqnMRx6haGzqjZuY7iVxyTT0erSlHZ0Lq9I/M7pY/f1SDGH5Q48r+kgKqjTpnQCeZknoCPp3o4UKTLvJ7wbeUIVmTaX2DnBviQC0f1O3f2jciNn4gNJY75XWI3G25O8tI7Lp5lw+miCrVQzVmp1Ha9NFMkJO1TLMVRfSecpJbq08eXWJQj9rPjKd1lq4fFNezK7TdxB3T4rNxWFDSZXNKTXDWKT6RbjXFoPH1H+ge9SO1yBB3QhGtht7b/ofUIHGG/vkmpyXGP8AXF/Bo4/a7rEWsVk1toPLiMx3kX3m/wBVbiKeYN3x7+p8ENiKMPbF9fC5E9xVKbfWT4SLqO0nwQSe1H0WkzaTmwDrF/fisllMeYhX4xl2nTik5spQTNmltFz7iwmP5WiMXa+gHvzWNg6cCOasxj+zA1KX7pfZDxRs0PzzdQ4CP9BW0tpts0XJK5+nhnOgc5P09810mzMIyi3O/wCY6Tu/lXHNJ6Jliitmiagptzv+c6N4fcrHxD3OcXuBJOg/hXtPxH53Bx4AaQrntLO0AG8yJPdJt4LZJy2zPS0ugrWGJLP8jHluUmvaBcjo0kjvy2Q9baDRqST74aDulCV8Y46Ze/M71Fk20i4xbCa+MJsAAOWvkm2U7/lEBZrq5Op+i09gtl8xuUwuUjTIlGDOhcFHKrAE8LrPOK8qcNU4TwgBmtU4TJ0AdSEk4SWpBEpwkU4TAZWNVasakwJpinSUgeGfiHB5K1Rmga90dCZEcbIPDVWt+Vs8za/QaeK7D/qNhR8dhAu5k23wSFyeGLmWcTH9slc840z0cMrigynj3jcWjiCrv+5f1HzVbHscLAz/AOI8QoVabBrI7lm018l3F9QQMU1xu0bja2/WwCMYxzgQ0nvv0PMFAYLKbAzwJAMHoQtvC1GgaAR4d32WUpUiX/wrw1N0QRBvp9FHEPBgTf8Ag/VWYrFcNVnBriZPsFcrbbLS+WD4h894Nu77rKxLjoeH1Wv8HtEHdfxssvG0yXWOl/QR5K4ouw1rgxjZ/aPEi/qgX1wagFhIn7jw9FGs4va8H9Onjb1Wdhqbi6+nnEW9VUY/JLdG3QANt9vHf6KGOec7W7tR4pbKcM0k6tB5W1QuOqFz5aOyJv4fylWxp7NfDPsPfvVHUXNcb7/c+iAw1AlkzeB78lcwkE7osPfh4rNob2buFaGAugTu/hQ+ISZcJ4A+HvqhMJipidy1HMBZ2fmIhXB7Mp6KHYmLTHK/soZwab5C48jf7hQx9NtJmt95MkkncOPRZge/XITw/nQBdcWZpWaQexpvSYD/AF9qOeqT8Uw6Fk9D9Qs9lZ4HagDhlYT3WJUKtSblrjzIA9BBTstJNkqmug7rLodiUCAXdy53ZozPvpuXbYSmA0AK4K3ZnnlS8k4TgKUJ4WpyEITwpQlCAIwknKSAOoATqQCRC2IIFMnKRQAysaq1Y1DAmkkkkBwn/UGgS7Dviwc5s9WyB5LzfaNdwedR0svVPx00uYwfteD9PqvO9q4QOaRFxoufN07fx39geAxtxmk826j7ro2uY9gIuOg9hcngaRY64PqO/guiwwkiPlN7XWEnSNpLZB9KHZmcpC0KbC6IEH3ZFOwrXCBrGu8fcK/DUiBlLSCN+48IXPJti9AIoDfx7x7KmcOSBbf9UdUo7/co2nRBapirdA5Vs5vHMyzxkeUf771n0qAdmPL/AF6La27TsUDsYS0jeFPyzRP+bMeDBHMT4ISmwtPa3A+nZHotXE0SHEbpQWM+aN5jwCqMimkM50NbB1Bn/KYRr6AFLMBqR6wPUeCCbTk3XRvw4FC+4T9fsgT1RjYXEXA5nyDQPUrTq0Cco6+f+/RZ+y8NLwT08yYXZ08GMt9T4xH2TS9cInLyctSpEEhv6dVoYfEkQicRgg2w33PPry5KIwsgWjee/wCqmtick0IsY9wc8TGg3czzQ+Ixozw1mZ3H9I6K59H9PpuCoYzLu7RNl0Ql8GbSB8Riy2C+AeEmfAaIEVw8nUddfFS2xWDJAu4jqQOXUrKwTXveInXetW2XFKrOnw1FrA08TZdThxYLmAw56Y3ASuqoGQtIPbRzZeJkiEoTploYiTJ0yAFCaFJJAHUhIqIKRK1IGKikSo5k6AkrWofMr2FDQE1B7gASVNZ223OFJ2XVSBxu39pZ3kagGywqmFc/cVqMw2d1wi3tDRlAXFNt22dcH50jkX7HeHgiddRHmF0OBwpAHYv7uNyLpUjrH2RLWO3eVlzuVmrkyNLCTc2Ph76hFMpkCHEHgdCq85AuR0WXtXbbKTSXPjpB9UlRNNmrVy6FQpVQLbuK8yx/4+eXEUmAjic3pKDZ+Pq+jmMPHKSD4GVqsE+0JyitWelbdgsLllbFFz3fVYWyfxW2vLHdlxFgfotejiAwCB7uVnLHJO2jWM15otxlOXyO/wCiy69KXjjfwur6OPDnm44+v2SkF88/RZ1TNIssGGiDG8ea2cUAKX/j5ICpVaAPFTGLzsA3RccZEQhJsiUuDbFYC8eK6n4gC5F2MZQDnkgCNTbT2Vmu/H9FpjtO5hpI+i1xwklpEZJJuzunNzGdycYYakyuLwv48wzjBzgniIHqQF1WB2qx4ljgeU3ScHF7I/wsqUDEwByQ1TCyJv1+gK0PiECVUBJmZ79EroFZymP2c0S57jJMkDUxu6KzZuHbmt6RbkugxeGm/lqs+vhXMuAt4StDctURPzk9AOi6HAnsi65UVCTBXRbGccl1eN3JmWRaNApk5TLoMRJJJIASSSdAHRZ1Fz1nnGAb1B+NHFdFIy2HOqJviLNdihxVbsYOKLQ0jVFS6JpvXPjGDij8Nigd6Og9GrnQ2OeAx03smFZUY2uMh5qWqBOznsgElDfEaDc+/BS2liMoXPvrk3J815meW6O7FG0dA7Es69CqnY1h3x1lYNFjnmzr8LFFnCuOpHn6Lmds18xRPHY2xy68t/RecfiCq+pW+G4wAC5w3wvTMLgW8uMfwVwH4ow2TFF2mdpaOvzD6+C3/HX9bJyP+aRzmLDm52tbGQS6C2wzNZIv2ruGk6zpdQxu0a1dzOw0ADLTZSZlZAscrRdxJBlxJJOpVOMc4O1I6WVVHFva7M15DjrG+XB//sAeoXoxSo4W9lrJEPbZzTPQjcV6XsR/5ik143jz3j1Xn1Wo5zMzzJgDQaNEAe+C7v8A6aPikQ7TM6DrrBjkb+RWWRJqzXH9FX5Utefdp/2jmMIMLar4Vrnlw/2h34aXc150pbOyHDMxb+zCvwzMrb8ip4nZ7nFuuviqdvO+FQc4G8GN1wFtioiezivxDjTWqubP/GwxG5zhqSseriKQpw1rjULvmJaGNYIgNaBLnEzJJAAAgGZUwT8IbySSZ3mbz5oJ1eSS5uZzi4uc4kk5iD3GQ6/9RXdFVo45StlmHe1xh2vFbuxtoPoPa0uJaflIPksn83Tdky0mtLS2+rSAXEhwiXTI1/aOcmVnjIwt/eIm5jffopyRTVFY5NM9NwO0swBJnrr5LZouB0v3n1XG7PpPaAYke9612Y17R8p7ojyXmSTTO7zfDpwwAbu8JyAey7uXNM2q8m/ctPDY6dTdOEqZnLG0gfH4PIbX4LS2I7sKqo4PvN96N2c2GLux09o55N1TCimSSWxkJJJJMBJ0gnQBz9PEPO9Xmq5QosRDWo9BQO/EOQr8S5G1GILEiEnJjSQLV2k4KVDbjmoGs26kKCcZMHFG3T/FA3grYwmPFRmb1XCVaC6fYropRP3VOTonykwDa9btHtGy5uvi3OfA9+K19pxmcT5arIw2EzPAANzxE+novOktndB0joMB2Wjs38/NE5zO8JmYQMaB9v4TTGht3/RZyQJ2FUa0QCsr8S7A/MMzMu7dBE20upurgb/SfNGYHEftnz9P4Uxk4ux0eU4/Z72Esq03NcNHZTlPOdB7uhsFseq90Mplx5dr0Xt7MU87m97b+O5EsrOAEw3oAB6LoX5OqoxliV2ea4f8D1CwGv2Ga5Wxnd1OjenotvZDGUGnK3IDADJDiY0LuevHet3atYzMz36W8Fx+IrvNSQLbzxvYBYyyylo6MeNVw6NuJzGSeferQZOZZmyqL6hPJb9HAnSVkoyZcnGOgHEVt2hWJt1v5lgYRLhOYD5nWtHd6LU27SLGyPFYWFxRD5Nx9eHRVFyi7GoqSs5PEbFrMYagY59Ek9sAy0787dR10WJVw83H8L6B2XVZkBABBFwUBtL8NYKsS80MrzqWOyzzLR2XHquyH5H2cU8W9HieGwswtvYmznYisxrRLGGXHdJ0vvK7ir+A8IXfPWj9swOhhamFwtKgzJSbAG4iDbojJnTWghjoZuFaxoFvIoWoyLweot9Va/FF24Ae+KoqVLTPgYXHdnRTQBiqZbftxwKopY0tNwY3HXzhSxz8zfmNt0me4hZLXkHW/wBFaiV60dpgMUHW3HgVtbPbquL2diYI4cF1uyqpK6cL3RzZUaaZOUy6TnEkkkmA4UlEKSAMui0K7Kg6D0QaihoZF7EFiWIl70FiKqQGe6nLkTlsoUgCSiQwcVpFCbAKzFqbKfaOSErUuYVmABmJHmqGZ21W9px8IWdsus7OJaOp1/nuC6HaVEQsXC0XB/Dqb94F4XHKL9HQpLyblTFTbL/kfonDmiDv6iEE+qwH5iTyaP8A6VLq7BeX+DR9SolGxI1WUs5ltz3/AOkQzCRqPCFiDaDQLZu8hDv2iZs8+A+6nwx+zp/jNaL+irGKBsXeKycBTq1bB5y7ySLdy1GbGpic1V09fQKXjY4zXyTdQa65PTRAYrY1SHPYwE7gTryCPpsoMI7biG7u1E81q/nQR2R5QnHEusbyNcPK8Vt59F4Y4OZe4i2ab3G5aB/EFSILtFt/irZbKrS8AZhrzXEvac0Lb9afC4y9F1T8QGococXAHQSV0Ox8C97Q9zMvXQhZuxNkMDwXCADMcl6CzEMyQAIiLbkpY4vRDyNcM+nVaxsweeVWUdoMdefFB4nZ1VxcWvGXda/QlC/9trN7Vjyuuf8AWynJNdNp+U9UJiGa7x0H3KBZiHN+YDz+6sbjzy7gPrdH6yVKiqrTy6Tzt/KGeyfZRr8WDvH+LB5wqi8HRrfCP/UqowobnZmV2W0WW9glbuJcwi7COh+4KxaoZPzG+4t+oJV1Q4uwrBOuu12KTl3H3wK4jAsi8++9d1scdmRotcK2ZZWaZTFOmK6TnGSSSQA4Tpk6AOOwuLKN/MLDwdRHh6dAiWIxRWbVxRK0Pg5lNmzwhRAbZwJF1oZOKtw+HgWCtNNWkSAVCBu8VQKpa4Sd+gt48EbXbHXjw6fdY+JMGd6ANvEnM21vXxWThKbQ4n31RWyqmdpBMuU8Rhcupjpc+GniVjNGkWY2LrQbRG4AC/NBMc9zoaCTwAk+ACNr1RmhlMH+p7pEbzAgAdZQtbGOAyyXDgOwzuYyJ6mOi5qNi5lGpMOcGng4jN/gJd5KRyj5qrieDGD1JEd4WU/EPdaYbwADW/4tgIjB0HEFxIawWL3SGg8BF3HkJK1i7M5aOn2W95bMlrNxe6SegaB5krSfVZvMnesPB0bAkuaCJBdAe4cWsnsN5kn6Io4qmyzQDG/U93PmUOOxJl1faAb8tMdTdAV9sPAVOLxhcOyInUm5WJiq8XJv70QolWjUrbUfFyOn3K5luIaa5FrCfNWve91hYeaEGzSDmAvPerqhqVHTYfFEcEazH7oXM0a72fOO9aNDETopcRWdBh3sdHbMdSCPAo3IP3Oj+6ViYaq3eB76aI1gkSx0jeJuOv3U+QcieJw5f8r78DY90LPdh6jdRMdDHVXueTbXlv8ADeqn4tw0dI4OvHK9x3QhqhXZWakatae6PSFFtRnAt6dodwMHzKd+IY/5gWHiJc3v/UP/ANIepQIGbVv7mnM3vOrTyICzdfBcUXVKeb5XA8rt9beaE/ITYjuKJoTK06LJhCXopvyDbLwkOH1EgrrsNRa0QBCDwWGjUfZaIW8I0jCUrY5TFIlMSrJEkkkmA4TpgnQB5rgjYLVwwlCYajAWnhGXWgPSNDDUJWhSwifB01pMaApsy9AAowqqphH1nLIxdRHqi1soqmVm4tgHza8Br3ncpVcVFm+P24IOo+VjLMlw2jj+y/ZWILX5RDQdw39TqVt1RnFh37lz1AR2u4cz9h9ls7Pqk/MlHJ60wlGtoBxWEtAEDfxPX7LNdg3OIa1pcToBquwNCRwHFZuKomC1nYZ+o7yP6jv/ALRZaOCI9MwfyjGHLAq1P2NP/G0/1uHzxwEDiUz4BzOcHuFs0D4bP6abNCe7LyOqJqwGlrQQ3ef1P5chyUAwhwAADx/jTaNSf6vTrpFBYxDict85u6TJbzef1PO4aDxgZ775GG36nazFzB+u/pCurvyjI3frPzGePM+kDih2s7J5mO4XP0VAQxGIJ9eg3BCfDzGSjHtVRTEXUWDoArmMBKopmFdRfdFB6I18OHAhC0sOW25ytJzkmwUBYmiRpf7K2mXN7TdRqN3QpUx6qbLGfHmFLGWV4eMwtz3tO4O4jgdQhar5OWoId+8Xnm4fqHMX6owsynM27TYg6X9+4UKlNsDUsOh3sO8dOShlIzKuFc08joRcEcipYcPYczSQfUcCNCORRzGOZ2SA5pvG4jiDuPNXNwo1bcc9R1+6nxZXojRYx+rcjuLflPVu7uWhh8MQdZ6JsNhO9a+Hw8XVxgJyLMOyBdWpJlqQOUyRSQIZOkkgBwnTJ0AcY2nCNwgukkqXBy4b2FMIh9YQkkkznXQCvieNgsbHYqbDRJJc+STo68SRlPepUmlxhJJc66bvgaylOmgsFpYSgBc6BJJaR6RIJGIky6zRoOajiYcOXBMkuuG1s55dMytQLbgdr9PL+rrw8UK9gY2NTNzxcPUN9UkkSEgEs1KctsBy9bpkkhkHKvIkkgRJrVYAkkgBwrGJJJDLA5SLk6SQy2m+0HTf/afsbqdFsEtOhsfoQkkgAujQjsm49DxCuyBptqmSVCQdgwNRZaCSSEDGKZJJMBJSkkgBwkEkkAOnhOkgR//Z",
            "<string>"
        ],
        "tags": [
            {
                "id": 31232323237,
                "name": "auto"
            },
            {
                "id": 31232323238,
                "name": "auto"
            }
        ],
        "status": "pending"
    },
    {
        "id": 9223372036854325652,
        "category": {
            "id": 0,
            "name": "string"
        },
        "name": "fish",
        "photoUrls": [
            "string"
        ],
        "tags": [
            {
                "id": 0,
                "name": "string"
            }
        ],
        "status": "available"
    },
    {
        "id": 9223372036854325653,
        "category": {
            "id": 100,
            "name": "Dinosaur"
        },
        "name": "Tyrannosaurus",
        "photoUrls": [
            "http://en.wikipedia.org/wiki/Tyrannosaurus#/media/File:Tyrannosaurus_rex_mmartyniuk.png"
        ],
        "tags": [
            {
                "id": 100,
                "name": "reptile"
            },
            {
                "id": 101,
                "name": "dinosaur"
            }
        ],
        "status": "available"
    },
    {
        "id": 9223372036854325656,
        "category": {
            "id": 0,
            "name": "string"
        },
        "name": "Miel",
        "photoUrls": [
            "string"
        ],
        "tags": [
            {
                "id": 0,
                "name": "string"
            }
        ],
        "status": "available"
    },
    {
        "id": 99996,
        "name": "doggie_by_ms",
        "photoUrls": [
            "string"
        ],
        "tags": [
            {
                "id": 0,
                "name": "string"
            }
        ],
        "status": "available"
    },
    {
        "id": 9223372036854325657,
        "category": {
            "id": 100,
            "name": "Dinosaur"
        },
        "name": "Tyrannosaurus",
        "photoUrls": [
            "http://en.wikipedia.org/wiki/Tyrannosaurus#/media/File:Tyrannosaurus_rex_mmartyniuk.png"
        ],
        "tags": [
            {
                "id": 100,
                "name": "reptile"
            },
            {
                "id": 101,
                "name": "dinosaur"
            }
        ],
        "status": "available"
    },
    {
        "id": 9223372036854325658,
        "category": {
            "id": 0,
            "name": "string"
        },
        "name": "Miel",
        "photoUrls": [
            "string"
        ],
        "tags": [
            {
                "id": 0,
                "name": "string"
            }
        ],
        "status": "available"
    },
    {
        "id": 9223372036854325659,
        "category": {
            "id": -4630181,
            "name": "nulla quis pariatur"
        },
        "name": "doggie",
        "photoUrls": [
            "in deserunt esse",
            "ut do occaecat non"
        ],
        "tags": [
            {
                "id": 32974752,
                "name": "eiusmod in exercitation mollit ullamco"
            },
            {
                "id": -97929987,
                "name": "labore do dolor"
            }
        ],
        "status": "sold"
    },
    {
        "id": 822922,
        "category": {
            "id": -69794609,
            "name": "irure laborum id proident incididunt"
        },
        "name": "doggie",
        "photoUrls": [
            "dolore ipsum qui",
            "fugiat non eiusmod Duis nisi"
        ],
        "tags": [
            {
                "id": -24720491,
                "name": "nisi"
            },
            {
                "id": 87603503,
                "name": "ut sint enim cillum nisi"
            }
        ],
        "status": "sold"
    },
    {
        "id": 9222968140497180179,
        "category": {
            "id": 0,
            "name": "string"
        },
        "name": "test",
        "photoUrls": [
            "string"
        ],
        "tags": [
            {
                "id": 0,
                "name": "string"
            }
        ],
        "status": "available"
    },
    {
        "id": 9223372036854325662,
        "category": {
            "id": 0,
            "name": "string"
        },
        "name": "doggie",
        "photoUrls": [
            "string"
        ],
        "tags": [
            {
                "id": 0,
                "name": "string"
            }
        ],
        "status": "available"
    },
    {
        "id": 9223372036854325663,
        "category": {
            "id": 0,
            "name": "string"
        },
        "name": "doggie",
        "photoUrls": [
            "string"
        ],
        "tags": [
            {
                "id": 0,
                "name": "string"
            }
        ],
        "status": "available"
    },
    {
        "id": 9223372036854325664,
        "category": {
            "id": 0,
            "name": "string"
        },
        "name": "doggie",
        "photoUrls": [
            "string"
        ],
        "tags": [
            {
                "id": 0,
                "name": "string"
            }
        ],
        "status": "available"
    },
    {
        "id": 9223372036854325665,
        "category": {
            "id": 0,
            "name": "string"
        },
        "name": "Miel",
        "photoUrls": [
            "string"
        ],
        "tags": [
            {
                "id": 0,
                "name": "string"
            }
        ],
        "status": "available"
    },
    {
        "id": 9223372036854325667,
        "category": {
            "id": 0,
            "name": "string"
        },
        "name": "doggie",
        "photoUrls": [
            "string"
        ],
        "tags": [
            {
                "id": 0,
                "name": "string"
            }
        ],
        "status": "available"
    },
    {
        "id": 9223372036854325669,
        "category": {
            "id": 100,
            "name": "Dinosaur"
        },
        "name": "Tyrannosaurus",
        "photoUrls": [
            "http://en.wikipedia.org/wiki/Tyrannosaurus#/media/File:Tyrannosaurus_rex_mmartyniuk.png"
        ],
        "tags": [
            {
                "id": 100,
                "name": "reptile"
            },
            {
                "id": 101,
                "name": "dinosaur"
            }
        ],
        "status": "available"
    },
    {
        "id": 9223372036854325670,
        "category": {
            "id": 0,
            "name": "string"
        },
        "name": "doggie",
        "photoUrls": [
            "string"
        ],
        "tags": [
            {
                "id": 0,
                "name": "string"
            }
        ],
        "status": "available"
    },
    {
        "id": 9223372036854325671,
        "category": {
            "id": 0,
            "name": "string"
        },
        "name": "doggie",
        "photoUrls": [
            "string"
        ],
        "tags": [
            {
                "id": 0,
                "name": "string"
            }
        ],
        "status": "available"
    },
    {
        "id": 9223372036854325673,
        "category": {
            "id": 0,
            "name": "string"
        },
        "name": "doggie",
        "photoUrls": [
            "string"
        ],
        "tags": [
            {
                "id": 0,
                "name": "string"
            }
        ],
        "status": "available"
    },
    {
        "id": 9223372036854325674,
        "category": {
            "id": 0,
            "name": "string"
        },
        "name": "doggie",
        "photoUrls": [
            "string"
        ],
        "tags": [
            {
                "id": 0,
                "name": "string"
            }
        ],
        "status": "available"
    },
    {
        "id": 9223372036854325676,
        "category": {
            "id": 0,
            "name": "string"
        },
        "name": "fish",
        "photoUrls": [
            "string"
        ],
        "tags": [
            {
                "id": 0,
                "name": "string"
            }
        ],
        "status": "available"
    },
    {
        "id": 9223372036854325681,
        "category": {
            "id": 0,
            "name": "string"
        },
        "name": "doggie",
        "photoUrls": [
            "string"
        ],
        "tags": [
            {
                "id": 0,
                "name": "string"
            }
        ],
        "status": "available"
    },
    {
        "id": 9223372036854325682,
        "category": {
            "id": 100,
            "name": "Dinosaur"
        },
        "name": "Tyrannosaurus",
        "photoUrls": [
            "http://en.wikipedia.org/wiki/Tyrannosaurus#/media/File:Tyrannosaurus_rex_mmartyniuk.png"
        ],
        "tags": [
            {
                "id": 100,
                "name": "reptile"
            },
            {
                "id": 101,
                "name": "dinosaur"
            }
        ],
        "status": "available"
    },
    {
        "id": 9223372036854325684,
        "category": {
            "id": 0,
            "name": "string"
        },
        "name": "Miel",
        "photoUrls": [
            "string"
        ],
        "tags": [
            {
                "id": 0,
                "name": "string"
            }
        ],
        "status": "available"
    },
    {
        "id": 9223372036854325686,
        "category": {
            "id": 100,
            "name": "Dinosaur"
        },
        "name": "Tyrannosaurus",
        "photoUrls": [
            "http://en.wikipedia.org/wiki/Tyrannosaurus#/media/File:Tyrannosaurus_rex_mmartyniuk.png"
        ],
        "tags": [
            {
                "id": 100,
                "name": "reptile"
            },
            {
                "id": 101,
                "name": "dinosaur"
            }
        ],
        "status": "available"
    },
    {
        "id": 9223372036854325687,
        "category": {
            "id": 0,
            "name": "string"
        },
        "name": "fish",
        "photoUrls": [
            "string"
        ],
        "tags": [
            {
                "id": 0,
                "name": "string"
            }
        ],
        "status": "available"
    },
    {
        "id": 9222968140491042131,
        "category": {
            "id": 0,
            "name": "string"
        },
        "name": "doggie",
        "photoUrls": [
            "string"
        ],
        "tags": [
            {
                "id": 0,
                "name": "string"
            }
        ],
        "status": "available"
    },
    {
        "id": 9223372036854325688,
        "category": {
            "id": 0,
            "name": "string"
        },
        "name": "doggie",
        "photoUrls": [
            "string"
        ],
        "tags": [
            {
                "id": 0,
                "name": "string"
            }
        ],
        "status": "available"
    },
    {
        "id": 9223372036854325689,
        "category": {
            "id": 0,
            "name": "string"
        },
        "name": "doggie",
        "photoUrls": [
            "string"
        ],
        "tags": [
            {
                "id": 0,
                "name": "string"
            }
        ],
        "status": "available"
    },
    {
        "id": 9223372036854325690,
        "category": {
            "id": 0,
            "name": "string"
        },
        "name": "fish",
        "photoUrls": [
            "string"
        ],
        "tags": [
            {
                "id": 0,
                "name": "string"
            }
        ],
        "status": "available"
    },
    {
        "id": 9223372036854325691,
        "category": {
            "id": 100,
            "name": "Dinosaur"
        },
        "name": "Tyrannosaurus",
        "photoUrls": [
            "http://en.wikipedia.org/wiki/Tyrannosaurus#/media/File:Tyrannosaurus_rex_mmartyniuk.png"
        ],
        "tags": [
            {
                "id": 100,
                "name": "reptile"
            },
            {
                "id": 101,
                "name": "dinosaur"
            }
        ],
        "status": "available"
    },
    {
        "id": 9223372036854325695,
        "category": {
            "id": 0,
            "name": "string"
        },
        "name": "Puff",
        "photoUrls": [
            "string"
        ],
        "tags": [
            {
                "id": 0,
                "name": "string"
            }
        ],
        "status": "available"
    },
    {
        "id": 9223372036854325696,
        "category": {
            "id": 100,
            "name": "Dinosaur"
        },
        "name": "Tyrannosaurus",
        "photoUrls": [
            "http://en.wikipedia.org/wiki/Tyrannosaurus#/media/File:Tyrannosaurus_rex_mmartyniuk.png"
        ],
        "tags": [
            {
                "id": 100,
                "name": "reptile"
            },
            {
                "id": 101,
                "name": "dinosaur"
            }
        ],
        "status": "available"
    },
    {
        "id": 555,
        "category": {
            "id": 79,
            "name": "dog"
        },
        "name": "Letitia",
        "photoUrls": [
            
        ],
        "tags": [
            
        ],
        "status": "available"
    },
    {
        "id": 9223372036854325698,
        "category": {
            "id": 100,
            "name": "Dinosaur"
        },
        "name": "Tyrannosaurus",
        "photoUrls": [
            "http://en.wikipedia.org/wiki/Tyrannosaurus#/media/File:Tyrannosaurus_rex_mmartyniuk.png"
        ],
        "tags": [
            {
                "id": 100,
                "name": "reptile"
            },
            {
                "id": 101,
                "name": "dinosaur"
            }
        ],
        "status": "available"
    },
    {
        "id": 9223372036854325704,
        "category": {
            "id": 100,
            "name": "Dinosaur"
        },
        "name": "Tyrannosaurus",
        "photoUrls": [
            "http://en.wikipedia.org/wiki/Tyrannosaurus#/media/File:Tyrannosaurus_rex_mmartyniuk.png"
        ],
        "tags": [
            {
                "id": 100,
                "name": "reptile"
            },
            {
                "id": 101,
                "name": "dinosaur"
            }
        ],
        "status": "available"
    },
    {
        "id": 9223372036854325710,
        "category": {
            "id": 0,
            "name": "string"
        },
        "name": "fish",
        "photoUrls": [
            "string"
        ],
        "tags": [
            {
                "id": 0,
                "name": "string"
            }
        ],
        "status": "available"
    },
    {
        "id": 9223372036854325713,
        "category": {
            "id": 0,
            "name": "string"
        },
        "name": "fish",
        "photoUrls": [
            "string"
        ],
        "tags": [
            {
                "id": 0,
                "name": "string"
            }
        ],
        "status": "available"
    },
    {
        "id": 9223372036854325714,
        "category": {
            "id": 0,
            "name": "string"
        },
        "name": "fish",
        "photoUrls": [
            "string"
        ],
        "tags": [
            {
                "id": 0,
                "name": "string"
            }
        ],
        "status": "available"
    },
    {
        "id": 9223372036854325715,
        "category": {
            "id": 100,
            "name": "Dinosaur"
        },
        "name": "Tyrannosaurus",
        "photoUrls": [
            "http://en.wikipedia.org/wiki/Tyrannosaurus#/media/File:Tyrannosaurus_rex_mmartyniuk.png"
        ],
        "tags": [
            {
                "id": 100,
                "name": "reptile"
            },
            {
                "id": 101,
                "name": "dinosaur"
            }
        ],
        "status": "available"
    },
    {
        "id": 9223372036854325720,
        "category": {
            "id": 0,
            "name": "string"
        },
        "name": "doggie",
        "photoUrls": [
            "string"
        ],
        "tags": [
            {
                "id": 0,
                "name": "string"
            }
        ],
        "status": "available"
    },
    {
        "id": 9223372036854325721,
        "category": {
            "id": 100,
            "name": "Dinosaur"
        },
        "name": "Tyrannosaurus",
        "photoUrls": [
            "http://en.wikipedia.org/wiki/Tyrannosaurus#/media/File:Tyrannosaurus_rex_mmartyniuk.png"
        ],
        "tags": [
            {
                "id": 100,
                "name": "reptile"
            },
            {
                "id": 101,
                "name": "dinosaur"
            }
        ],
        "status": "available"
    },
    {
        "id": 9223372036854325722,
        "category": {
            "id": 100,
            "name": "Dinosaur"
        },
        "name": "Tyrannosaurus",
        "photoUrls": [
            "http://en.wikipedia.org/wiki/Tyrannosaurus#/media/File:Tyrannosaurus_rex_mmartyniuk.png"
        ],
        "tags": [
            {
                "id": 100,
                "name": "reptile"
            },
            {
                "id": 101,
                "name": "dinosaur"
            }
        ],
        "status": "available"
    },
    {
        "id": 9223372036854325728,
        "category": {
            "id": 0,
            "name": "string"
        },
        "name": "doggie",
        "photoUrls": [
            "string"
        ],
        "tags": [
            {
                "id": 0,
                "name": "string"
            }
        ],
        "status": "available"
    },
    {
        "id": 9223372036854325729,
        "category": {
            "id": 100,
            "name": "Dinosaur"
        },
        "name": "Tyrannosaurus",
        "photoUrls": [
            "http://en.wikipedia.org/wiki/Tyrannosaurus#/media/File:Tyrannosaurus_rex_mmartyniuk.png"
        ],
        "tags": [
            {
                "id": 100,
                "name": "reptile"
            },
            {
                "id": 101,
                "name": "dinosaur"
            }
        ],
        "status": "available"
    },
    {
        "id": 9223372036854325732,
        "category": {
            "id": 0,
            "name": "string"
        },
        "name": "doggie",
        "photoUrls": [
            "string"
        ],
        "tags": [
            {
                "id": 0,
                "name": "string"
            }
        ],
        "status": "available"
    },
    {
        "id": 9223372036854325751,
        "category": {
            "id": 100,
            "name": "Dinosaur"
        },
        "name": "Tyrannosaurus",
        "photoUrls": [
            "http://en.wikipedia.org/wiki/Tyrannosaurus#/media/File:Tyrannosaurus_rex_mmartyniuk.png"
        ],
        "tags": [
            {
                "id": 100,
                "name": "reptile"
            },
            {
                "id": 101,
                "name": "dinosaur"
            }
        ],
        "status": "available"
    },
    {
        "id": 922337203685477590,
        "name": "chedder-89811222",
        "photoUrls": [
            "./dog.png"
        ],
        "tags": [
            
        ],
        "status": "pending"
    },
    {
        "id": 9223372036854325767,
        "category": {
            "id": 100,
            "name": "Dinosaur"
        },
        "name": "Tyrannosaurus",
        "photoUrls": [
            "http://en.wikipedia.org/wiki/Tyrannosaurus#/media/File:Tyrannosaurus_rex_mmartyniuk.png"
        ],
        "tags": [
            {
                "id": 100,
                "name": "reptile"
            },
            {
                "id": 101,
                "name": "dinosaur"
            }
        ],
        "status": "available"
    },
    {
        "id": 9223372036854325773,
        "category": {
            "id": 100,
            "name": "Dinosaur"
        },
        "name": "Tyrannosaurus",
        "photoUrls": [
            "http://en.wikipedia.org/wiki/Tyrannosaurus#/media/File:Tyrannosaurus_rex_mmartyniuk.png"
        ],
        "tags": [
            {
                "id": 100,
                "name": "reptile"
            },
            {
                "id": 101,
                "name": "dinosaur"
            }
        ],
        "status": "available"
    },
    {
        "id": 9223372036854325783,
        "category": {
            "id": 100,
            "name": "Dinosaur"
        },
        "name": "Tyrannosaurus",
        "photoUrls": [
            "http://en.wikipedia.org/wiki/Tyrannosaurus#/media/File:Tyrannosaurus_rex_mmartyniuk.png"
        ],
        "tags": [
            {
                "id": 100,
                "name": "reptile"
            },
            {
                "id": 101,
                "name": "dinosaur"
            }
        ],
        "status": "available"
    },
    {
        "id": 9223372036854325788,
        "category": {
            "id": 100,
            "name": "Dinosaur"
        },
        "name": "Tyrannosaurus",
        "photoUrls": [
            "http://en.wikipedia.org/wiki/Tyrannosaurus#/media/File:Tyrannosaurus_rex_mmartyniuk.png"
        ],
        "tags": [
            {
                "id": 100,
                "name": "reptile"
            },
            {
                "id": 101,
                "name": "dinosaur"
            }
        ],
        "status": "available"
    },
    {
        "id": 9223372036854325789,
        "category": {
            "id": 0,
            "name": "string"
        },
        "name": "fish",
        "photoUrls": [
            "string"
        ],
        "tags": [
            {
                "id": 0,
                "name": "string"
            }
        ],
        "status": "available"
    },
    {
        "id": 9223372036854325792,
        "category": {
            "id": 0,
            "name": "string"
        },
        "name": "doggie",
        "photoUrls": [
            "string"
        ],
        "tags": [
            {
                "id": 0,
                "name": "string"
            }
        ],
        "status": "available"
    },
    {
        "id": 9223372036854325793,
        "category": {
            "id": 0,
            "name": "string"
        },
        "name": "doggie",
        "photoUrls": [
            "string"
        ],
        "tags": [
            {
                "id": 0,
                "name": "string"
            }
        ],
        "status": "available"
    },
    {
        "id": 9223372036854325797,
        "category": {
            "id": 0,
            "name": "string"
        },
        "name": "fish",
        "photoUrls": [
            "string"
        ],
        "tags": [
            {
                "id": 0,
                "name": "string"
            }
        ],
        "status": "available"
    },
    {
        "id": 9223372036854325802,
        "category": {
            "id": 0,
            "name": "string"
        },
        "name": "Puff",
        "photoUrls": [
            "string"
        ],
        "tags": [
            {
                "id": 0,
                "name": "string"
            }
        ],
        "status": "available"
    },
    {
        "id": 9223372036854325803,
        "category": {
            "id": 0,
            "name": "string"
        },
        "name": "doggie",
        "photoUrls": [
            "string"
        ],
        "tags": [
            {
                "id": 0,
                "name": "string"
            }
        ],
        "status": "available"
    },
    {
        "id": 9223372036854325807,
        "category": {
            "id": 0,
            "name": "string"
        },
        "name": "doggie",
        "photoUrls": [
            "string"
        ],
        "tags": [
            {
                "id": 0,
                "name": "string"
            }
        ],
        "status": "available"
    },
    {
        "id": 9223372036854325808,
        "category": {
            "id": 0,
            "name": "string"
        },
        "name": "doggie",
        "photoUrls": [
            "string"
        ],
        "tags": [
            {
                "id": 0,
                "name": "string"
            }
        ],
        "status": "available"
    },
    {
        "id": 9223372036854325809,
        "category": {
            "id": 0,
            "name": "string"
        },
        "name": "doggie",
        "photoUrls": [
            "string"
        ],
        "tags": [
            {
                "id": 0,
                "name": "string"
            }
        ],
        "status": "available"
    },
    {
        "id": 9223372036854325810,
        "category": {
            "id": 100,
            "name": "Dinosaur"
        },
        "name": "Tyrannosaurus",
        "photoUrls": [
            "http://en.wikipedia.org/wiki/Tyrannosaurus#/media/File:Tyrannosaurus_rex_mmartyniuk.png"
        ],
        "tags": [
            {
                "id": 100,
                "name": "reptile"
            },
            {
                "id": 101,
                "name": "dinosaur"
            }
        ],
        "status": "available"
    },
    {
        "id": 9223372036854325811,
        "category": {
            "id": 0,
            "name": "string"
        },
        "name": "fish",
        "photoUrls": [
            "string"
        ],
        "tags": [
            {
                "id": 0,
                "name": "string"
            }
        ],
        "status": "available"
    },
    {
        "id": 9223372036854325812,
        "category": {
            "id": 0,
            "name": "string"
        },
        "name": "doggie",
        "photoUrls": [
            "string"
        ],
        "tags": [
            {
                "id": 0,
                "name": "string"
            }
        ],
        "status": "available"
    },
    {
        "id": 9223372036854325814,
        "category": {
            "id": 100,
            "name": "Dinosaur"
        },
        "name": "Tyrannosaurus",
        "photoUrls": [
            "http://en.wikipedia.org/wiki/Tyrannosaurus#/media/File:Tyrannosaurus_rex_mmartyniuk.png"
        ],
        "tags": [
            {
                "id": 100,
                "name": "reptile"
            },
            {
                "id": 101,
                "name": "dinosaur"
            }
        ],
        "status": "available"
    },
    {
        "id": 9223372036854325815,
        "category": {
            "id": 0,
            "name": "string"
        },
        "name": "doggie",
        "photoUrls": [
            "string"
        ],
        "tags": [
            {
                "id": 0,
                "name": "string"
            }
        ],
        "status": "available"
    },
    {
        "id": 9223372036854325818,
        "category": {
            "id": 100,
            "name": "Dinosaur"
        },
        "name": "Tyrannosaurus",
        "photoUrls": [
            "http://en.wikipedia.org/wiki/Tyrannosaurus#/media/File:Tyrannosaurus_rex_mmartyniuk.png"
        ],
        "tags": [
            {
                "id": 100,
                "name": "reptile"
            },
            {
                "id": 101,
                "name": "dinosaur"
            }
        ],
        "status": "available"
    },
    {
        "id": 9223372036854325819,
        "category": {
            "id": 0,
            "name": "string"
        },
        "name": "doggie",
        "photoUrls": [
            "string"
        ],
        "tags": [
            {
                "id": 0,
                "name": "string"
            }
        ],
        "status": "available"
    },
    {
        "id": 9223372036854325820,
        "category": {
            "id": 0,
            "name": "string"
        },
        "name": "doggie",
        "photoUrls": [
            "string"
        ],
        "tags": [
            {
                "id": 0,
                "name": "string"
            }
        ],
        "status": "available"
    },
    {
        "id": 9223372036854325821,
        "category": {
            "id": 0,
            "name": "string"
        },
        "name": "doggie",
        "photoUrls": [
            "string"
        ],
        "tags": [
            {
                "id": 0,
                "name": "string"
            }
        ],
        "status": "available"
    },
    {
        "id": 9223372036854325822,
        "category": {
            "id": 0,
            "name": "string"
        },
        "name": "fish",
        "photoUrls": [
            "string"
        ],
        "tags": [
            {
                "id": 0,
                "name": "string"
            }
        ],
        "status": "available"
    },
    {
        "id": 9223372036854325823,
        "category": {
            "id": 100,
            "name": "Dinosaur"
        },
        "name": "Tyrannosaurus",
        "photoUrls": [
            "http://en.wikipedia.org/wiki/Tyrannosaurus#/media/File:Tyrannosaurus_rex_mmartyniuk.png"
        ],
        "tags": [
            {
                "id": 100,
                "name": "reptile"
            },
            {
                "id": 101,
                "name": "dinosaur"
            }
        ],
        "status": "available"
    },
    {
        "id": 9223372036854325824,
        "category": {
            "id": 0,
            "name": "Чарли-2"
        },
        "name": "doggie",
        "photoUrls": [
            "string"
        ],
        "tags": [
            {
                "id": 0,
                "name": "string"
            }
        ],
        "status": "available"
    },
    {
        "id": 9223372036854325833,
        "category": {
            "id": 100,
            "name": "Dinosaur"
        },
        "name": "Tyrannosaurus",
        "photoUrls": [
            "http://en.wikipedia.org/wiki/Tyrannosaurus#/media/File:Tyrannosaurus_rex_mmartyniuk.png"
        ],
        "tags": [
            {
                "id": 100,
                "name": "reptile"
            },
            {
                "id": 101,
                "name": "dinosaur"
            }
        ],
        "status": "available"
    },
    {
        "id": 9223372036854325834,
        "category": {
            "id": 100,
            "name": "Dinosaur"
        },
        "name": "Tyrannosaurus",
        "photoUrls": [
            "http://en.wikipedia.org/wiki/Tyrannosaurus#/media/File:Tyrannosaurus_rex_mmartyniuk.png"
        ],
        "tags": [
            {
                "id": 100,
                "name": "reptile"
            },
            {
                "id": 101,
                "name": "dinosaur"
            }
        ],
        "status": "available"
    },
    {
        "id": 9223372036854325836,
        "category": {
            "id": 100,
            "name": "Dinosaur"
        },
        "name": "Tyrannosaurus",
        "photoUrls": [
            "http://en.wikipedia.org/wiki/Tyrannosaurus#/media/File:Tyrannosaurus_rex_mmartyniuk.png"
        ],
        "tags": [
            {
                "id": 100,
                "name": "reptile"
            },
            {
                "id": 101,
                "name": "dinosaur"
            }
        ],
        "status": "available"
    },
    {
        "id": 9223372036854325837,
        "category": {
            "id": 0,
            "name": "string"
        },
        "name": "doggie",
        "photoUrls": [
            "string"
        ],
        "tags": [
            {
                "id": 0,
                "name": "string"
            }
        ],
        "status": "available"
    },
    {
        "id": 9223372036854325839,
        "category": {
            "id": 100,
            "name": "Dinosaur"
        },
        "name": "Tyrannosaurus",
        "photoUrls": [
            "http://en.wikipedia.org/wiki/Tyrannosaurus#/media/File:Tyrannosaurus_rex_mmartyniuk.png"
        ],
        "tags": [
            {
                "id": 100,
                "name": "reptile"
            },
            {
                "id": 101,
                "name": "dinosaur"
            }
        ],
        "status": "available"
    }
]
]]></system-out>
  </testcase>
  <testcase name="addNewPetToStore on addNewPetToStore(com.petstore.tests.Pet.PetUpdateTest)" classname="com.petstore.tests.Pet.PetUpdateTest" time="2.345">
    <system-out><![CDATA[Response Body: {"id":6,"category":{"id":5,"name":"Jc"},"name":"Rhona","photoUrls":["dummyPhotoURL"],"tags":[{"id":45123,"name":"dolores"}],"status":"available"}
{
    "id": 6,
    "category": {
        "id": 5,
        "name": "Jc"
    },
    "name": "Rhona",
    "photoUrls": [
        "dummyPhotoURL"
    ],
    "tags": [
        {
            "id": 45123,
            "name": "dolores"
        }
    ],
    "status": "available"
}
]]></system-out>
  </testcase>
  <testcase name="testUpdatePet on testUpdatePet(com.petstore.tests.Pet.PetUpdateWithFormTest)" classname="com.petstore.tests.Pet.PetUpdateWithFormTest" time="1.263">
    <system-out><![CDATA[{
    "code": 200,
    "type": "unknown",
    "message": "222"
}
]]></system-out>
  </testcase>
  <testcase name="testUploadPetImage on testUploadPetImage(com.petstore.tests.Pet.PetUploadImageTest)" classname="com.petstore.tests.Pet.PetUploadImageTest" time="4.111">
    <system-out><![CDATA[Response Body: {"code":200,"type":"unknown","message":"additionalMetadata: null\nFile uploaded to ./dog.jpg, 5061799 bytes"}
Response Headers: Date=Thu, 08 Feb 2024 08:14:03 GMT
Content-Type=application/json
Transfer-Encoding=chunked
Connection=keep-alive
Access-Control-Allow-Origin=*
Access-Control-Allow-Methods=GET, POST, DELETE, PUT
Access-Control-Allow-Headers=Content-Type, api_key, Authorization
Server=Jetty(9.2.9.v20150224)
{
    "code": 200,
    "type": "unknown",
    "message": "additionalMetadata: null\nFile uploaded to ./dog.jpg, 5061799 bytes"
}
]]></system-out>
  </testcase>
  <testcase name="deletePet on deletePet(com.petstore.tests.store.DeletePetByOrderIdTest)" classname="com.petstore.tests.store.DeletePetByOrderIdTest" time="1.253">
    <system-out><![CDATA[Response Body: {"code":404,"type":"unknown","message":"Order Not Found"}
Response headers: Date=Thu, 08 Feb 2024 08:14:04 GMT
Content-Type=application/json
Transfer-Encoding=chunked
Connection=keep-alive
Access-Control-Allow-Origin=*
Access-Control-Allow-Methods=GET, POST, DELETE, PUT
Access-Control-Allow-Headers=Content-Type, api_key, Authorization
Server=Jetty(9.2.9.v20150224)
{
    "code": 404,
    "type": "unknown",
    "message": "Order Not Found"
}
]]></system-out>
  </testcase>
  <testcase name="testFindPetsByStatus on testFindPetsByStatus(com.petstore.tests.store.FindPurchaseOrderByIdTest)" classname="com.petstore.tests.store.FindPurchaseOrderByIdTest" time="1.152">
    <system-out><![CDATA[Response Body: {"id":999,"petId":222,"quantity":3,"shipDate":"2024-02-07T00:00:00.000+0000","status":"placed","complete":true}
Response Headers: Date=Thu, 08 Feb 2024 08:14:05 GMT
Content-Type=application/json
Transfer-Encoding=chunked
Connection=keep-alive
Access-Control-Allow-Origin=*
Access-Control-Allow-Methods=GET, POST, DELETE, PUT
Access-Control-Allow-Headers=Content-Type, api_key, Authorization
Server=Jetty(9.2.9.v20150224)
{
    "id": 999,
    "petId": 222,
    "quantity": 3,
    "shipDate": "2024-02-07T00:00:00.000+0000",
    "status": "placed",
    "complete": true
}
]]></system-out>
  </testcase>
  <testcase name="deletePet on deletePet(com.petstore.tests.store.GetPetInventoriesByStatusTest)" classname="com.petstore.tests.store.GetPetInventoriesByStatusTest" time="1.142">
    <system-out><![CDATA[Response Body: {"sold":22,"ABC":1,"availablee":1,"string":581,"unavailable":1,"pending":6,"available":336,"not available":1,"peric":3,"Unavailable":1}
Response headers: Date=Thu, 08 Feb 2024 08:14:06 GMT
Content-Type=application/json
Transfer-Encoding=chunked
Connection=keep-alive
Access-Control-Allow-Origin=*
Access-Control-Allow-Methods=GET, POST, DELETE, PUT
Access-Control-Allow-Headers=Content-Type, api_key, Authorization
Server=Jetty(9.2.9.v20150224)
{
    "sold": 22,
    "ABC": 1,
    "availablee": 1,
    "string": 581,
    "unavailable": 1,
    "pending": 6,
    "available": 336,
    "not available": 1,
    "peric": 3,
    "Unavailable": 1
}
]]></system-out>
  </testcase>
  <testcase name="orderPet on orderPet(com.petstore.tests.store.OrderPetTest)" classname="com.petstore.tests.store.OrderPetTest" time="1.169">
    <system-out><![CDATA[Response Body: {"id":999,"petId":222,"quantity":3,"shipDate":"2024-02-07T00:00:00.000+0000","status":"placed","complete":true}
Response headers: Date=Thu, 08 Feb 2024 08:14:08 GMT
Content-Type=application/json
Transfer-Encoding=chunked
Connection=keep-alive
Access-Control-Allow-Origin=*
Access-Control-Allow-Methods=GET, POST, DELETE, PUT
Access-Control-Allow-Headers=Content-Type, api_key, Authorization
Server=Jetty(9.2.9.v20150224)
{
    "id": 999,
    "petId": 222,
    "quantity": 3,
    "shipDate": "2024-02-07T00:00:00.000+0000",
    "status": "placed",
    "complete": true
}
]]></system-out>
  </testcase>
  <testcase name="addNewPetToStore on addNewPetToStore(com.petstore.tests.user.CreateUsersWithListTest)" classname="com.petstore.tests.user.CreateUsersWithListTest" time="1.311">
    <system-out><![CDATA[Response Body: {"code":200,"type":"unknown","message":"ok"}
{
    "code": 200,
    "type": "unknown",
    "message": "ok"
}
]]></system-out>
  </testcase>
  <testcase name="addNewPetToStore on addNewPetToStore(com.petstore.tests.user.CreateUserTest)" classname="com.petstore.tests.user.CreateUserTest" time="1.204">
    <system-out><![CDATA[Response Body: {"code":200,"type":"unknown","message":"1"}
{
    "code": 200,
    "type": "unknown",
    "message": "1"
}
]]></system-out>
  </testcase>
  <testcase name="deleteUser on deleteUser(com.petstore.tests.user.DeleteUserTest)" classname="com.petstore.tests.user.DeleteUserTest" time="1.379">
    <system-out><![CDATA[User{id=1, username='grady.heaney', firstName='Harriette', lastName='Bartoletti', email='libby.gutkowski@yahoo.com', password='h5vgh125dn2s4c8', phone='909.797.9435 x64416', userStatus=3}
Response Body: 
Response headers: Date=Thu, 08 Feb 2024 08:14:11 GMT
Content-Length=0
Connection=keep-alive
Access-Control-Allow-Origin=*
Access-Control-Allow-Methods=GET, POST, DELETE, PUT
Access-Control-Allow-Headers=Content-Type, api_key, Authorization
Server=Jetty(9.2.9.v20150224)

]]></system-out>
  </testcase>
  <testcase name="addNewPetToStore on addNewPetToStore(com.petstore.tests.user.FindListOfUsersWithInputArrayTest)" classname="com.petstore.tests.user.FindListOfUsersWithInputArrayTest" time="1.505">
    <system-out><![CDATA[Response Body: {"code":200,"type":"unknown","message":"ok"}
{
    "code": 200,
    "type": "unknown",
    "message": "ok"
}
]]></system-out>
  </testcase>
  <testcase name="getUserByUsername on getUserByUsername(com.petstore.tests.user.GetUserByUsernameTest)" classname="com.petstore.tests.user.GetUserByUsernameTest" time="1.25">
    <system-out><![CDATA[Response Body: {"code":1,"type":"error","message":"User not found"}
Response headers: Date=Thu, 08 Feb 2024 08:14:14 GMT
Content-Type=application/json
Transfer-Encoding=chunked
Connection=keep-alive
Access-Control-Allow-Origin=*
Access-Control-Allow-Methods=GET, POST, DELETE, PUT
Access-Control-Allow-Headers=Content-Type, api_key, Authorization
Server=Jetty(9.2.9.v20150224)
{
    "code": 1,
    "type": "error",
    "message": "User not found"
}
]]></system-out>
  </testcase>
  <testcase name="getUserByUsername on getUserByUsername(com.petstore.tests.user.UpdateUserTest)" classname="com.petstore.tests.user.UpdateUserTest" time="1.328">
    <system-out><![CDATA[Response Body: {"code":200,"type":"unknown","message":"1"}
Response headers: Date=Thu, 08 Feb 2024 08:14:15 GMT
Content-Type=application/json
Transfer-Encoding=chunked
Connection=keep-alive
Access-Control-Allow-Origin=*
Access-Control-Allow-Methods=GET, POST, DELETE, PUT
Access-Control-Allow-Headers=Content-Type, api_key, Authorization
Server=Jetty(9.2.9.v20150224)
{
    "code": 200,
    "type": "unknown",
    "message": "1"
}
]]></system-out>
  </testcase>
  <testcase name="getUserByUsername on getUserByUsername(com.petstore.tests.user.UserLoginTest)" classname="com.petstore.tests.user.UserLoginTest" time="1.205">
    <system-out><![CDATA[Response Body: {"code":200,"type":"unknown","message":"logged in user session:1707380057263"}
Response headers: Date=Thu, 08 Feb 2024 08:14:17 GMT
Content-Type=application/json
Transfer-Encoding=chunked
Connection=keep-alive
Access-Control-Allow-Origin=*
Access-Control-Allow-Methods=GET, POST, DELETE, PUT
Access-Control-Allow-Headers=Content-Type, api_key, Authorization
X-Expires-After=Thu Feb 08 09:14:17 UTC 2024
X-Rate-Limit=5000
Server=Jetty(9.2.9.v20150224)
{
    "code": 200,
    "type": "unknown",
    "message": "logged in user session:1707380057263"
}
]]></system-out>
  </testcase>
  <testcase name="getUserByUsername on getUserByUsername(com.petstore.tests.user.UserLogoutTest)" classname="com.petstore.tests.user.UserLogoutTest" time="1.115">
    <system-out><![CDATA[Response Body: {"code":200,"type":"unknown","message":"ok"}
Response headers: Date=Thu, 08 Feb 2024 08:14:18 GMT
Content-Type=application/json
Transfer-Encoding=chunked
Connection=keep-alive
Access-Control-Allow-Origin=*
Access-Control-Allow-Methods=GET, POST, DELETE, PUT
Access-Control-Allow-Headers=Content-Type, api_key, Authorization
Server=Jetty(9.2.9.v20150224)
{
    "code": 200,
    "type": "unknown",
    "message": "ok"
}
]]></system-out>
  </testcase>
</testsuite>