<?xml version="1.0" encoding="UTF-8"?>
<!-- Generated by org.testng.reporters.JUnitReportReporter -->
<testsuite hostname="DESKTOP-83EVOGB" failures="0" tests="1" name="com.petstore.tests.user.FindListOfUsersWithInputArrayTest" time="1.498" errors="0" timestamp="2024-02-08T13:44:18 IST" skipped="0">
  <testcase classname="com.petstore.tests.user.FindListOfUsersWithInputArrayTest" name="addNewPetToStore" time="1.498"/>
</testsuite> <!-- com.petstore.tests.user.FindListOfUsersWithInputArrayTest -->
