<?xml version="1.0" encoding="UTF-8"?>
<!-- Generated by org.testng.reporters.JUnitReportReporter -->
<testsuite hostname="DESKTOP-83EVOGB" failures="0" tests="1" name="com.petstore.tests.store.DeletePetByOrderIdTest" time="1.238" errors="0" timestamp="2024-02-08T13:44:18 IST" skipped="0">
  <testcase classname="com.petstore.tests.store.DeletePetByOrderIdTest" name="deletePet" time="1.238"/>
</testsuite> <!-- com.petstore.tests.store.DeletePetByOrderIdTest -->
