<?xml version="1.0" encoding="UTF-8"?>
<!-- Generated by org.testng.reporters.JUnitReportReporter -->
<testsuite hostname="DESKTOP-83EVOGB" failures="0" tests="1" name="com.petstore.tests.Pet.PetUpdateWithFormTest" time="1.252" errors="0" timestamp="2024-02-08T13:44:18 IST" skipped="0">
  <testcase classname="com.petstore.tests.Pet.PetUpdateWithFormTest" name="testUpdatePet" time="1.252"/>
</testsuite> <!-- com.petstore.tests.Pet.PetUpdateWithFormTest -->
