<?xml version="1.0" encoding="UTF-8"?>
<!-- Generated by org.testng.reporters.JUnitReportReporter -->
<testsuite hostname="DESKTOP-83EVOGB" failures="0" tests="1" name="com.petstore.tests.store.GetPetInventoriesByStatusTest" time="1.147" errors="0" timestamp="2024-02-08T13:44:18 IST" skipped="0">
  <testcase classname="com.petstore.tests.store.GetPetInventoriesByStatusTest" name="deletePet" time="1.147"/>
</testsuite> <!-- com.petstore.tests.store.GetPetInventoriesByStatusTest -->
