<?xml version="1.0" encoding="UTF-8"?>
<!-- Generated by org.testng.reporters.JUnitReportReporter -->
<testsuite hostname="DESKTOP-83EVOGB" failures="0" tests="6" name="com.petstore.tests.user.UserOperations" time="13.125" errors="0" timestamp="2024-02-13T13:46:33 IST" skipped="0">
  <testcase classname="com.petstore.tests.user.UserOperations" name="createUser" time="2.437"/>
  <system-out/>
  <testcase classname="com.petstore.tests.user.UserOperations" name="updateUserTest" time="1.145"/>
  <system-out/>
  <testcase classname="com.petstore.tests.user.UserOperations" name="getUsersWithList" time="1.152"/>
  <system-out/>
  <testcase classname="com.petstore.tests.user.UserOperations" name="getUpdateUser" time="3.802"/>
  <system-out/>
  <testcase classname="com.petstore.tests.user.UserOperations" name="getDeleteUser" time="2.319"/>
  <system-out/>
  <testcase classname="com.petstore.tests.user.UserOperations" name="getLogoutUser" time="2.270"/>
  <system-out/>
</testsuite> <!-- com.petstore.tests.user.UserOperations -->
