<?xml version="1.0" encoding="UTF-8"?>
<!-- Generated by org.testng.reporters.JUnitReportReporter -->
<testsuite hostname="DESKTOP-83EVOGB" failures="0" tests="8" name="com.petstore.tests.Pet.PetTest" time="24.296" errors="0" timestamp="2024-02-13T13:46:33 IST" skipped="0">
  <testcase classname="com.petstore.tests.Pet.PetTest" name="addNewPetToStore" time="8.360"/>
  <system-out/>
  <testcase classname="com.petstore.tests.Pet.PetTest" name="findPetByInvalidId" time="1.284"/>
  <system-out/>
  <testcase classname="com.petstore.tests.Pet.PetTest" name="updateAnExistingPet" time="2.486"/>
  <system-out/>
  <testcase classname="com.petstore.tests.Pet.PetTest" name="testFindPetsByStatus" time="1.440"/>
  <system-out/>
  <testcase classname="com.petstore.tests.Pet.PetTest" name="updatePetWithForm" time="2.423"/>
  <system-out/>
  <testcase classname="com.petstore.tests.Pet.PetTest" name="testUploadPetImage" time="4.839"/>
  <system-out/>
  <testcase classname="com.petstore.tests.Pet.PetTest" name="deletePet" time="2.291"/>
  <system-out/>
  <testcase classname="com.petstore.tests.Pet.PetTest" name="deletePetWithInvalidId" time="1.173"/>
  <system-out/>
</testsuite> <!-- com.petstore.tests.Pet.PetTest -->
