<?xml version="1.0" encoding="UTF-8"?>
<!-- Generated by org.testng.reporters.JUnitReportReporter -->
<testsuite hostname="DESKTOP-83EVOGB" failures="0" tests="6" name="com.petstore.tests.store.PetStoreOrders" time="7.016" errors="0" timestamp="2024-02-13T13:46:33 IST" skipped="0">
  <testcase classname="com.petstore.tests.store.PetStoreOrders" name="orderPet" time="1.171"/>
  <system-out/>
  <testcase classname="com.petstore.tests.store.PetStoreOrders" name="getInventoriesByStatus" time="1.152"/>
  <system-out/>
  <testcase classname="com.petstore.tests.store.PetStoreOrders" name="testFindPetsByStatus" time="1.204"/>
  <system-out/>
  <testcase classname="com.petstore.tests.store.PetStoreOrders" name="testFindPetsByStatusWithInvalidOrderId" time="1.136"/>
  <system-out/>
  <testcase classname="com.petstore.tests.store.PetStoreOrders" name="deletePet" time="1.230"/>
  <system-out/>
  <testcase classname="com.petstore.tests.store.PetStoreOrders" name="deletePetWithInvalidOrderId" time="1.123"/>
  <system-out/>
</testsuite> <!-- com.petstore.tests.store.PetStoreOrders -->
